WARNING(46): Variable 'trousers' may be uninitialized when used here.
WARNING(62): Variable 'Wensleydale' may be uninitialized when used here.
WARNING(58): The variable 'c' seems not to be used.
WARNING(54): The variable 'cheese' seems not to be used.
WARNING(59): The variable 'i' seems not to be used.
WARNING(54): The variable 'launch' seems not to be used.
WARNING(70): The variable 'skein' seems not to be used.
WARNING(82): Variable 'chicken' may be uninitialized when used here.
WARNING(82): Variable 'run' may be uninitialized when used here.
WARNING(85): Variable 'wallace' may be uninitialized when used here.
WARNING(85): Variable 'gromit' may be uninitialized when used here.
WARNING(90): The variable 'y' seems not to be used.
WARNING(98): The variable 'pastry' seems not to be used.
WARNING(125): Variable 'yarn' may be uninitialized when used here.
WARNING(127): Variable 'preston' may be uninitialized when used here.
WARNING(127): Variable 'shaun' may be uninitialized when used here.
WARNING(116): The variable 'wool' seems not to be used.
Var: gromit of type int [line: 6]
Sibling: 1  Var: mysteriousPenguin of type int [line: 6]
Sibling: 2  Func: wallace returns type void [line: 9]
.   Child: 0  Parm: wrong of type int [line: 9]
.   Sibling: 1  Parm: trousers of type int [line: 9]
.   Child: 1  Compound [line: 10]
.   .   Child: 0  Var: close of type bool [line: 11]
.   .   .   Child: 0  Const true of type bool [line: 11]
.   .   Sibling: 1  Var: shave of type bool [line: 11]
.   .   .   Child: 0  Const false of type bool [line: 11]
.   .   Sibling: 2  Var: cheese of type int [line: 12]
.   .   .   Child: 0  Const 17 of type int [line: 12]
.   .   Child: 1  Const 1729 of type int [line: 14]
.   .   Sibling: 1  Id: close of type bool [line: 15]
.   .   Sibling: 2  Op: + of type int [line: 16]
.   .   .   Child: 0  Op: * of type int [line: 16]
.   .   .   .   Child: 0  Const 11 of type int [line: 16]
.   .   .   .   Child: 1  Const 22 of type int [line: 16]
.   .   .   Child: 1  Op: * of type int [line: 16]
.   .   .   .   Child: 0  Const 33 of type int [line: 16]
.   .   .   .   Child: 1  Const 44 of type int [line: 16]
.   .   Sibling: 3  Assign: <- of type bool [line: 17]
.   .   .   Child: 0  Id: close of type bool [line: 17]
.   .   .   Child: 1  Id: shave of type bool [line: 17]
.   .   Sibling: 4  Assign: <- of type int [line: 18]
.   .   .   Child: 0  Id: wrong of type int [line: 18]
.   .   .   Child: 1  Op: % of type int [line: 18]
.   .   .   .   Child: 0  Id: trousers of type int [line: 18]
.   .   .   .   Child: 1  Op: / of type int [line: 18]
.   .   .   .   .   Child: 0  Const 666 of type int [line: 18]
.   .   .   .   .   Child: 1  Id: wrong of type int [line: 18]
.   .   Sibling: 5  Assign: <- of type int [line: 19]
.   .   .   Child: 0  Id: gromit of type int [line: 19]
.   .   .   Child: 1  Op: + of type int [line: 19]
.   .   .   .   Child: 0  Op: - of type int [line: 19]
.   .   .   .   .   Child: 0  Op: * of type int [line: 19]
.   .   .   .   .   .   Child: 0  Id: wrong of type int [line: 19]
.   .   .   .   .   .   Child: 1  Id: trousers of type int [line: 19]
.   .   .   .   .   Child: 1  Id: gromit of type int [line: 19]
.   .   .   .   Child: 1  Op: chsign of type int [line: 19]
.   .   .   .   .   Child: 0  Const 42 of type int [line: 19]
.   .   Sibling: 6  Assign: += of type int [line: 20]
.   .   .   Child: 0  Id: gromit of type int [line: 20]
.   .   .   Child: 1  Const 27182818 of type int [line: 20]
.   .   Sibling: 7  Assign: -= of type int [line: 21]
.   .   .   Child: 0  Id: gromit of type int [line: 21]
.   .   .   Child: 1  Op: chsign of type int [line: 21]
.   .   .   .   Child: 0  Const 31415927 of type int [line: 21]
.   .   Sibling: 8  Assign: /= of type int [line: 22]
.   .   .   Child: 0  Id: gromit of type int [line: 22]
.   .   .   Child: 1  Assign: *= of type int [line: 22]
.   .   .   .   Child: 0  Id: wrong of type int [line: 22]
.   .   .   .   Child: 1  Const 42 of type int [line: 22]
.   .   Sibling: 9  Assign: <- of type bool [line: 23]
.   .   .   Child: 0  Id: close of type bool [line: 23]
.   .   .   Child: 1  Op: and of type bool [line: 23]
.   .   .   .   Child: 0  Op: < of type bool [line: 23]
.   .   .   .   .   Child: 0  Id: wrong of type int [line: 23]
.   .   .   .   .   Child: 1  Id: trousers of type int [line: 23]
.   .   .   .   Child: 1  Op: <= of type bool [line: 23]
.   .   .   .   .   Child: 0  Id: trousers of type int [line: 23]
.   .   .   .   .   Child: 1  Id: gromit of type int [line: 23]
.   .   Sibling: 10  Assign: <- of type bool [line: 24]
.   .   .   Child: 0  Id: shave of type bool [line: 24]
.   .   .   Child: 1  Op: and of type bool [line: 24]
.   .   .   .   Child: 0  Op: > of type bool [line: 24]
.   .   .   .   .   Child: 0  Id: wrong of type int [line: 24]
.   .   .   .   .   Child: 1  Id: trousers of type int [line: 24]
.   .   .   .   Child: 1  Op: >= of type bool [line: 24]
.   .   .   .   .   Child: 0  Id: trousers of type int [line: 24]
.   .   .   .   .   Child: 1  Id: gromit of type int [line: 24]
.   .   Sibling: 11  Compound [line: 25]
.   .   .   Child: 0  Var: a of type int [line: 26]
.   .   .   Sibling: 1  Var: grand of type int [line: 26]
.   .   .   .   Child: 0  Op: / of type int [line: 26]
.   .   .   .   .   Child: 0  Const 1 of type int [line: 26]
.   .   .   .   .   Child: 1  Const 2 of type int [line: 26]
.   .   .   Sibling: 2  Var: day of type int [line: 26]
.   .   .   .   Child: 0  Op: * of type int [line: 26]
.   .   .   .   .   Child: 0  Const 3 of type int [line: 26]
.   .   .   .   .   Child: 1  Const 4 of type int [line: 26]
.   .   .   Sibling: 3  Var: out of type int [line: 26]
.   .   .   .   Child: 0  Op: chsign of type int [line: 26]
.   .   .   .   .   Child: 0  Const 9 of type int [line: 26]
.   .   .   Child: 1  Assign: <- of type int [line: 27]
.   .   .   .   Child: 0  Id: a of type int [line: 27]
.   .   .   .   Child: 1  Assign: += of type int [line: 27]
.   .   .   .   .   Child: 0  Id: grand of type int [line: 27]
.   .   .   .   .   Child: 1  Assign: -= of type int [line: 27]
.   .   .   .   .   .   Child: 0  Id: day of type int [line: 27]
.   .   .   .   .   .   Child: 1  Id: out of type int [line: 27]
.   .   Sibling: 12  Assign: <- of type bool [line: 29]
.   .   .   Child: 0  Id: close of type bool [line: 29]
.   .   .   Child: 1  Op: and of type bool [line: 29]
.   .   .   .   Child: 0  Op: < of type bool [line: 29]
.   .   .   .   .   Child: 0  Op: + of type int [line: 29]
.   .   .   .   .   .   Child: 0  Op: * of type int [line: 29]
.   .   .   .   .   .   .   Child: 0  Op: chsign of type int [line: 29]
.   .   .   .   .   .   .   .   Child: 0  Const 1 of type int [line: 29]
.   .   .   .   .   .   .   Child: 1  Const 2 of type int [line: 29]
.   .   .   .   .   .   Child: 1  Const 3 of type int [line: 29]
.   .   .   .   .   Child: 1  Op: * of type int [line: 29]
.   .   .   .   .   .   Child: 0  Const 4 of type int [line: 29]
.   .   .   .   .   .   Child: 1  Const 5 of type int [line: 29]
.   .   .   .   Child: 1  Op: > of type bool [line: 29]
.   .   .   .   .   Child: 0  Op: + of type int [line: 29]
.   .   .   .   .   .   Child: 0  Const 6 of type int [line: 29]
.   .   .   .   .   .   Child: 1  Const 7 of type int [line: 29]
.   .   .   .   .   Child: 1  Op: chsign of type int [line: 29]
.   .   .   .   .   .   Child: 0  Const 3 of type int [line: 29]
.   .   Sibling: 13  Assign: <- of type bool [line: 30]
.   .   .   Child: 0  Id: shave of type bool [line: 30]
.   .   .   Child: 1  Op: or of type bool [line: 30]
.   .   .   .   Child: 0  Const true of type bool [line: 30]
.   .   .   .   Child: 1  Op: and of type bool [line: 30]
.   .   .   .   .   Child: 0  Op: < of type bool [line: 30]
.   .   .   .   .   .   Child: 0  Op: chsign of type int [line: 30]
.   .   .   .   .   .   .   Child: 0  Op: * of type int [line: 30]
.   .   .   .   .   .   .   .   Child: 0  Const 1 of type int [line: 30]
.   .   .   .   .   .   .   .   Child: 1  Op: + of type int [line: 30]
.   .   .   .   .   .   .   .   .   Child: 0  Const 2 of type int [line: 30]
.   .   .   .   .   .   .   .   .   Child: 1  Const 3 of type int [line: 30]
.   .   .   .   .   .   Child: 1  Op: * of type int [line: 30]
.   .   .   .   .   .   .   Child: 0  Const 4 of type int [line: 30]
.   .   .   .   .   .   .   Child: 1  Const 5 of type int [line: 30]
.   .   .   .   .   Child: 1  Op: > of type bool [line: 30]
.   .   .   .   .   .   Child: 0  Op: + of type int [line: 30]
.   .   .   .   .   .   .   Child: 0  Const 6 of type int [line: 30]
.   .   .   .   .   .   .   Child: 1  Const 7 of type int [line: 30]
.   .   .   .   .   .   Child: 1  Op: chsign of type int [line: 30]
.   .   .   .   .   .   .   Child: 0  Const 3 of type int [line: 30]
.   .   Sibling: 14  If [line: 31]
.   .   .   Child: 0  Op: != of type bool [line: 31]
.   .   .   .   Child: 0  Id: shave of type bool [line: 31]
.   .   .   .   Child: 1  Id: close of type bool [line: 31]
.   .   .   Child: 1  Assign: <- of type bool [line: 31]
.   .   .   .   Child: 0  Id: shave of type bool [line: 31]
.   .   .   .   Child: 1  Op: not of type bool [line: 31]
.   .   .   .   .   Child: 0  Id: close of type bool [line: 31]
.   .   Sibling: 15  If [line: 32]
.   .   .   Child: 0  Op: not of type bool [line: 32]
.   .   .   .   Child: 0  Op: or of type bool [line: 32]
.   .   .   .   .   Child: 0  Op: = of type bool [line: 32]
.   .   .   .   .   .   Child: 0  Id: shave of type bool [line: 32]
.   .   .   .   .   .   Child: 1  Id: close of type bool [line: 32]
.   .   .   .   .   Child: 1  Op: not of type bool [line: 32]
.   .   .   .   .   .   Child: 0  Id: close of type bool [line: 32]
.   .   .   Child: 1  Assign: <- of type bool [line: 32]
.   .   .   .   Child: 0  Id: shave of type bool [line: 32]
.   .   .   .   Child: 1  Const true of type bool [line: 32]
.   .   .   Child: 2  Assign: <- of type bool [line: 33]
.   .   .   .   Child: 0  Id: close of type bool [line: 33]
.   .   .   .   Child: 1  Const false of type bool [line: 33]
.   .   Sibling: 16  Assign: <- of type int [line: 34]
.   .   .   Child: 0  Id: mysteriousPenguin of type int [line: 34]
.   .   .   Child: 1  Op: chsign of type int [line: 34]
.   .   .   .   Child: 0  Op: - of type int [line: 34]
.   .   .   .   .   Child: 0  Op: chsign of type int [line: 34]
.   .   .   .   .   .   Child: 0  Op: chsign of type int [line: 34]
.   .   .   .   .   .   .   Child: 0  Const 8 of type int [line: 34]
.   .   .   .   .   Child: 1  Op: chsign of type int [line: 34]
.   .   .   .   .   .   Child: 0  Assign: -- of type int [line: 34]
.   .   .   .   .   .   .   Child: 0  Id: cheese of type int [line: 34]
.   .   Sibling: 17  While [line: 36]
.   .   .   Child: 0  Id: shave of type bool [line: 36]
.   .   .   Child: 1  Compound [line: 36]
.   .   .   .   Child: 0  Var: were of type int [line: 37]
.   .   .   .   Sibling: 1  Var: rabbit of type int [line: 37]
.   .   .   .   Sibling: 2  Var: sheep is array of type int [line: 38]
.   .   .   .   Child: 1  Assign: <- of type int [line: 40]
.   .   .   .   .   Child: 0  Op: [ of type int [line: 40]
.   .   .   .   .   .   Child: 0  Id: sheep of type int [line: 40]
.   .   .   .   .   .   Child: 1  Const 2 of type int [line: 40]
.   .   .   .   .   Child: 1  Const 1618 of type int [line: 40]
.   .   .   .   Sibling: 1  If [line: 41]
.   .   .   .   .   Child: 0  Op: < of type bool [line: 41]
.   .   .   .   .   .   Child: 0  Op: [ of type int [line: 41]
.   .   .   .   .   .   .   Child: 0  Id: sheep of type int [line: 41]
.   .   .   .   .   .   .   Child: 1  Const 2 of type int [line: 41]
.   .   .   .   .   .   Child: 1  Const 496 of type int [line: 41]
.   .   .   .   .   Child: 1  Break [line: 41]
.   .   .   .   Sibling: 2  Call: wallace of type void [line: 42]
.   .   .   .   .   Child: 0  Assign: -- of type int [line: 42]
.   .   .   .   .   .   Child: 0  Id: gromit of type int [line: 42]
.   .   .   .   .   Sibling: 1  Op: - of type int [line: 42]
.   .   .   .   .   .   Child: 0  Id: were of type int [line: 42]
.   .   .   .   .   .   Child: 1  Id: rabbit of type int [line: 42]
.   .   .   .   Sibling: 3  Compound [line: 43]
.   .   .   .   .   Child: 0  Var: the of type int [line: 44]
.   .   .   .   .   Sibling: 1  Var: wrong of type int [line: 44]
.   .   .   .   .   Sibling: 2  Var: trousers of type int [line: 44]
.   .   .   .   .   Child: 1  Assign: <- of type int [line: 46]
.   .   .   .   .   .   Child: 0  Id: the of type int [line: 46]
.   .   .   .   .   .   Child: 1  Assign: += of type int [line: 46]
.   .   .   .   .   .   .   Child: 0  Id: wrong of type int [line: 46]
.   .   .   .   .   .   .   Child: 1  Assign: ++ of type int [line: 46]
.   .   .   .   .   .   .   .   Child: 0  Id: trousers of type int [line: 46]
.   .   .   .   .   Sibling: 1  If [line: 47]
.   .   .   .   .   .   Child: 0  Op: = of type bool [line: 47]
.   .   .   .   .   .   .   Child: 0  Id: were of type int [line: 47]
.   .   .   .   .   .   .   Child: 1  Id: rabbit of type int [line: 47]
.   .   .   .   .   .   Child: 1  Assign: <- of type int [line: 47]
.   .   .   .   .   .   .   Child: 0  Id: were of type int [line: 47]
.   .   .   .   .   .   .   Child: 1  Assign: -- of type int [line: 47]
.   .   .   .   .   .   .   .   Child: 0  Id: wrong of type int [line: 47]
.   .   Sibling: 18  Return [line: 50]
Sibling: 3  Func: penguin returns type bool [line: 54]
.   Child: 0  Parm: Feathers of type char [line: 54]
.   Sibling: 1  Parm: McGraw is array of type char [line: 54]
.   Sibling: 2  Parm: moon of type bool [line: 54]
.   Sibling: 3  Parm: cheese of type bool [line: 54]
.   Sibling: 4  Parm: launch of type int [line: 54]
.   Child: 1  Compound [line: 55]
.   .   Child: 0  Var: tottington of type char [line: 56]
.   .   .   Child: 0  Const 'x' of type char [line: 56]
.   .   Sibling: 1  Var: Wensleydale is array of type char [line: 57]
.   .   Sibling: 2  Var: c of type char [line: 58]
.   .   Sibling: 3  Var: i of type int [line: 59]
.   .   Child: 1  Assign: <- of type char [line: 61]
.   .   .   Child: 0  Id: tottington of type char [line: 61]
.   .   .   Child: 1  Id: Feathers of type char [line: 61]
.   .   Sibling: 1  Assign: <- of type bool [line: 62]
.   .   .   Child: 0  Id: moon of type bool [line: 62]
.   .   .   Child: 1  Op: and of type bool [line: 62]
.   .   .   .   Child: 0  Op: <= of type bool [line: 62]
.   .   .   .   .   Child: 0  Id: McGraw of type char [line: 62]
.   .   .   .   .   Child: 1  Id: Wensleydale of type char [line: 62]
.   .   .   .   Child: 1  Id: moon of type bool [line: 62]
.   .   Sibling: 2  Assign: <- of type char [line: 63]
.   .   .   Child: 0  Id: Wensleydale of type char [line: 63]
.   .   .   Child: 1  Id: McGraw of type char [line: 63]
.   .   Sibling: 3  Assign: <- of type char [line: 64]
.   .   .   Child: 0  Op: [ of type char [line: 64]
.   .   .   .   Child: 0  Id: Wensleydale of type char [line: 64]
.   .   .   .   Child: 1  Op: sizeof of type int [line: 64]
.   .   .   .   .   Child: 0  Id: McGraw of type char [line: 64]
.   .   .   Child: 1  Const 'Q' of type char [line: 64]
.   .   Sibling: 4  Assign: <- of type char [line: 65]
.   .   .   Child: 0  Op: [ of type char [line: 65]
.   .   .   .   Child: 0  Id: McGraw of type char [line: 65]
.   .   .   .   Child: 1  Const 3 of type int [line: 65]
.   .   .   Child: 1  Const 'A' of type char [line: 65]
Sibling: 4  Func: Wendolene returns type int [line: 68]
.   Child: 0  Parm: wool of type int [line: 68]
.   Sibling: 1  Parm: shaun of type bool [line: 68]
.   Sibling: 2  Parm: yarn is array of type int [line: 68]
.   Sibling: 3  Parm: preston is array of type bool [line: 68]
.   Child: 1  Compound [line: 69]
.   .   Child: 0  Var: skein of type int [line: 70]
.   .   Child: 1  Assign: <- of type bool [line: 71]
.   .   .   Child: 0  Op: [ of type bool [line: 71]
.   .   .   .   Child: 0  Id: preston of type bool [line: 71]
.   .   .   .   Child: 1  Const 3 of type int [line: 71]
.   .   .   Child: 1  Op: or of type bool [line: 71]
.   .   .   .   Child: 0  Op: > of type bool [line: 71]
.   .   .   .   .   Child: 0  Op: [ of type int [line: 71]
.   .   .   .   .   .   Child: 0  Id: yarn of type int [line: 71]
.   .   .   .   .   .   Child: 1  Const 1 of type int [line: 71]
.   .   .   .   .   Child: 1  Id: wool of type int [line: 71]
.   .   .   .   Child: 1  Op: not of type bool [line: 71]
.   .   .   .   .   Child: 0  Id: shaun of type bool [line: 71]
.   .   Sibling: 1  Return [line: 72]
.   .   .   Child: 0  Op: + of type int [line: 72]
.   .   .   .   Child: 0  Op: + of type int [line: 72]
.   .   .   .   .   Child: 0  Op: + of type int [line: 72]
.   .   .   .   .   .   Child: 0  Op: + of type int [line: 72]
.   .   .   .   .   .   .   Child: 0  Id: wool of type int [line: 72]
.   .   .   .   .   .   .   Child: 1  Op: [ of type int [line: 72]
.   .   .   .   .   .   .   .   Child: 0  Id: yarn of type int [line: 72]
.   .   .   .   .   .   .   .   Child: 1  Const 0 of type int [line: 72]
.   .   .   .   .   .   Child: 1  Op: sizeof of type int [line: 72]
.   .   .   .   .   .   .   Child: 0  Id: yarn of type int [line: 72]
.   .   .   .   .   Child: 1  Op: [ of type int [line: 72]
.   .   .   .   .   .   Child: 0  Id: yarn of type int [line: 72]
.   .   .   .   .   .   Child: 1  Op: * of type int [line: 72]
.   .   .   .   .   .   .   Child: 0  Const 7 of type int [line: 72]
.   .   .   .   .   .   .   Child: 1  Id: wool of type int [line: 72]
.   .   .   .   Child: 1  Op: [ of type int [line: 72]
.   .   .   .   .   Child: 0  Id: yarn of type int [line: 72]
.   .   .   .   .   Child: 1  Op: - of type int [line: 72]
.   .   .   .   .   .   Child: 0  Op: [ of type int [line: 72]
.   .   .   .   .   .   .   Child: 0  Id: yarn of type int [line: 72]
.   .   .   .   .   .   .   Child: 1  Op: + of type int [line: 72]
.   .   .   .   .   .   .   .   Child: 0  Const 3 of type int [line: 72]
.   .   .   .   .   .   .   .   Child: 1  Op: * of type int [line: 72]
.   .   .   .   .   .   .   .   .   Child: 0  Id: wool of type int [line: 72]
.   .   .   .   .   .   .   .   .   Child: 1  Const 2 of type int [line: 72]
.   .   .   .   .   .   Child: 1  Const 4 of type int [line: 72]
Sibling: 5  Func: ramsBottom returns type bool [line: 76]
.   Child: 1  Compound [line: 77]
.   .   Child: 0  Var: chicken is array of type int [line: 78]
.   .   Sibling: 1  Var: run is array of type bool [line: 79]
.   .   Sibling: 2  Var: wallace is array of type int [line: 80]
.   .   Sibling: 3  Var: gromit is array of type int [line: 80]
.   .   Child: 1  Op: * of type int [line: 82]
.   .   .   Child: 0  Const 42 of type int [line: 82]
.   .   .   Child: 1  Call: Wendolene of type int [line: 82]
.   .   .   .   Child: 0  Op: + of type int [line: 82]
.   .   .   .   .   Child: 0  Op: + of type int [line: 82]
.   .   .   .   .   .   Child: 0  Const 1 of type int [line: 82]
.   .   .   .   .   .   Child: 1  Const 2 of type int [line: 82]
.   .   .   .   .   Child: 1  Const 3 of type int [line: 82]
.   .   .   .   Sibling: 1  Op: or of type bool [line: 82]
.   .   .   .   .   Child: 0  Op: not of type bool [line: 82]
.   .   .   .   .   .   Child: 0  Const true of type bool [line: 82]
.   .   .   .   .   Child: 1  Op: and of type bool [line: 82]
.   .   .   .   .   .   Child: 0  Const true of type bool [line: 82]
.   .   .   .   .   .   Child: 1  Const false of type bool [line: 82]
.   .   .   .   Sibling: 2  Id: chicken of type int [line: 82]
.   .   .   .   Sibling: 3  Id: run of type bool [line: 82]
.   .   Sibling: 1  Op: [ of type bool [line: 83]
.   .   .   Child: 0  Id: run of type bool [line: 83]
.   .   .   Child: 1  Op: - of type int [line: 83]
.   .   .   .   Child: 0  Op: sizeof of type int [line: 83]
.   .   .   .   .   Child: 0  Id: run of type bool [line: 83]
.   .   .   .   Child: 1  Const 1 of type int [line: 83]
.   .   Sibling: 2  Return [line: 85]
.   .   .   Child: 0  Op: not of type bool [line: 85]
.   .   .   .   Child: 0  Op: >= of type bool [line: 85]
.   .   .   .   .   Child: 0  Op: [ of type int [line: 85]
.   .   .   .   .   .   Child: 0  Id: wallace of type int [line: 85]
.   .   .   .   .   .   Child: 1  Const 1 of type int [line: 85]
.   .   .   .   .   Child: 1  Op: * of type int [line: 85]
.   .   .   .   .   .   Child: 0  Op: chsign of type int [line: 85]
.   .   .   .   .   .   .   Child: 0  Op: [ of type int [line: 85]
.   .   .   .   .   .   .   .   Child: 0  Id: gromit of type int [line: 85]
.   .   .   .   .   .   .   .   Child: 1  Const 2 of type int [line: 85]
.   .   .   .   .   .   Child: 1  Const 3 of type int [line: 85]
Sibling: 6  Func: cheese returns type int [line: 88]
.   Child: 0  Parm: x of type int [line: 88]
.   Sibling: 1  Parm: y of type int [line: 88]
.   Child: 1  Compound [line: 88]
.   .   Child: 1  While [line: 88]
.   .   .   Child: 0  Op: > of type bool [line: 88]
.   .   .   .   Child: 0  Id: x of type int [line: 88]
.   .   .   .   Child: 1  Const 0 of type int [line: 88]
.   .   .   Child: 1  If [line: 88]
.   .   .   .   Child: 0  Op: > of type bool [line: 88]
.   .   .   .   .   Child: 0  Id: y of type int [line: 88]
.   .   .   .   .   Child: 1  Const 3 of type int [line: 88]
.   .   .   .   Child: 1  Assign: -- of type int [line: 88]
.   .   .   .   .   Child: 0  Id: x of type int [line: 88]
.   .   .   .   Child: 2  Return [line: 88]
.   .   .   .   .   Child: 0  Op: % of type int [line: 88]
.   .   .   .   .   .   Child: 0  Op: * of type int [line: 88]
.   .   .   .   .   .   .   Child: 0  Id: x of type int [line: 88]
.   .   .   .   .   .   .   Child: 1  Id: x of type int [line: 88]
.   .   .   .   .   .   Child: 1  Id: y of type int [line: 88]
Sibling: 7  Func: Wensleydale returns type int [line: 90]
.   Child: 0  Parm: x of type int [line: 90]
.   Sibling: 1  Parm: y of type int [line: 90]
.   Child: 1  Compound [line: 90]
.   .   Child: 1  Return [line: 90]
.   .   .   Child: 0  Call: cheese of type int [line: 90]
.   .   .   .   Child: 0  Id: x of type int [line: 90]
.   .   .   .   Sibling: 1  Id: gromit of type int [line: 90]
Sibling: 8  Func: LadyCampanula returns type int [line: 92]
.   Child: 0  Parm: c of type char [line: 92]
.   Sibling: 1  Parm: s is array of type char [line: 92]
.   Child: 1  Compound [line: 92]
.   .   Child: 1  While [line: 92]
.   .   .   Child: 0  Const true of type bool [line: 92]
.   .   .   Child: 1  For [line: 92]
.   .   .   .   Child: 0  Var: i of type int [line: 92]
.   .   .   .   Child: 1  Range [line: 92]
.   .   .   .   .   Child: 0  Op: - of undefined type [line: 92]
.   .   .   .   .   .   Child: 0  Op: sizeof of undefined type [line: 92]
.   .   .   .   .   .   .   Child: 0  Id: s of undefined type [line: 92]
.   .   .   .   .   .   Child: 1  Const 1 of type int [line: 92]
.   .   .   .   .   Child: 1  Const 0 of type int [line: 92]
.   .   .   .   .   Child: 2  Op: chsign of undefined type [line: 92]
.   .   .   .   .   .   Child: 0  Const 1 of type int [line: 92]
.   .   .   .   Child: 2  If [line: 92]
.   .   .   .   .   Child: 0  Op: = of type bool [line: 92]
.   .   .   .   .   .   Child: 0  Op: [ of type char [line: 92]
.   .   .   .   .   .   .   Child: 0  Id: s of type char [line: 92]
.   .   .   .   .   .   .   Child: 1  Id: i of type int [line: 92]
.   .   .   .   .   .   Child: 1  Id: c of type char [line: 92]
.   .   .   .   .   Child: 1  Return [line: 92]
.   .   .   .   .   .   Child: 0  Id: i of type int [line: 92]
Sibling: 9  Func: MrsTweedy returns type char [line: 95]
.   Child: 0  Parm: c of type char [line: 95]
.   Sibling: 1  Parm: s is array of type char [line: 95]
.   Child: 1  Compound [line: 96]
.   .   Child: 1  For [line: 97]
.   .   .   Child: 0  Var: ginger of type int [line: 97]
.   .   .   Child: 1  Range [line: 97]
.   .   .   .   Child: 0  Const 0 of type int [line: 97]
.   .   .   .   Child: 1  Const 10 of type int [line: 97]
.   .   .   Child: 2  Assign: <- of type char [line: 97]
.   .   .   .   Child: 0  Op: [ of type char [line: 97]
.   .   .   .   .   Child: 0  Id: s of type char [line: 97]
.   .   .   .   .   Child: 1  Id: ginger of type int [line: 97]
.   .   .   .   Child: 1  Id: c of type char [line: 97]
.   .   Sibling: 1  For [line: 98]
.   .   .   Child: 0  Var: pastry of type int [line: 98]
.   .   .   Child: 1  Range [line: 98]
.   .   .   .   Child: 0  Const 0 of type int [line: 98]
.   .   .   .   Child: 1  Const 2 of type int [line: 98]
.   .   .   .   Child: 2  Const 7 of type int [line: 98]
.   .   .   Child: 2  If [line: 98]
.   .   .   .   Child: 0  Op: = of type bool [line: 98]
.   .   .   .   .   Child: 0  Op: [ of type char [line: 98]
.   .   .   .   .   .   Child: 0  Id: s of type char [line: 98]
.   .   .   .   .   .   Child: 1  Const 0 of type int [line: 98]
.   .   .   .   .   Child: 1  Op: [ of type char [line: 98]
.   .   .   .   .   .   Child: 0  Id: s of type char [line: 98]
.   .   .   .   .   .   Child: 1  Const 1 of type int [line: 98]
.   .   .   .   Child: 1  Break [line: 98]
.   .   Sibling: 2  While [line: 99]
.   .   .   Child: 0  Const true of type bool [line: 99]
.   .   .   Child: 1  Break [line: 99]
.   .   Sibling: 3  Return [line: 101]
.   .   .   Child: 0  Const 'x' of type char [line: 101]
Sibling: 10  Func: TheWereRabbit returns type char [line: 104]
.   Child: 0  Parm: x of type int [line: 104]
.   Child: 1  Compound [line: 105]
.   .   Child: 1  If [line: 106]
.   .   .   Child: 0  Op: = of type bool [line: 106]
.   .   .   .   Child: 0  Id: x of type int [line: 106]
.   .   .   .   Child: 1  Const 0 of type int [line: 106]
.   .   .   Child: 1  Return [line: 106]
.   .   .   .   Child: 0  Const '@' of type char [line: 106]
.   .   .   Child: 2  If [line: 107]
.   .   .   .   Child: 0  Op: = of type bool [line: 107]
.   .   .   .   .   Child: 0  Id: x of type int [line: 107]
.   .   .   .   .   Child: 1  Const 1 of type int [line: 107]
.   .   .   .   Child: 1  Return [line: 107]
.   .   .   .   .   Child: 0  Const 'a' of type char [line: 107]
.   .   .   .   Child: 2  If [line: 108]
.   .   .   .   .   Child: 0  Op: = of type bool [line: 108]
.   .   .   .   .   .   Child: 0  Id: x of type int [line: 108]
.   .   .   .   .   .   Child: 1  Const 2 of type int [line: 108]
.   .   .   .   .   Child: 1  Return [line: 108]
.   .   .   .   .   .   Child: 0  Const 'b' of type char [line: 108]
.   .   .   .   .   Child: 2  If [line: 109]
.   .   .   .   .   .   Child: 0  Op: = of type bool [line: 109]
.   .   .   .   .   .   .   Child: 0  Id: x of type int [line: 109]
.   .   .   .   .   .   .   Child: 1  Const 3 of type int [line: 109]
.   .   .   .   .   .   Child: 1  Return [line: 109]
.   .   .   .   .   .   .   Child: 0  Const 'c' of type char [line: 109]
.   .   .   .   .   .   Child: 2  If [line: 110]
.   .   .   .   .   .   .   Child: 0  Op: = of type bool [line: 110]
.   .   .   .   .   .   .   .   Child: 0  Id: x of type int [line: 110]
.   .   .   .   .   .   .   .   Child: 1  Const 4 of type int [line: 110]
.   .   .   .   .   .   .   Child: 1  Return [line: 110]
.   .   .   .   .   .   .   .   Child: 0  Const 'd' of type char [line: 110]
.   .   .   .   .   .   .   Child: 2  Return [line: 111]
.   .   .   .   .   .   .   .   Child: 0  Const ' ' of type char [line: 111]
Sibling: 11  Func: main returns type int [line: 114]
.   Child: 1  Compound [line: 115]
.   .   Child: 0  Var: wool of type int [line: 116]
.   .   Sibling: 1  Var: yarn is array of type int [line: 116]
.   .   Sibling: 2  Var: shaun of type bool [line: 117]
.   .   Sibling: 3  Var: preston is array of type bool [line: 117]
.   .   Sibling: 4  Var: rocky is array of type char [line: 118]
.   .   Child: 1  Call: wallace of type void [line: 120]
.   .   .   Child: 0  Call: cheese of type int [line: 120]
.   .   .   .   Child: 0  Const 62 of type int [line: 120]
.   .   .   .   Sibling: 1  Op: chsign of type int [line: 120]
.   .   .   .   .   Child: 0  Const 311 of type int [line: 120]
.   .   .   Sibling: 1  Id: gromit of type int [line: 120]
.   .   Sibling: 1  Assign: <- of type char [line: 121]
.   .   .   Child: 0  Id: rocky of type char [line: 121]
.   .   .   Child: 1  Const is array "molybdenum" of type char [line: 121]
.   .   Sibling: 2  Call: MrsTweedy of type char [line: 123]
.   .   .   Child: 0  Const 'Z' of type char [line: 123]
.   .   .   Sibling: 1  Id: rocky of type char [line: 123]
.   .   Sibling: 3  Op: + of type int [line: 125]
.   .   .   Child: 0  Op: [ of type int [line: 125]
.   .   .   .   Child: 0  Id: yarn of type int [line: 125]
.   .   .   .   Child: 1  Op: ? of type int [line: 125]
.   .   .   .   .   Child: 0  Const 100 of type int [line: 125]
.   .   .   Child: 1  Op: [ of type int [line: 125]
.   .   .   .   Child: 0  Id: yarn of type int [line: 125]
.   .   .   .   Child: 1  Op: ? of type int [line: 125]
.   .   .   .   .   Child: 0  Op: sizeof of type int [line: 125]
.   .   .   .   .   .   Child: 0  Id: yarn of type int [line: 125]
.   .   Sibling: 4  Return [line: 127]
.   .   .   Child: 0  Call: Wendolene of type int [line: 127]
.   .   .   .   Child: 0  Op: * of type int [line: 127]
.   .   .   .   .   Child: 0  Op: sizeof of type int [line: 127]
.   .   .   .   .   .   Child: 0  Id: preston of type bool [line: 127]
.   .   .   .   .   Child: 1  Op: sizeof of type int [line: 127]
.   .   .   .   .   .   Child: 0  Id: yarn of type int [line: 127]
.   .   .   .   Sibling: 1  Id: shaun of type bool [line: 127]
.   .   .   .   Sibling: 2  Id: yarn of type int [line: 127]
.   .   .   .   Sibling: 3  Id: preston of type bool [line: 127]
Sibling: 12  Var: aBigLongVariableName6andthx1138 of type bool [line: 130]
Sibling: 13  Var: odd of type int [line: 131]
Sibling: 14  Var: separation of type int [line: 131]
Sibling: 15  Var: of of type int [line: 131]
Sibling: 16  Var: stuff of type int [line: 132]
Sibling: 17  Var: ant is array of type char [line: 134]
.   Child: 0  Const is array "unwrinkled" of type char [line: 134]
Sibling: 18  Var: bat of type char [line: 135]
.   Child: 0  Const ''' of type char [line: 135]
Sibling: 19  Var: cat of type char [line: 136]
.   Child: 0  Const 't' of type char [line: 136]
Sibling: 20  Var: dog of type char [line: 137]
.   Child: 0  Const '
' of type char [line: 137]
Sibling: 21  Var: hog of type char [line: 138]
.   Child: 0  Const ' ' of type char [line: 138]
Number of warnings: 17
Number of errors: 0
