WARNING(3): The variable 'y' seems not to be used.
WARNING(3): The variable 'z' seems not to be used.
Func: main returns type void [line: 1]
.   Child: 1  Compound [line: 2]
.   .   Child: 0  Var: y of type int [line: 3]
.   .   Sibling: 1  Var: z is array of type int [line: 3]
.   .   Child: 1  For [line: 4]
.   .   .   Child: 0  Var: x of type int [line: 4]
.   .   .   Child: 1  Range [line: 5]
.   .   .   .   Child: 0  Id: x of undefined type [line: 5]
.   .   .   .   Child: 1  Id: x of undefined type [line: 5]
.   .   .   .   Child: 2  Id: x of undefined type [line: 5]
.   .   .   Child: 2  Id: x of type int [line: 6]
.   .   Sibling: 1  For [line: 7]
.   .   .   Child: 0  Var: x of type int [line: 7]
.   .   .   Child: 1  Range [line: 7]
.   .   .   .   Child: 0  Id: y of undefined type [line: 7]
.   .   .   .   Child: 1  Id: x of undefined type [line: 7]
.   .   .   Child: 2  Id: x of type int [line: 7]
.   .   Sibling: 2  For [line: 8]
.   .   .   Child: 0  Var: x of type int [line: 8]
.   .   .   Child: 1  Range [line: 8]
.   .   .   .   Child: 0  Id: z of undefined type [line: 8]
.   .   .   .   Child: 1  Id: x of undefined type [line: 8]
.   .   .   Child: 2  Id: x of type int [line: 8]
Number of warnings: 2
Number of errors: 0
