ERROR(25): Symbol 'outputb' is not declared.
ERROR(26): Symbol 'outputb' is not declared.
ERROR(27): Symbol 'outputb' is not declared.
ERROR(28): Symbol 'outnl' is not declared.
ERROR(30): Symbol 'outputb' is not declared.
ERROR(31): Symbol 'outputb' is not declared.
ERROR(32): Symbol 'outputb' is not declared.
ERROR(33): Symbol 'outnl' is not declared.
ERROR(35): Symbol 'outputb' is not declared.
ERROR(36): Symbol 'outputb' is not declared.
ERROR(37): Symbol 'outputb' is not declared.
ERROR(38): Symbol 'outnl' is not declared.
ERROR(40): Symbol 'outputb' is not declared.
ERROR(41): Symbol 'outputb' is not declared.
ERROR(42): Symbol 'outputb' is not declared.
ERROR(43): Symbol 'outnl' is not declared.
ERROR(45): Symbol 'outputb' is not declared.
ERROR(46): Symbol 'outputb' is not declared.
ERROR(47): Symbol 'outputb' is not declared.
ERROR(48): Symbol 'outnl' is not declared.
ERROR(50): Symbol 'outputb' is not declared.
ERROR(51): Symbol 'outputb' is not declared.
ERROR(52): Symbol 'outputb' is not declared.
ERROR(53): Symbol 'outputb' is not declared.
ERROR(54): Symbol 'outnl' is not declared.
ERROR(56): Symbol 'outputb' is not declared.
ERROR(57): Symbol 'outputb' is not declared.
ERROR(58): Symbol 'outputb' is not declared.
ERROR(59): Symbol 'outputb' is not declared.
ERROR(60): Symbol 'outnl' is not declared.
ERROR(62): Symbol 'outputb' is not declared.
ERROR(63): Symbol 'outputb' is not declared.
ERROR(64): Symbol 'outputb' is not declared.
ERROR(65): Symbol 'outputb' is not declared.
ERROR(66): Symbol 'outnl' is not declared.
ERROR(68): Symbol 'outputb' is not declared.
ERROR(69): Symbol 'outputb' is not declared.
ERROR(70): Symbol 'outputb' is not declared.
ERROR(71): Symbol 'outputb' is not declared.
ERROR(72): Symbol 'outnl' is not declared.
ERROR(74): Symbol 'output' is not declared.
ERROR(75): Symbol 'output' is not declared.
ERROR(76): Symbol 'outnl' is not declared.
ERROR(78): Symbol 'output' is not declared.
ERROR(79): Symbol 'output' is not declared.
ERROR(80): Symbol 'outnl' is not declared.
ERROR(83): Symbol 'output' is not declared.
ERROR(84): Symbol 'output' is not declared.
ERROR(85): Symbol 'output' is not declared.
ERROR(86): Symbol 'output' is not declared.
ERROR(87): Symbol 'output' is not declared.
ERROR(88): Symbol 'outnl' is not declared.
ERROR(90): Symbol 'output' is not declared.
ERROR(91): Symbol 'output' is not declared.
ERROR(92): Symbol 'output' is not declared.
ERROR(93): Symbol 'outnl' is not declared.
ERROR(95): Symbol 'output' is not declared.
ERROR(96): Symbol 'output' is not declared.
ERROR(97): Symbol 'output' is not declared.
ERROR(98): Symbol 'output' is not declared.
ERROR(99): Symbol 'outnl' is not declared.
ERROR(102): Symbol 'output' is not declared.
ERROR(103): Symbol 'output' is not declared.
ERROR(104): Symbol 'output' is not declared.
ERROR(105): Symbol 'output' is not declared.
ERROR(106): Symbol 'output' is not declared.
ERROR(107): Symbol 'output' is not declared.
ERROR(108): Symbol 'outnl' is not declared.
ERROR(110): Symbol 'output' is not declared.
ERROR(111): Symbol 'output' is not declared.
ERROR(113): Symbol 'output' is not declared.
ERROR(114): Symbol 'outnl' is not declared.
ERROR(118): Symbol 'output' is not declared.
ERROR(119): Symbol 'output' is not declared.
ERROR(120): Symbol 'output' is not declared.
ERROR(121): Symbol 'output' is not declared.
ERROR(122): Symbol 'outnl' is not declared.
ERROR(126): Symbol 'output' is not declared.
ERROR(127): Symbol 'output' is not declared.
ERROR(128): Symbol 'output' is not declared.
ERROR(129): Symbol 'output' is not declared.
ERROR(130): Symbol 'outnl' is not declared.
ERROR(134): Symbol 'output' is not declared.
ERROR(135): Symbol 'output' is not declared.
ERROR(136): Symbol 'outnl' is not declared.
ERROR(138): Symbol 'output' is not declared.
ERROR(139): Symbol 'output' is not declared.
ERROR(140): Symbol 'output' is not declared.
ERROR(141): Symbol 'outnl' is not declared.
ERROR(143): Symbol 'outputb' is not declared.
ERROR(144): Symbol 'outputb' is not declared.
ERROR(145): Symbol 'outputb' is not declared.
ERROR(146): Symbol 'outnl' is not declared.
ERROR(148): Symbol 'outputb' is not declared.
ERROR(149): Symbol 'outputb' is not declared.
ERROR(150): Symbol 'outputb' is not declared.
ERROR(151): Symbol 'outputb' is not declared.
ERROR(152): Symbol 'outputb' is not declared.
ERROR(153): Symbol 'outputb' is not declared.
ERROR(154): Symbol 'outputb' is not declared.
ERROR(155): Symbol 'outputb' is not declared.
ERROR(156): Symbol 'outputb' is not declared.
ERROR(157): Symbol 'outputb' is not declared.
ERROR(158): Symbol 'outputb' is not declared.
ERROR(159): Symbol 'outputb' is not declared.
ERROR(160): Symbol 'outputb' is not declared.
ERROR(161): Symbol 'outnl' is not declared.
ERROR(163): Symbol 'outputb' is not declared.
ERROR(164): Symbol 'outputb' is not declared.
ERROR(165): Symbol 'outnl' is not declared.
Number of warnings: 0
Number of errors: 110
