====================================
FILE: syntaxerr-hamlet.c-
ERROR(2): Syntax error, unexpected identifier "be", expecting '('.
ERROR(2): Syntax error, unexpected identifier "is", expecting ',' or ';'.
ERROR(3): Invalid or misplaced input character: '''. Character Ignored.
ERROR(3): Syntax error, unexpected identifier "tis", expecting ',' or ';'.
ERROR(5): Syntax error, unexpected "to", expecting ',' or ';'.
ERROR(6): Syntax error, unexpected "by", expecting ',' or ';'.
ERROR(9): Invalid or misplaced input character: '''. Character Ignored.
ERROR(10): Invalid or misplaced input character: '''. Character Ignored.
ERROR(10): Invalid or misplaced input character: '.'. Character Ignored.
ERROR(11): Invalid or misplaced input character: '''. Character Ignored.
ERROR(14): Invalid or misplaced input character: '''. Character Ignored.
WARNING(17): character is 22 characters long and not a single character: ''s wrong, the proud man''.  The first char will be used.
ERROR(18): Invalid or misplaced input character: '''. Character Ignored.
ERROR(25): Invalid or misplaced input character: '''. Character Ignored.
ERROR(31): Invalid or misplaced input character: '''. Character Ignored.
ERROR(34): Invalid or misplaced input character: '.'. Character Ignored.
ERROR(34): Invalid or misplaced input character: '!'. Character Ignored.
ERROR(35): Invalid or misplaced input character: '!'. Character Ignored.
ERROR(36): Invalid or misplaced input character: '''. Character Ignored.
ERROR(36): Invalid or misplaced input character: '.'. Character Ignored.
Number of warnings: 1
Number of errors: 19
