====================================
FILE: syntaxerr-while.c-
ERROR(4): Syntax error, unexpected ')', expecting "do" or "or".
ERROR(6): Syntax error, unexpected "int", expecting "do" or "or".
ERROR(8): Syntax error, unexpected "int".
ERROR(10): Syntax error, unexpected "int".
ERROR(12): Syntax error, unexpected "int".
ERROR(14): Syntax error, unexpected "int".
ERROR(16): Syntax error, unexpected "int".
ERROR(18): Syntax error, unexpected "int".
ERROR(21): Syntax error, unexpected ')', expecting "do" or "or".
ERROR(23): Syntax error, unexpected ';'.
ERROR(25): Syntax error, unexpected ')'.
ERROR(27): Syntax error, unexpected ';'.
ERROR(29): Syntax error, unexpected ')', expecting "do" or "or".
ERROR(31): Syntax error, unexpected ';'.
ERROR(33): Syntax error, unexpected ')'.
ERROR(35): Syntax error, unexpected ';'.
ERROR(38): Syntax error, unexpected ')', expecting "do" or "or".
ERROR(40): Syntax error, unexpected ';', expecting "do" or "or".
ERROR(42): Syntax error, unexpected ')'.
ERROR(44): Syntax error, unexpected ';'.
ERROR(46): Syntax error, unexpected ')', expecting "do" or "or".
ERROR(48): Syntax error, unexpected ';', expecting "do" or "or".
ERROR(50): Syntax error, unexpected ')'.
ERROR(52): Syntax error, unexpected ';'.
Number of warnings: 0
Number of errors: 24
