====================================
FILE: syntaxerr-parms.c-
ERROR(2): Syntax error, unexpected ';', expecting "begin".
ERROR(3): Syntax error, unexpected '(', expecting ')'.
ERROR(3): Syntax error, unexpected ')', expecting ',' or ';'.
ERROR(4): Syntax error, unexpected ')', expecting identifier.
ERROR(5): Syntax error, unexpected ')', expecting '('.
ERROR(6): Syntax error, unexpected ')', expecting "bool" or "char" or "int".
ERROR(7): Syntax error, unexpected '(', expecting ')'.
ERROR(7): Syntax error, unexpected "bool", expecting ',' or ';'.
ERROR(8): Syntax error, unexpected "bool", expecting ',' or ';'.
ERROR(9): Syntax error, unexpected identifier "z", expecting ')'.
ERROR(10): Syntax error, unexpected ';', expecting "begin".
ERROR(11): Syntax error, unexpected '(', expecting ')'.
ERROR(11): Syntax error, unexpected ';', expecting identifier.
ERROR(11): Syntax error, unexpected ')', expecting ',' or ';'.
ERROR(12): Syntax error, unexpected ')', expecting identifier.
ERROR(13): Syntax error, unexpected ')', expecting '('.
ERROR(14): Syntax error, unexpected ';', expecting identifier.
ERROR(15): Syntax error, unexpected '(', expecting ')'.
ERROR(15): Syntax error, unexpected "bool", expecting identifier.
ERROR(16): Syntax error, unexpected "bool", expecting identifier.
ERROR(17): Syntax error, unexpected '(', expecting ')'.
ERROR(17): Syntax error, unexpected ')', expecting ',' or ';'.
ERROR(19): Syntax error, unexpected identifier "y", expecting ')'.
ERROR(20): Syntax error, unexpected identifier "y", expecting ')'.
ERROR(21): Syntax error, unexpected identifier "y", expecting ')'.
ERROR(22): Syntax error, unexpected identifier "y", expecting ')'.
ERROR(23): Syntax error, unexpected identifier "y", expecting ')'.
ERROR(25): Syntax error, unexpected identifier "y", expecting ')'.
ERROR(26): Syntax error, unexpected identifier "y", expecting ')'.
ERROR(27): Syntax error, unexpected ';', expecting "begin".
ERROR(28): Syntax error, unexpected '(', expecting ')'.
ERROR(28): Syntax error, unexpected ')', expecting identifier.
ERROR(29): Syntax error, unexpected ')', expecting '('.
ERROR(30): Syntax error, unexpected ')', expecting "bool" or "char" or "int".
ERROR(31): Syntax error, unexpected '(', expecting ')'.
ERROR(33): Syntax error, unexpected identifier "z", expecting ')'.
ERROR(34): Syntax error, unexpected ';', expecting "begin".
ERROR(36): Syntax error, unexpected '(', expecting ')'.
ERROR(36): Syntax error, unexpected ')', expecting ',' or ';'.
ERROR(37): Syntax error, unexpected ')', expecting identifier.
ERROR(38): Syntax error, unexpected ')', expecting '('.
ERROR(39): Syntax error, unexpected ',', expecting identifier.
ERROR(39): Syntax error, unexpected ')', expecting "bool" or "char" or "int".
ERROR(40): Syntax error, unexpected '(', expecting ')'.
ERROR(40): Syntax error, unexpected "bool", expecting ',' or ';'.
ERROR(41): Syntax error, unexpected "bool", expecting ',' or ';'.
ERROR(42): Syntax error, unexpected ',', expecting identifier.
ERROR(42): Syntax error, unexpected identifier "z", expecting ')'.
ERROR(43): Syntax error, unexpected ',', expecting identifier.
ERROR(43): Syntax error, unexpected ';', expecting "begin".
ERROR(44): Syntax error, unexpected '(', expecting ')'.
ERROR(44): Syntax error, unexpected ')', expecting ',' or ';'.
ERROR(45): Syntax error, unexpected ')', expecting identifier.
ERROR(46): Syntax error, unexpected ')', expecting '('.
ERROR(47): Syntax error, unexpected ',', expecting identifier.
ERROR(48): Syntax error, unexpected '(', expecting ')'.
ERROR(49): Syntax error, unexpected ',', expecting identifier.
ERROR(50): Syntax error, unexpected '(', expecting ')'.
ERROR(50): Syntax error, unexpected ')', expecting ',' or ';'.
ERROR(52): Syntax error, unexpected ';', expecting "begin".
ERROR(53): Syntax error, unexpected '(', expecting ')'.
ERROR(53): Syntax error, unexpected ')', expecting identifier.
ERROR(54): Syntax error, unexpected ')', expecting '('.
ERROR(55): Syntax error, unexpected ')', expecting "bool" or "char" or "int".
ERROR(56): Syntax error, unexpected '(', expecting ')'.
ERROR(58): Syntax error, unexpected identifier "z", expecting ')'.
ERROR(59): Syntax error, unexpected ';', expecting "begin".
ERROR(60): Syntax error, unexpected '(', expecting ')'.
ERROR(60): Syntax error, unexpected ')', expecting ',' or ';'.
ERROR(61): Syntax error, unexpected ')', expecting identifier.
ERROR(62): Syntax error, unexpected ')', expecting '('.
ERROR(63): Syntax error, unexpected ';', expecting identifier.
ERROR(64): Syntax error, unexpected '(', expecting ')'.
ERROR(66): Syntax error, unexpected ';', expecting "begin".
ERROR(67): Syntax error, unexpected '(', expecting ')'.
ERROR(69): Syntax error, unexpected ')', expecting ',' or ';'.
ERROR(70): Syntax error, unexpected ')', expecting identifier.
ERROR(71): Syntax error, unexpected ')', expecting '('.
ERROR(72): Syntax error, unexpected identifier "x", expecting "bool" or "char" or "int" or ')'.
ERROR(72): Syntax error, unexpected ')'.
ERROR(73): Syntax error, unexpected identifier "x", expecting "bool" or "char" or "int" or ')'.
ERROR(74): Syntax error, unexpected identifier "x", expecting "bool" or "char" or "int" or ')'.
ERROR(75): Syntax error, unexpected identifier "x", expecting "bool" or "char" or "int" or ')'.
ERROR(76): Syntax error, unexpected identifier "x", expecting "bool" or "char" or "int" or ')'.
ERROR(77): Syntax error, unexpected identifier "x", expecting "bool" or "char" or "int" or ')'.
ERROR(77): Syntax error, unexpected ')', expecting ',' or ';'.
ERROR(78): Syntax error, unexpected ')', expecting identifier.
ERROR(79): Syntax error, unexpected ')', expecting '('.
ERROR(80): Syntax error, unexpected identifier "x", expecting "bool" or "char" or "int" or ')'.
ERROR(80): Syntax error, unexpected ')'.
ERROR(81): Syntax error, unexpected identifier "x", expecting "bool" or "char" or "int" or ')'.
ERROR(82): Syntax error, unexpected identifier "x", expecting "bool" or "char" or "int" or ')'.
ERROR(83): Syntax error, unexpected identifier "x", expecting "bool" or "char" or "int" or ')'.
ERROR(84): Syntax error, unexpected identifier "x", expecting "bool" or "char" or "int" or ')'.
ERROR(85): Syntax error, unexpected identifier "x", expecting "bool" or "char" or "int" or ')'.
ERROR(85): Syntax error, unexpected ')', expecting ',' or ';'.
ERROR(86): Syntax error, unexpected ')', expecting identifier.
ERROR(87): Syntax error, unexpected ')', expecting '('.
ERROR(88): Syntax error, unexpected identifier "x", expecting "bool" or "char" or "int" or ')'.
ERROR(88): Syntax error, unexpected ')'.
ERROR(89): Syntax error, unexpected identifier "x", expecting "bool" or "char" or "int" or ')'.
ERROR(90): Syntax error, unexpected identifier "x", expecting "bool" or "char" or "int" or ')'.
ERROR(91): Syntax error, unexpected identifier "x", expecting "bool" or "char" or "int" or ')'.
ERROR(92): Syntax error, unexpected identifier "x", expecting "bool" or "char" or "int" or ')'.
ERROR(93): Syntax error, unexpected identifier "x", expecting "bool" or "char" or "int" or ')'.
ERROR(94): Syntax error, unexpected identifier "x", expecting "bool" or "char" or "int" or ')'.
ERROR(95): Syntax error, unexpected identifier "x", expecting "bool" or "char" or "int" or ')'.
ERROR(96): Syntax error, unexpected identifier "x", expecting "bool" or "char" or "int" or ')'.
ERROR(97): Syntax error, unexpected identifier "x", expecting "bool" or "char" or "int" or ')'.
ERROR(99): Syntax error, unexpected identifier "x", expecting "bool" or "char" or "int" or ')'.
ERROR(100): Syntax error, unexpected identifier "x", expecting "bool" or "char" or "int" or ')'.
ERROR(102): Syntax error, unexpected ',', expecting "bool" or "char" or "int" or ')'.
ERROR(102): Syntax error, unexpected ')', expecting ',' or ';'.
ERROR(103): Syntax error, unexpected ')', expecting identifier.
ERROR(104): Syntax error, unexpected ')', expecting '('.
ERROR(105): Syntax error, unexpected ',', expecting "bool" or "char" or "int" or ')'.
ERROR(105): Syntax error, unexpected ')'.
ERROR(106): Syntax error, unexpected ',', expecting "bool" or "char" or "int" or ')'.
ERROR(107): Syntax error, unexpected ',', expecting "bool" or "char" or "int" or ')'.
ERROR(108): Syntax error, unexpected ',', expecting "bool" or "char" or "int" or ')'.
ERROR(109): Syntax error, unexpected ',', expecting "bool" or "char" or "int" or ')'.
ERROR(110): Syntax error, unexpected ',', expecting "bool" or "char" or "int" or ')'.
ERROR(111): Syntax error, unexpected ',', expecting "bool" or "char" or "int" or ')'.
ERROR(112): Syntax error, unexpected ',', expecting "bool" or "char" or "int" or ')'.
ERROR(113): Syntax error, unexpected ',', expecting "bool" or "char" or "int" or ')'.
ERROR(114): Syntax error, unexpected ',', expecting "bool" or "char" or "int" or ')'.
ERROR(116): Syntax error, unexpected ',', expecting "bool" or "char" or "int" or ')'.
ERROR(117): Syntax error, unexpected ',', expecting "bool" or "char" or "int" or ')'.
ERROR(118): Syntax error, unexpected identifier "y", expecting "bool" or "char" or "int" or ')'.
ERROR(119): Syntax error, unexpected identifier "y", expecting "bool" or "char" or "int" or ')'.
ERROR(120): Syntax error, unexpected identifier "y", expecting "bool" or "char" or "int" or ')'.
ERROR(121): Syntax error, unexpected identifier "y", expecting "bool" or "char" or "int" or ')'.
ERROR(122): Syntax error, unexpected identifier "y", expecting "bool" or "char" or "int" or ')'.
ERROR(124): Syntax error, unexpected identifier "y", expecting "bool" or "char" or "int" or ')'.
ERROR(125): Syntax error, unexpected identifier "y", expecting "bool" or "char" or "int" or ')'.
ERROR(126): Syntax error, unexpected ';', expecting "bool" or "char" or "int" or ')'.
ERROR(126): Syntax error, unexpected ';', expecting "begin".
ERROR(127): Syntax error, unexpected '(', expecting ')'.
ERROR(128): Syntax error, unexpected ';', expecting "bool" or "char" or "int" or ')'.
ERROR(129): Syntax error, unexpected '(', expecting ')'.
ERROR(130): Syntax error, unexpected ';', expecting "begin".
ERROR(131): Syntax error, unexpected '(', expecting ')'.
ERROR(133): Syntax error, unexpected ';', expecting "begin".
Number of warnings: 0
Number of errors: 143
