====================================
FILE: syntaxerr-extra.c-
ERROR(3): Syntax error, unexpected ',', expecting ';'.
ERROR(4): Syntax error, unexpected "int".
ERROR(5): Syntax error, unexpected "int".
ERROR(6): Syntax error, unexpected "int".
ERROR(7): Syntax error, unexpected "int".
ERROR(7): Syntax error, unexpected "int", expecting ';'.
ERROR(8): Syntax error, unexpected ']'.
ERROR(9): Syntax error, unexpected ']'.
ERROR(10): Syntax error, unexpected "while".
ERROR(11): Syntax error, unexpected "while".
ERROR(13): Syntax error, unexpected "else", expecting ';'.
ERROR(14): Syntax error, unexpected "bool".
ERROR(15): Syntax error, unexpected "else", expecting "or" or "then".
ERROR(16): Syntax error, unexpected "bool".
ERROR(17): Syntax error, unexpected "then".
ERROR(18): Syntax error, unexpected "then".
ERROR(19): Syntax error, unexpected "<-", expecting identifier.
ERROR(20): Syntax error, unexpected ';'.
ERROR(21): Syntax error, unexpected ';'.
ERROR(23): Syntax error, unexpected "end".
ERROR(26): Syntax error, unexpected "do".
ERROR(27): Syntax error, unexpected "do".
ERROR(28): Syntax error, unexpected ';'.
ERROR(30): Syntax error, unexpected "and".
ERROR(31): Syntax error, unexpected "while".
ERROR(32): Syntax error, unexpected "int".
ERROR(33): Syntax error, unexpected numeric constant "5", expecting ';'.
Number of warnings: 0
Number of errors: 27
