====================================
FILE: arrayops.c-
ERROR(13): '<-' requires both operands be arrays or not but lhs is not an array and rhs is an array.
ERROR(14): '<-' requires both operands be arrays or not but lhs is an array and rhs is not an array.
ERROR(18): The operation 'chsign' does not work with arrays.
ERROR(19): The operation 'chsign' does not work with arrays.
ERROR(21): Cannot index nonarray 'a'.
ERROR(22): Cannot index nonarray 'a'.
ERROR(22): Array index is the unindexed array 'aa'.
ERROR(24): Array index is the unindexed array 'aa'.
ERROR(26): The operation 'sizeof' only works with arrays.
ERROR(29): The operation '?' does not work with arrays.
ERROR(31): The operation 'not' does not work with arrays.
ERROR(33): The operation '++' does not work with arrays.
ERROR(36): The operation '+' does not work with arrays.
ERROR(37): The operation '+' does not work with arrays.
ERROR(38): The operation '+' does not work with arrays.
ERROR(41): The operation 'and' does not work with arrays.
ERROR(42): The operation 'and' does not work with arrays.
ERROR(43): The operation 'and' does not work with arrays.
WARNING(45): Variable 'c' may be uninitialized when used here.
ERROR(45): Cannot index nonarray 'c'.
WARNING(46): Variable 'cc' may be uninitialized when used here.
ERROR(47): Cannot index nonarray 'c'.
ERROR(47): '<-' requires both operands be arrays or not but lhs is an array and rhs is not an array.
ERROR(48): '<-' requires both operands be arrays or not but lhs is an array and rhs is not an array.
ERROR(51): '<-' requires both operands be arrays or not but lhs is an array and rhs is not an array.
ERROR(56): '=' requires operands of the same type but lhs is type int and rhs is type char.
ERROR(57): '=' requires both operands be arrays or not but lhs is not an array and rhs is an array.
ERROR(58): '=' requires both operands be arrays or not but lhs is an array and rhs is not an array.
ERROR(63): '>=' requires operands of the same type but lhs is type int and rhs is type char.
ERROR(64): '>=' requires both operands be arrays or not but lhs is not an array and rhs is an array.
ERROR(65): '>=' requires both operands be arrays or not but lhs is an array and rhs is not an array.
ERROR(70): '<' requires operands of the same type but lhs is type int and rhs is type char.
ERROR(71): '<' requires both operands be arrays or not but lhs is not an array and rhs is an array.
ERROR(72): '<' requires both operands be arrays or not but lhs is an array and rhs is not an array.
ERROR(75): '<' requires operands of the same type but lhs is type char and rhs is type int.
ERROR(75): '<' requires both operands be arrays or not but lhs is not an array and rhs is an array.
Number of warnings: 2
Number of errors: 34
