====================================
FILE: array.c-
WARNING(12): Variable 'b' may be uninitialized when used here.
Var: a of array of type int [mem: Global loc: -1 size: 12] [line: 2]
Sibling: 1  Func: main returns type void [mem: Global loc: 0 size: -2] [line: 4]
.   Child: 1  Compound [mem: None loc: 0 size: -25] [line: 5]
.   .   Child: 0  Var: b of array of type int [mem: Local loc: -3 size: 23] [line: 6]
.   .   Sibling: 1  Var: c of static array of type int [mem: LocalStatic loc: -13 size: 34] [line: 7]
.   .   Child: 1  Op: [ of type int [line: 9]
.   .   .   Child: 0  Id: c of static array of type int [mem: LocalStatic loc: -13 size: 34] [line: 9]
.   .   .   Child: 1  Const 22 of type int [line: 9]
.   .   Sibling: 1  Const 999 of type int [line: 10]
.   .   Sibling: 2  Call: output of type void [line: 11]
.   .   .   Child: 0  Op: sizeof of type int [line: 11]
.   .   .   .   Child: 0  Id: a of array of type int [mem: Global loc: -1 size: 12] [line: 11]
.   .   Sibling: 3  Call: output of type void [line: 12]
.   .   .   Child: 0  Op: sizeof of type int [line: 12]
.   .   .   .   Child: 0  Id: b of array of type int [mem: Local loc: -3 size: 23] [line: 12]
.   .   Sibling: 4  Call: output of type void [line: 13]
.   .   .   Child: 0  Op: sizeof of type int [line: 13]
.   .   .   .   Child: 0  Id: c of static array of type int [mem: LocalStatic loc: -13 size: 34] [line: 13]
Offset for end of global space: -46
Number of warnings: 1
Number of errors: 0
