====================================
FILE: call4.c-
WARNING(2): Expecting to return type int but function 'showInt' has no return statement.
WARNING(8): Expecting to return type int but function 'showIntArray' has no return statement.
WARNING(19): Expecting to return type int but function 'showBool' has no return statement.
WARNING(30): The function 'magic' seems not to be used.
Func: showInt returns type int [mem: Global loc: 0 size: -3] [line: 2]
.   Child: 0  Parm: x of type int [mem: Parameter loc: -2 size: 1] [line: 2]
.   Child: 1  Compound [mem: None loc: 0 size: -3] [line: 3]
.   .   Child: 1  Call: output of type void [line: 4]
.   .   .   Child: 0  Id: x of type int [mem: Parameter loc: -2 size: 1] [line: 4]
.   .   Sibling: 1  Call: outnl of type void [line: 5]
Sibling: 1  Func: showIntArray returns type int [mem: Global loc: 0 size: -4] [line: 8]
.   Child: 0  Parm: x of array of type int [mem: Parameter loc: -2 size: 1] [line: 8]
.   Sibling: 1  Parm: size of type int [mem: Parameter loc: -3 size: 1] [line: 8]
.   Child: 1  Compound [mem: None loc: 0 size: -5] [line: 9]
.   .   Child: 0  Var: i of type int [mem: Local loc: -4 size: 1] [line: 10]
.   .   Child: 1  Assign: <- of type int [line: 11]
.   .   .   Child: 0  Id: i of type int [mem: Local loc: -4 size: 1] [line: 11]
.   .   .   Child: 1  Const 0 of type int [line: 11]
.   .   Sibling: 1  While [line: 12]
.   .   .   Child: 0  Op: < of type bool [line: 12]
.   .   .   .   Child: 0  Id: i of type int [mem: Local loc: -4 size: 1] [line: 12]
.   .   .   .   Child: 1  Id: size of type int [mem: Parameter loc: -3 size: 1] [line: 12]
.   .   .   Child: 1  Compound [mem: None loc: 0 size: -5] [line: 12]
.   .   .   .   Child: 1  Call: output of type void [line: 13]
.   .   .   .   .   Child: 0  Op: [ of type int [line: 13]
.   .   .   .   .   .   Child: 0  Id: x of array of type int [mem: Parameter loc: -2 size: 1] [line: 13]
.   .   .   .   .   .   Child: 1  Id: i of type int [mem: Local loc: -4 size: 1] [line: 13]
.   .   .   .   Sibling: 1  Assign: <- of type int [line: 14]
.   .   .   .   .   Child: 0  Id: i of type int [mem: Local loc: -4 size: 1] [line: 14]
.   .   .   .   .   Child: 1  Op: + of type int [line: 14]
.   .   .   .   .   .   Child: 0  Id: i of type int [mem: Local loc: -4 size: 1] [line: 14]
.   .   .   .   .   .   Child: 1  Const 1 of type int [line: 14]
.   .   Sibling: 2  Call: outnl of type void [line: 16]
Sibling: 2  Func: showBool returns type int [mem: Global loc: 0 size: -3] [line: 19]
.   Child: 0  Parm: x of type bool [mem: Parameter loc: -2 size: 1] [line: 19]
.   Child: 1  Compound [mem: None loc: 0 size: -3] [line: 20]
.   .   Child: 1  Call: outputb of type void [line: 21]
.   .   .   Child: 0  Id: x of type bool [mem: Parameter loc: -2 size: 1] [line: 21]
.   .   Sibling: 1  Call: outnl of type void [line: 22]
Sibling: 3  Func: truth returns type bool [mem: Global loc: 0 size: -2] [line: 25]
.   Child: 1  Compound [mem: None loc: 0 size: -2] [line: 26]
.   .   Child: 1  Return [line: 27]
.   .   .   Child: 0  Const true of type bool [line: 27]
Sibling: 4  Func: magic returns type int [mem: Global loc: 0 size: -2] [line: 30]
.   Child: 1  Compound [mem: None loc: 0 size: -2] [line: 31]
.   .   Child: 1  Return [line: 32]
.   .   .   Child: 0  Const 666 of type int [line: 32]
Sibling: 5  Func: sqr returns type int [mem: Global loc: 0 size: -3] [line: 35]
.   Child: 0  Parm: x of type int [mem: Parameter loc: -2 size: 1] [line: 35]
.   Child: 1  Compound [mem: None loc: 0 size: -3] [line: 36]
.   .   Child: 1  Return [line: 37]
.   .   .   Child: 0  Op: * of type int [line: 37]
.   .   .   .   Child: 0  Id: x of type int [mem: Parameter loc: -2 size: 1] [line: 37]
.   .   .   .   Child: 1  Id: x of type int [mem: Parameter loc: -2 size: 1] [line: 37]
Sibling: 6  Func: add returns type int [mem: Global loc: 0 size: -4] [line: 40]
.   Child: 0  Parm: x of type int [mem: Parameter loc: -2 size: 1] [line: 40]
.   Sibling: 1  Parm: y of type int [mem: Parameter loc: -3 size: 1] [line: 40]
.   Child: 1  Compound [mem: None loc: 0 size: -4] [line: 41]
.   .   Child: 1  Return [line: 42]
.   .   .   Child: 0  Op: + of type int [line: 42]
.   .   .   .   Child: 0  Id: x of type int [mem: Parameter loc: -2 size: 1] [line: 42]
.   .   .   .   Child: 1  Id: y of type int [mem: Parameter loc: -3 size: 1] [line: 42]
Sibling: 7  Func: mul returns type int [mem: Global loc: 0 size: -4] [line: 45]
.   Child: 0  Parm: x of type int [mem: Parameter loc: -2 size: 1] [line: 45]
.   Sibling: 1  Parm: y of type int [mem: Parameter loc: -3 size: 1] [line: 45]
.   Child: 1  Compound [mem: None loc: 0 size: -4] [line: 46]
.   .   Child: 1  Return [line: 47]
.   .   .   Child: 0  Op: * of type int [line: 47]
.   .   .   .   Child: 0  Id: x of type int [mem: Parameter loc: -2 size: 1] [line: 47]
.   .   .   .   Child: 1  Id: y of type int [mem: Parameter loc: -3 size: 1] [line: 47]
Sibling: 8  Var: g of type int [mem: Global loc: 0 size: 1] [line: 50]
Sibling: 9  Func: caller returns type void [mem: Global loc: 0 size: -4] [line: 52]
.   Child: 0  Parm: x of type int [mem: Parameter loc: -2 size: 1] [line: 52]
.   Sibling: 1  Parm: y of array of type int [mem: Parameter loc: -3 size: 1] [line: 52]
.   Child: 1  Compound [mem: None loc: 0 size: -6] [line: 53]
.   .   Child: 0  Var: z of type int [mem: Local loc: -4 size: 1] [line: 54]
.   .   Sibling: 1  Var: a of type int [mem: Local loc: -5 size: 1] [line: 55]
.   .   Child: 1  Assign: <- of type int [line: 57]
.   .   .   Child: 0  Id: a of type int [mem: Local loc: -5 size: 1] [line: 57]
.   .   .   Child: 1  Const 666 of type int [line: 57]
.   .   Sibling: 1  Assign: <- of type int [line: 58]
.   .   .   Child: 0  Id: g of type int [mem: Global loc: 0 size: 1] [line: 58]
.   .   .   Child: 1  Const 777 of type int [line: 58]
.   .   Sibling: 2  Assign: <- of type int [line: 60]
.   .   .   Child: 0  Id: z of type int [mem: Local loc: -4 size: 1] [line: 60]
.   .   .   Child: 1  Call: sqr of type int [line: 60]
.   .   .   .   Child: 0  Id: x of type int [mem: Parameter loc: -2 size: 1] [line: 60]
.   .   Sibling: 3  Call: output of type void [line: 61]
.   .   .   Child: 0  Id: z of type int [mem: Local loc: -4 size: 1] [line: 61]
.   .   Sibling: 4  Call: outnl of type void [line: 62]
.   .   Sibling: 5  Assign: <- of type int [line: 64]
.   .   .   Child: 0  Id: z of type int [mem: Local loc: -4 size: 1] [line: 64]
.   .   .   Child: 1  Call: sqr of type int [line: 64]
.   .   .   .   Child: 0  Op: [ of type int [line: 64]
.   .   .   .   .   Child: 0  Id: y of array of type int [mem: Parameter loc: -3 size: 1] [line: 64]
.   .   .   .   .   Child: 1  Const 7 of type int [line: 64]
.   .   Sibling: 6  Call: output of type void [line: 65]
.   .   .   Child: 0  Id: z of type int [mem: Local loc: -4 size: 1] [line: 65]
.   .   Sibling: 7  Call: outnl of type void [line: 66]
.   .   Sibling: 8  Assign: <- of type int [line: 68]
.   .   .   Child: 0  Id: z of type int [mem: Local loc: -4 size: 1] [line: 68]
.   .   .   Child: 1  Call: sqr of type int [line: 68]
.   .   .   .   Child: 0  Id: a of type int [mem: Local loc: -5 size: 1] [line: 68]
.   .   Sibling: 9  Call: output of type void [line: 69]
.   .   .   Child: 0  Id: z of type int [mem: Local loc: -4 size: 1] [line: 69]
.   .   Sibling: 10  Call: outnl of type void [line: 70]
.   .   Sibling: 11  Assign: <- of type int [line: 72]
.   .   .   Child: 0  Id: z of type int [mem: Local loc: -4 size: 1] [line: 72]
.   .   .   Child: 1  Call: sqr of type int [line: 72]
.   .   .   .   Child: 0  Id: g of type int [mem: Global loc: 0 size: 1] [line: 72]
.   .   Sibling: 12  Call: output of type void [line: 73]
.   .   .   Child: 0  Id: z of type int [mem: Local loc: -4 size: 1] [line: 73]
.   .   Sibling: 13  Call: outnl of type void [line: 74]
Sibling: 10  Func: swap returns type void [mem: Global loc: 0 size: -5] [line: 77]
.   Child: 0  Parm: x of array of type int [mem: Parameter loc: -2 size: 1] [line: 77]
.   Sibling: 1  Parm: z1 of type int [mem: Parameter loc: -3 size: 1] [line: 77]
.   Sibling: 2  Parm: z2 of type int [mem: Parameter loc: -4 size: 1] [line: 77]
.   Child: 1  Compound [mem: None loc: 0 size: -6] [line: 78]
.   .   Child: 0  Var: tmp of type int [mem: Local loc: -5 size: 1] [line: 79]
.   .   Child: 1  Assign: <- of type int [line: 80]
.   .   .   Child: 0  Id: tmp of type int [mem: Local loc: -5 size: 1] [line: 80]
.   .   .   Child: 1  Op: [ of type int [line: 80]
.   .   .   .   Child: 0  Id: x of array of type int [mem: Parameter loc: -2 size: 1] [line: 80]
.   .   .   .   Child: 1  Id: z1 of type int [mem: Parameter loc: -3 size: 1] [line: 80]
.   .   Sibling: 1  Assign: <- of type int [line: 81]
.   .   .   Child: 0  Op: [ of type int [line: 81]
.   .   .   .   Child: 0  Id: x of array of type int [mem: Parameter loc: -2 size: 1] [line: 81]
.   .   .   .   Child: 1  Id: z1 of type int [mem: Parameter loc: -3 size: 1] [line: 81]
.   .   .   Child: 1  Op: [ of type int [line: 81]
.   .   .   .   Child: 0  Id: x of array of type int [mem: Parameter loc: -2 size: 1] [line: 81]
.   .   .   .   Child: 1  Id: z2 of type int [mem: Parameter loc: -4 size: 1] [line: 81]
.   .   Sibling: 2  Assign: <- of type int [line: 82]
.   .   .   Child: 0  Op: [ of type int [line: 82]
.   .   .   .   Child: 0  Id: x of array of type int [mem: Parameter loc: -2 size: 1] [line: 82]
.   .   .   .   Child: 1  Id: z2 of type int [mem: Parameter loc: -4 size: 1] [line: 82]
.   .   .   Child: 1  Id: tmp of type int [mem: Local loc: -5 size: 1] [line: 82]
Sibling: 11  Func: main returns type void [mem: Global loc: 0 size: -2] [line: 85]
.   Child: 1  Compound [mem: None loc: 0 size: -26] [line: 86]
.   .   Child: 0  Var: p of type int [mem: Local loc: -2 size: 1] [line: 87]
.   .   Sibling: 1  Var: q of type int [mem: Local loc: -3 size: 1] [line: 87]
.   .   Sibling: 2  Var: r of array of type int [mem: Local loc: -5 size: 11] [line: 87]
.   .   Sibling: 3  Var: s of array of type int [mem: Local loc: -16 size: 11] [line: 87]
.   .   Child: 1  Assign: <- of type int [line: 89]
.   .   .   Child: 0  Id: p of type int [mem: Local loc: -2 size: 1] [line: 89]
.   .   .   Child: 1  Const 0 of type int [line: 89]
.   .   Sibling: 1  While [line: 90]
.   .   .   Child: 0  Op: < of type bool [line: 90]
.   .   .   .   Child: 0  Id: p of type int [mem: Local loc: -2 size: 1] [line: 90]
.   .   .   .   Child: 1  Const 10 of type int [line: 90]
.   .   .   Child: 1  Compound [mem: None loc: 0 size: -26] [line: 90]
.   .   .   .   Child: 1  Assign: <- of type int [line: 91]
.   .   .   .   .   Child: 0  Op: [ of type int [line: 91]
.   .   .   .   .   .   Child: 0  Id: r of array of type int [mem: Local loc: -5 size: 11] [line: 91]
.   .   .   .   .   .   Child: 1  Id: p of type int [mem: Local loc: -2 size: 1] [line: 91]
.   .   .   .   .   Child: 1  Id: p of type int [mem: Local loc: -2 size: 1] [line: 91]
.   .   .   .   Sibling: 1  Assign: ++ of type int [line: 92]
.   .   .   .   .   Child: 0  Id: p of type int [mem: Local loc: -2 size: 1] [line: 92]
.   .   Sibling: 2  Assign: <- of type int [line: 95]
.   .   .   Child: 0  Id: p of type int [mem: Local loc: -2 size: 1] [line: 95]
.   .   .   Child: 1  Const 111 of type int [line: 95]
.   .   Sibling: 3  Assign: <- of type int [line: 96]
.   .   .   Child: 0  Id: q of type int [mem: Local loc: -3 size: 1] [line: 96]
.   .   .   Child: 1  Const 222 of type int [line: 96]
.   .   Sibling: 4  Assign: <- of type int [line: 97]
.   .   .   Child: 0  Op: [ of type int [line: 97]
.   .   .   .   Child: 0  Id: r of array of type int [mem: Local loc: -5 size: 11] [line: 97]
.   .   .   .   Child: 1  Const 7 of type int [line: 97]
.   .   .   Child: 1  Const 333 of type int [line: 97]
.   .   Sibling: 5  Assign: <- of type int [line: 98]
.   .   .   Child: 0  Op: [ of type int [line: 98]
.   .   .   .   Child: 0  Id: s of array of type int [mem: Local loc: -16 size: 11] [line: 98]
.   .   .   .   Child: 1  Const 7 of type int [line: 98]
.   .   .   Child: 1  Const 444 of type int [line: 98]
.   .   Sibling: 6  Call: showInt of type int [line: 100]
.   .   .   Child: 0  Id: p of type int [mem: Local loc: -2 size: 1] [line: 100]
.   .   Sibling: 7  Call: showIntArray of type int [line: 102]
.   .   .   Child: 0  Id: r of array of type int [mem: Local loc: -5 size: 11] [line: 102]
.   .   .   Sibling: 1  Const 10 of type int [line: 102]
.   .   Sibling: 8  Call: showBool of type int [line: 104]
.   .   .   Child: 0  Call: truth of type bool [line: 104]
.   .   Sibling: 9  Call: output of type void [line: 106]
.   .   .   Child: 0  Call: showInt of type int [line: 106]
.   .   .   .   Child: 0  Id: p of type int [mem: Local loc: -2 size: 1] [line: 106]
.   .   Sibling: 10  Call: output of type void [line: 107]
.   .   .   Child: 0  Call: showBool of type int [line: 107]
.   .   .   .   Child: 0  Call: truth of type bool [line: 107]
.   .   Sibling: 11  Call: caller of type void [line: 109]
.   .   .   Child: 0  Id: p of type int [mem: Local loc: -2 size: 1] [line: 109]
.   .   .   Sibling: 1  Id: r of array of type int [mem: Local loc: -5 size: 11] [line: 109]
.   .   Sibling: 12  Call: output of type void [line: 111]
.   .   .   Child: 0  Call: add of type int [line: 111]
.   .   .   .   Child: 0  Call: add of type int [line: 111]
.   .   .   .   .   Child: 0  Id: p of type int [mem: Local loc: -2 size: 1] [line: 111]
.   .   .   .   .   Sibling: 1  Id: q of type int [mem: Local loc: -3 size: 1] [line: 111]
.   .   .   .   Sibling: 1  Call: mul of type int [line: 111]
.   .   .   .   .   Child: 0  Id: p of type int [mem: Local loc: -2 size: 1] [line: 111]
.   .   .   .   .   Sibling: 1  Id: q of type int [mem: Local loc: -3 size: 1] [line: 111]
.   .   Sibling: 13  Call: outnl of type void [line: 112]
.   .   Sibling: 14  Assign: <- of type int [line: 113]
.   .   .   Child: 0  Op: [ of type int [line: 113]
.   .   .   .   Child: 0  Id: r of array of type int [mem: Local loc: -5 size: 11] [line: 113]
.   .   .   .   Child: 1  Const 9 of type int [line: 113]
.   .   .   Child: 1  Const 555 of type int [line: 113]
.   .   Sibling: 15  Call: swap of type void [line: 114]
.   .   .   Child: 0  Id: r of array of type int [mem: Local loc: -5 size: 11] [line: 114]
.   .   .   Sibling: 1  Const 7 of type int [line: 114]
.   .   .   Sibling: 2  Const 9 of type int [line: 114]
.   .   Sibling: 16  Call: output of type void [line: 115]
.   .   .   Child: 0  Op: [ of type int [line: 115]
.   .   .   .   Child: 0  Id: r of array of type int [mem: Local loc: -5 size: 11] [line: 115]
.   .   .   .   Child: 1  Const 9 of type int [line: 115]
.   .   Sibling: 17  Call: outnl of type void [line: 116]
.   .   Sibling: 18  Call: output of type void [line: 117]
.   .   .   Child: 0  Op: * of type int [line: 117]
.   .   .   .   Child: 0  Const 2 of type int [line: 117]
.   .   .   .   Child: 1  Call: add of type int [line: 117]
.   .   .   .   .   Child: 0  Op: * of type int [line: 117]
.   .   .   .   .   .   Child: 0  Call: add of type int [line: 117]
.   .   .   .   .   .   .   Child: 0  Op: * of type int [line: 117]
.   .   .   .   .   .   .   .   Child: 0  Const 3 of type int [line: 117]
.   .   .   .   .   .   .   .   Child: 1  Const 4 of type int [line: 117]
.   .   .   .   .   .   .   Sibling: 1  Op: * of type int [line: 117]
.   .   .   .   .   .   .   .   Child: 0  Const 5 of type int [line: 117]
.   .   .   .   .   .   .   .   Child: 1  Const 6 of type int [line: 117]
.   .   .   .   .   .   Child: 1  Const 7 of type int [line: 117]
.   .   .   .   .   Sibling: 1  Op: * of type int [line: 117]
.   .   .   .   .   .   Child: 0  Call: add of type int [line: 117]
.   .   .   .   .   .   .   Child: 0  Op: * of type int [line: 117]
.   .   .   .   .   .   .   .   Child: 0  Const 9 of type int [line: 117]
.   .   .   .   .   .   .   .   Child: 1  Const 10 of type int [line: 117]
.   .   .   .   .   .   .   Sibling: 1  Op: * of type int [line: 117]
.   .   .   .   .   .   .   .   Child: 0  Const 11 of type int [line: 117]
.   .   .   .   .   .   .   .   Child: 1  Const 12 of type int [line: 117]
.   .   .   .   .   .   Child: 1  Const 13 of type int [line: 117]
.   .   Sibling: 19  Call: outnl of type void [line: 118]
Offset for end of global space: -1
Number of warnings: 4
Number of errors: 0
