====================================
FILE: callconst.c-
WARNING(11): The function 'array' seems not to be used.
Func: scalar returns type void [mem: Global loc: 0 size: -5] [line: 2]
.   Child: 0  Parm: a of type int [mem: Parameter loc: -2 size: 1] [line: 2]
.   Sibling: 1  Parm: b of type bool [mem: Parameter loc: -3 size: 1] [line: 2]
.   Sibling: 2  Parm: c of type char [mem: Parameter loc: -4 size: 1] [line: 2]
.   Child: 1  Compound [mem: None loc: 0 size: -5] [line: 3]
.   .   Child: 1  Call: output of type void [line: 4]
.   .   .   Child: 0  Id: a of type int [mem: Parameter loc: -2 size: 1] [line: 4]
.   .   Sibling: 1  Call: outputb of type void [line: 5]
.   .   .   Child: 0  Id: b of type bool [mem: Parameter loc: -3 size: 1] [line: 5]
.   .   Sibling: 2  Call: outputc of type void [line: 6]
.   .   .   Child: 0  Id: c of type char [mem: Parameter loc: -4 size: 1] [line: 6]
.   .   Sibling: 3  Call: outnl of type void [line: 7]
Sibling: 1  Func: array returns type void [mem: Global loc: 0 size: -5] [line: 11]
.   Child: 0  Parm: a of array of type int [mem: Parameter loc: -2 size: 1] [line: 11]
.   Sibling: 1  Parm: b of array of type bool [mem: Parameter loc: -3 size: 1] [line: 11]
.   Sibling: 2  Parm: c of array of type char [mem: Parameter loc: -4 size: 1] [line: 11]
.   Child: 1  Compound [mem: None loc: 0 size: -5] [line: 12]
.   .   Child: 1  Call: output of type void [line: 13]
.   .   .   Child: 0  Op: [ of type int [line: 13]
.   .   .   .   Child: 0  Id: a of array of type int [mem: Parameter loc: -2 size: 1] [line: 13]
.   .   .   .   Child: 1  Const 1 of type int [line: 13]
.   .   Sibling: 1  Call: outputb of type void [line: 14]
.   .   .   Child: 0  Op: [ of type bool [line: 14]
.   .   .   .   Child: 0  Id: b of array of type bool [mem: Parameter loc: -3 size: 1] [line: 14]
.   .   .   .   Child: 1  Const 2 of type int [line: 14]
.   .   Sibling: 2  Call: outputc of type void [line: 15]
.   .   .   Child: 0  Op: [ of type char [line: 15]
.   .   .   .   Child: 0  Id: c of array of type char [mem: Parameter loc: -4 size: 1] [line: 15]
.   .   .   .   Child: 1  Const 3 of type int [line: 15]
.   .   Sibling: 3  Call: outnl of type void [line: 16]
Sibling: 2  Func: main returns type void [mem: Global loc: 0 size: -2] [line: 20]
.   Child: 1  Compound [mem: None loc: 0 size: -2] [line: 21]
.   .   Child: 1  Call: scalar of type void [line: 22]
.   .   .   Child: 0  Const 111 of type int [line: 22]
.   .   .   Sibling: 1  Const true of type bool [line: 22]
.   .   .   Sibling: 2  Const 'x' of type char [line: 22]
Offset for end of global space: 0
Number of warnings: 1
Number of errors: 0
