====================================
FILE: callframes.c-
Func: min returns type int [mem: Global loc: 0 size: -4] [line: 2]
.   Child: 0  Parm: x of type int [mem: Parameter loc: -2 size: 1] [line: 2]
.   Sibling: 1  Parm: y of type int [mem: Parameter loc: -3 size: 1] [line: 2]
.   Child: 1  Compound [mem: None loc: 0 size: -4] [line: 2]
.   .   Child: 1  If [line: 2]
.   .   .   Child: 0  Op: > of type bool [line: 2]
.   .   .   .   Child: 0  Id: x of type int [mem: Parameter loc: -2 size: 1] [line: 2]
.   .   .   .   Child: 1  Id: y of type int [mem: Parameter loc: -3 size: 1] [line: 2]
.   .   .   Child: 1  Return [line: 2]
.   .   .   .   Child: 0  Id: y of type int [mem: Parameter loc: -3 size: 1] [line: 2]
.   .   .   Child: 2  Return [line: 2]
.   .   .   .   Child: 0  Id: x of type int [mem: Parameter loc: -2 size: 1] [line: 2]
Sibling: 1  Func: f returns type int [mem: Global loc: 0 size: -3] [line: 3]
.   Child: 0  Parm: n of type int [mem: Parameter loc: -2 size: 1] [line: 3]
.   Child: 1  Compound [mem: None loc: 0 size: -3] [line: 3]
.   .   Child: 1  If [line: 3]
.   .   .   Child: 0  Op: <= of type bool [line: 3]
.   .   .   .   Child: 0  Id: n of type int [mem: Parameter loc: -2 size: 1] [line: 3]
.   .   .   .   Child: 1  Const 2 of type int [line: 3]
.   .   .   Child: 1  Return [line: 3]
.   .   .   .   Child: 0  Const 1 of type int [line: 3]
.   .   .   Child: 2  Return [line: 3]
.   .   .   .   Child: 0  Op: + of type int [line: 3]
.   .   .   .   .   Child: 0  Call: f of type int [line: 3]
.   .   .   .   .   .   Child: 0  Op: - of type int [line: 3]
.   .   .   .   .   .   .   Child: 0  Id: n of type int [mem: Parameter loc: -2 size: 1] [line: 3]
.   .   .   .   .   .   .   Child: 1  Const 1 of type int [line: 3]
.   .   .   .   .   Child: 1  Call: f of type int [line: 3]
.   .   .   .   .   .   Child: 0  Op: - of type int [line: 3]
.   .   .   .   .   .   .   Child: 0  Id: n of type int [mem: Parameter loc: -2 size: 1] [line: 3]
.   .   .   .   .   .   .   Child: 1  Const 2 of type int [line: 3]
Sibling: 2  Func: g returns type int [mem: Global loc: 0 size: -3] [line: 4]
.   Child: 0  Parm: n of type int [mem: Parameter loc: -2 size: 1] [line: 4]
.   Child: 1  Compound [mem: None loc: 0 size: -3] [line: 4]
.   .   Child: 1  Return [line: 4]
.   .   .   Child: 0  Call: f of type int [line: 4]
.   .   .   .   Child: 0  Call: min of type int [line: 4]
.   .   .   .   .   Child: 0  Const 10 of type int [line: 4]
.   .   .   .   .   Sibling: 1  Op: - of type int [line: 4]
.   .   .   .   .   .   Child: 0  Op: * of type int [line: 4]
.   .   .   .   .   .   .   Child: 0  Const 666 of type int [line: 4]
.   .   .   .   .   .   .   Child: 1  Call: f of type int [line: 4]
.   .   .   .   .   .   .   .   Child: 0  Id: n of type int [mem: Parameter loc: -2 size: 1] [line: 4]
.   .   .   .   .   .   Child: 1  Op: * of type int [line: 4]
.   .   .   .   .   .   .   Child: 0  Const 777 of type int [line: 4]
.   .   .   .   .   .   .   Child: 1  Call: f of type int [line: 4]
.   .   .   .   .   .   .   .   Child: 0  Op: + of type int [line: 4]
.   .   .   .   .   .   .   .   .   Child: 0  Id: n of type int [mem: Parameter loc: -2 size: 1] [line: 4]
.   .   .   .   .   .   .   .   .   Child: 1  Const 1 of type int [line: 4]
Sibling: 3  Func: main returns type void [mem: Global loc: 0 size: -2] [line: 6]
.   Child: 1  Compound [mem: None loc: 0 size: -2] [line: 7]
.   .   Child: 1  Call: output of type void [line: 8]
.   .   .   Child: 0  Op: + of type int [line: 8]
.   .   .   .   Child: 0  Call: f of type int [line: 8]
.   .   .   .   .   Child: 0  Const 2 of type int [line: 8]
.   .   .   .   Child: 1  Call: f of type int [line: 8]
.   .   .   .   .   Child: 0  Const 3 of type int [line: 8]
.   .   Sibling: 1  Call: outnl of type void [line: 8]
.   .   Sibling: 2  Call: output of type void [line: 9]
.   .   .   Child: 0  Call: g of type int [line: 9]
.   .   .   .   Child: 0  Const 2 of type int [line: 9]
.   .   Sibling: 3  Call: outnl of type void [line: 9]
.   .   Sibling: 4  If [line: 10]
.   .   .   Child: 0  Const false of type bool [line: 10]
.   .   .   Child: 1  Call: main of type void [line: 10]
Offset for end of global space: 0
Number of warnings: 0
Number of errors: 0
