====================================
FILE: chararray.c-
WARNING(7): Variable 'a' may be uninitialized when used here.
WARNING(9): Variable 'b' may be uninitialized when used here.
Func: main returns type void [mem: Global loc: 0 size: -2] [line: 2]
.   Child: 1  Compound [mem: None loc: 0 size: -18] [line: 3]
.   .   Child: 0  Var: a of array of type char [mem: Local loc: -3 size: 4] [line: 4]
.   .   Sibling: 1  Var: b of array of type char [mem: Local loc: -7 size: 4] [line: 4]
.   .   Sibling: 2  Var: c of array of type char [mem: Local loc: -11 size: 3] [line: 5]
.   .   Sibling: 3  Var: d of array of type char [mem: Local loc: -14 size: 5] [line: 5]
.   .   Child: 1  Op: [ of type char [line: 7]
.   .   .   Child: 0  Id: a of array of type char [mem: Local loc: -3 size: 4] [line: 7]
.   .   .   Child: 1  Const 666 of type int [line: 7]
.   .   Sibling: 1  Assign: <- of type char [line: 8]
.   .   .   Child: 0  Op: [ of type char [line: 8]
.   .   .   .   Child: 0  Id: a of array of type char [mem: Local loc: -3 size: 4] [line: 8]
.   .   .   .   Child: 1  Const 666 of type int [line: 8]
.   .   .   Child: 1  Const 'Q' of type char [line: 8]
.   .   Sibling: 2  Assign: <- of type char [line: 9]
.   .   .   Child: 0  Op: [ of type char [line: 9]
.   .   .   .   Child: 0  Id: a of array of type char [mem: Local loc: -3 size: 4] [line: 9]
.   .   .   .   Child: 1  Const 666 of type int [line: 9]
.   .   .   Child: 1  Op: [ of type char [line: 9]
.   .   .   .   Child: 0  Id: b of array of type char [mem: Local loc: -7 size: 4] [line: 9]
.   .   .   .   Child: 1  Const 777 of type int [line: 9]
.   .   Sibling: 3  Assign: <- of array of type char [line: 10]
.   .   .   Child: 0  Id: a of array of type char [mem: Local loc: -3 size: 4] [line: 10]
.   .   .   Child: 1  Const "dog" of array of type char [mem: Global loc: -1 size: 4] [line: 10]
.   .   Sibling: 4  Assign: <- of array of type char [line: 11]
.   .   .   Child: 0  Id: b of array of type char [mem: Local loc: -7 size: 4] [line: 11]
.   .   .   Child: 1  Id: a of array of type char [mem: Local loc: -3 size: 4] [line: 11]
.   .   Sibling: 5  Assign: <- of array of type char [line: 12]
.   .   .   Child: 0  Id: c of array of type char [mem: Local loc: -11 size: 3] [line: 12]
.   .   .   Child: 1  Id: a of array of type char [mem: Local loc: -3 size: 4] [line: 12]
.   .   Sibling: 6  Assign: <- of array of type char [line: 13]
.   .   .   Child: 0  Id: d of array of type char [mem: Local loc: -14 size: 5] [line: 13]
.   .   .   Child: 1  Id: a of array of type char [mem: Local loc: -3 size: 4] [line: 13]
Offset for end of global space: -4
Number of warnings: 2
Number of errors: 0
