====================================
FILE: const2.c-
WARNING(9): The variable 'z' seems not to be used.
WARNING(5): The variable 'c' seems not to be used.
WARNING(4): The variable 'x' seems not to be used.
WARNING(4): The variable 'y' seems not to be used.
WARNING(1): The variable 'g' seems not to be used.
WARNING(12): The variable 'h' seems not to be used.
Var: g of type int [mem: Global loc: 0 size: 1] [line: 1]
Sibling: 1  Func: main returns type void [mem: Global loc: 0 size: -2] [line: 2]
.   Child: 1  Compound [mem: None loc: 0 size: -105] [line: 3]
.   .   Child: 0  Var: x of type int [mem: Local loc: -2 size: 1] [line: 4]
.   .   Sibling: 1  Var: y of type int [mem: Local loc: -3 size: 1] [line: 4]
.   .   Sibling: 2  Var: c of array of type char [mem: Local loc: -5 size: 101] [line: 5]
.   .   Child: 1  Const "dogs" of array of type char [mem: Global loc: -2 size: 5] [line: 6]
.   .   Sibling: 1  Const "horses" of array of type char [mem: Global loc: -7 size: 7] [line: 7]
.   .   Sibling: 2  Compound [mem: None loc: 0 size: -106] [line: 8]
.   .   .   Child: 0  Var: z of type int [mem: Local loc: -105 size: 1] [line: 9]
Sibling: 2  Var: h of type int [mem: Global loc: -13 size: 1] [line: 12]
Offset for end of global space: -14
Number of warnings: 6
Number of errors: 0
