====================================
FILE: control2.c-
Func: main returns type void [mem: Global loc: 0 size: -2] [line: 1]
.   Child: 1  Compound [mem: None loc: 0 size: -4] [line: 1]
.   .   Child: 0  Var: x of type bool [mem: Local loc: -2 size: 1] [line: 2]
.   .   Sibling: 1  Var: y of type bool [mem: Local loc: -3 size: 1] [line: 2]
.   .   Child: 1  Assign: <- of type bool [line: 4]
.   .   .   Child: 0  Id: x of type bool [mem: Local loc: -2 size: 1] [line: 4]
.   .   .   Child: 1  Const true of type bool [line: 4]
.   .   Sibling: 1  Assign: <- of type bool [line: 5]
.   .   .   Child: 0  Id: y of type bool [mem: Local loc: -3 size: 1] [line: 5]
.   .   .   Child: 1  Const false of type bool [line: 5]
.   .   Sibling: 2  If [line: 7]
.   .   .   Child: 0  Id: x of type bool [mem: Local loc: -2 size: 1] [line: 7]
.   .   .   Child: 1  Const 111 of type int [line: 7]
.   .   Sibling: 3  If [line: 9]
.   .   .   Child: 0  Id: y of type bool [mem: Local loc: -3 size: 1] [line: 9]
.   .   .   Child: 1  Const 222 of type int [line: 9]
.   .   .   Child: 2  Const 333 of type int [line: 10]
.   .   Sibling: 4  If [line: 12]
.   .   .   Child: 0  Id: x of type bool [mem: Local loc: -2 size: 1] [line: 12]
.   .   .   Child: 1  If [line: 12]
.   .   .   .   Child: 0  Id: y of type bool [mem: Local loc: -3 size: 1] [line: 12]
.   .   .   .   Child: 1  Const 444 of type int [line: 12]
.   .   .   .   Child: 2  Const 555 of type int [line: 13]
.   .   Sibling: 5  While [line: 15]
.   .   .   Child: 0  Id: x of type bool [mem: Local loc: -2 size: 1] [line: 15]
.   .   .   Child: 1  Const 666 of type int [line: 15]
.   .   Sibling: 6  While [line: 17]
.   .   .   Child: 0  Id: y of type bool [mem: Local loc: -3 size: 1] [line: 17]
.   .   .   Child: 1  Compound [mem: None loc: 0 size: -4] [line: 17]
.   .   .   .   Child: 1  Const 777 of type int [line: 18]
.   .   .   .   Sibling: 1  Break [line: 19]
.   .   .   .   Sibling: 2  Const 888 of type int [line: 20]
.   .   .   .   Sibling: 3  Break [line: 21]
.   .   .   .   Sibling: 4  Const 999 of type int [line: 22]
.   .   Sibling: 7  While [line: 25]
.   .   .   Child: 0  Id: x of type bool [mem: Local loc: -2 size: 1] [line: 25]
.   .   .   Child: 1  Compound [mem: None loc: 0 size: -4] [line: 25]
.   .   .   .   Child: 1  Const 111 of type int [line: 26]
.   .   .   .   Sibling: 1  Break [line: 27]
.   .   .   .   Sibling: 2  While [line: 28]
.   .   .   .   .   Child: 0  Id: y of type bool [mem: Local loc: -3 size: 1] [line: 28]
.   .   .   .   .   Child: 1  Compound [mem: None loc: 0 size: -4] [line: 28]
.   .   .   .   .   .   Child: 1  Const 222 of type int [line: 29]
.   .   .   .   .   .   Sibling: 1  Break [line: 30]
.   .   .   .   .   .   Sibling: 2  Const 333 of type int [line: 31]
.   .   .   .   Sibling: 3  Break [line: 33]
.   .   .   .   Sibling: 4  Const 444 of type int [line: 34]
Offset for end of global space: 0
Number of warnings: 0
Number of errors: 0
