====================================
FILE: defused.c-
ERROR(7): Symbol 'v' is already declared at line 6.
ERROR(8): Symbol 'x' is already declared at line 6.
WARNING(12): Variable 'y' may be uninitialized when used here.
ERROR(13): Symbol 'w' is not declared.
ERROR(13): Symbol 'u' is not declared.
WARNING(6): The variable 'v' seems not to be used.
WARNING(6): The variable 'z' seems not to be used.
ERROR(16): Symbol 'bob' is already declared at line 1.
ERROR(16): Symbol 'bob' is already declared at line 16.
ERROR(17): Initializer for variable 'bob' is not a constant expression.
ERROR(17): Symbol 'bob' is already declared at line 16.
ERROR(20): Symbol 'bob' is already declared at line 19.
WARNING(19): The variable 'bob' seems not to be used.
ERROR(31): Symbol 'bob' is already declared at line 1.
ERROR(33): Symbol 'bob' is already declared at line 1.
ERROR(33): Symbol 'a' is already declared at line 33.
WARNING(39): Variable 'dave' may be uninitialized when used here.
WARNING(33): The parameter 'a' seems not to be used.
WARNING(2): The variable 'x' seems not to be used.
Number of warnings: 7
Number of errors: 12
