====================================
FILE: exampleScope.c-
WARNING(9): The variable 'c' seems not to be used.
WARNING(7): The variable 'b' seems not to be used.
WARNING(15): The variable 'e' seems not to be used.
WARNING(16): The variable 'f' seems not to be used.
WARNING(13): The variable 'd' seems not to be used.
WARNING(5): The variable 'a' seems not to be used.
WARNING(2): The variable 'g' seems not to be used.
Var: g of type int [mem: Global loc: 0 size: 1] [line: 2]
Sibling: 1  Func: main returns type void [mem: Global loc: 0 size: -2] [line: 4]
.   Child: 1  Compound [mem: None loc: 0 size: -3] [line: 4]
.   .   Child: 0  Var: a of type int [mem: Local loc: -2 size: 1] [line: 5]
.   .   Child: 1  Compound [mem: None loc: 0 size: -4] [line: 6]
.   .   .   Child: 0  Var: b of type int [mem: Local loc: -3 size: 1] [line: 7]
.   .   .   Child: 1  Compound [mem: None loc: 0 size: -5] [line: 8]
.   .   .   .   Child: 0  Var: c of type int [mem: Local loc: -4 size: 1] [line: 9]
.   .   Sibling: 1  Compound [mem: None loc: 0 size: -4] [line: 12]
.   .   .   Child: 0  Var: d of type int [mem: Local loc: -3 size: 1] [line: 13]
.   .   .   Child: 1  Compound [mem: None loc: 0 size: -6] [line: 14]
.   .   .   .   Child: 0  Var: e of type int [mem: Local loc: -4 size: 1] [line: 15]
.   .   .   .   Sibling: 1  Var: f of type int [mem: Local loc: -5 size: 1] [line: 16]
Offset for end of global space: -1
Number of warnings: 7
Number of errors: 0
