====================================
FILE: exp.c-
Func: ident returns type int [mem: Global loc: 0 size: -3] [line: 2]
.   Child: 0  Parm: x of type int [mem: Parameter loc: -2 size: 1] [line: 2]
.   Child: 1  Compound [mem: None loc: 0 size: -3] [line: 2]
.   .   Child: 1  Return [line: 2]
.   .   .   Child: 0  Id: x of type int [mem: Parameter loc: -2 size: 1] [line: 2]
Sibling: 1  Func: main returns type void [mem: Global loc: 0 size: -2] [line: 4]
.   Child: 1  Compound [mem: None loc: 0 size: -3] [line: 5]
.   .   Child: 0  Var: x of type bool [mem: Local loc: -2 size: 1] [line: 6]
.   .   Child: 1  Call: output of type void [line: 8]
.   .   .   Child: 0  Call: ident of type int [line: 8]
.   .   .   .   Child: 0  Const 111 of type int [line: 8]
.   .   Sibling: 1  Call: output of type void [line: 9]
.   .   .   Child: 0  Op: * of type int [line: 9]
.   .   .   .   Child: 0  Call: ident of type int [line: 9]
.   .   .   .   .   Child: 0  Const 111 of type int [line: 9]
.   .   .   .   Child: 1  Const 222 of type int [line: 9]
.   .   Sibling: 2  Call: output of type void [line: 10]
.   .   .   Child: 0  Op: * of type int [line: 10]
.   .   .   .   Child: 0  Const 222 of type int [line: 10]
.   .   .   .   Child: 1  Call: ident of type int [line: 10]
.   .   .   .   .   Child: 0  Const 111 of type int [line: 10]
.   .   Sibling: 3  Call: outnl of type void [line: 11]
.   .   Sibling: 4  Call: output of type void [line: 12]
.   .   .   Child: 0  Op: + of type int [line: 12]
.   .   .   .   Child: 0  Op: * of type int [line: 12]
.   .   .   .   .   Child: 0  Call: ident of type int [line: 12]
.   .   .   .   .   .   Child: 0  Const 111 of type int [line: 12]
.   .   .   .   .   Child: 1  Const 222 of type int [line: 12]
.   .   .   .   Child: 1  Const 333 of type int [line: 12]
.   .   Sibling: 5  Call: output of type void [line: 13]
.   .   .   Child: 0  Op: * of type int [line: 13]
.   .   .   .   Child: 0  Op: + of type int [line: 13]
.   .   .   .   .   Child: 0  Call: ident of type int [line: 13]
.   .   .   .   .   .   Child: 0  Const 111 of type int [line: 13]
.   .   .   .   .   Child: 1  Const 222 of type int [line: 13]
.   .   .   .   Child: 1  Const 333 of type int [line: 13]
.   .   Sibling: 6  Call: outnl of type void [line: 14]
.   .   Sibling: 7  Call: output of type void [line: 15]
.   .   .   Child: 0  Op: chsign of type int [line: 15]
.   .   .   .   Child: 0  Op: + of type int [line: 15]
.   .   .   .   .   Child: 0  Call: ident of type int [line: 15]
.   .   .   .   .   .   Child: 0  Const 111 of type int [line: 15]
.   .   .   .   .   Child: 1  Const 222 of type int [line: 15]
.   .   Sibling: 8  Call: output of type void [line: 16]
.   .   .   Child: 0  Op: chsign of type int [line: 16]
.   .   .   .   Child: 0  Op: chsign of type int [line: 16]
.   .   .   .   .   Child: 0  Op: + of type int [line: 16]
.   .   .   .   .   .   Child: 0  Call: ident of type int [line: 16]
.   .   .   .   .   .   .   Child: 0  Const 111 of type int [line: 16]
.   .   .   .   .   .   Child: 1  Const 222 of type int [line: 16]
.   .   Sibling: 9  Call: outnl of type void [line: 17]
.   .   Sibling: 10  Call: output of type void [line: 18]
.   .   .   Child: 0  Op: * of type int [line: 18]
.   .   .   .   Child: 0  Op: chsign of type int [line: 18]
.   .   .   .   .   Child: 0  Op: chsign of type int [line: 18]
.   .   .   .   .   .   Child: 0  Op: + of type int [line: 18]
.   .   .   .   .   .   .   Child: 0  Call: ident of type int [line: 18]
.   .   .   .   .   .   .   .   Child: 0  Const 111 of type int [line: 18]
.   .   .   .   .   .   .   Child: 1  Const 222 of type int [line: 18]
.   .   .   .   Child: 1  Const 333 of type int [line: 18]
.   .   Sibling: 11  Call: output of type void [line: 19]
.   .   .   Child: 0  Op: / of type int [line: 19]
.   .   .   .   Child: 0  Op: * of type int [line: 19]
.   .   .   .   .   Child: 0  Op: chsign of type int [line: 19]
.   .   .   .   .   .   Child: 0  Op: chsign of type int [line: 19]
.   .   .   .   .   .   .   Child: 0  Op: + of type int [line: 19]
.   .   .   .   .   .   .   .   Child: 0  Call: ident of type int [line: 19]
.   .   .   .   .   .   .   .   .   Child: 0  Const 111 of type int [line: 19]
.   .   .   .   .   .   .   .   Child: 1  Const 222 of type int [line: 19]
.   .   .   .   .   Child: 1  Const 333 of type int [line: 19]
.   .   .   .   Child: 1  Const 444 of type int [line: 19]
.   .   Sibling: 12  Call: output of type void [line: 20]
.   .   .   Child: 0  Op: % of type int [line: 20]
.   .   .   .   Child: 0  Op: / of type int [line: 20]
.   .   .   .   .   Child: 0  Op: * of type int [line: 20]
.   .   .   .   .   .   Child: 0  Op: chsign of type int [line: 20]
.   .   .   .   .   .   .   Child: 0  Op: chsign of type int [line: 20]
.   .   .   .   .   .   .   .   Child: 0  Op: + of type int [line: 20]
.   .   .   .   .   .   .   .   .   Child: 0  Call: ident of type int [line: 20]
.   .   .   .   .   .   .   .   .   .   Child: 0  Const 111 of type int [line: 20]
.   .   .   .   .   .   .   .   .   Child: 1  Const 222 of type int [line: 20]
.   .   .   .   .   .   Child: 1  Const 333 of type int [line: 20]
.   .   .   .   .   Child: 1  Const 444 of type int [line: 20]
.   .   .   .   Child: 1  Const 42 of type int [line: 20]
.   .   Sibling: 13  Call: outnl of type void [line: 21]
.   .   Sibling: 14  Call: outputb of type void [line: 22]
.   .   .   Child: 0  Op: <= of type bool [line: 22]
.   .   .   .   Child: 0  Op: + of type int [line: 22]
.   .   .   .   .   Child: 0  Op: % of type int [line: 22]
.   .   .   .   .   .   Child: 0  Op: / of type int [line: 22]
.   .   .   .   .   .   .   Child: 0  Op: * of type int [line: 22]
.   .   .   .   .   .   .   .   Child: 0  Op: chsign of type int [line: 22]
.   .   .   .   .   .   .   .   .   Child: 0  Op: chsign of type int [line: 22]
.   .   .   .   .   .   .   .   .   .   Child: 0  Op: + of type int [line: 22]
.   .   .   .   .   .   .   .   .   .   .   Child: 0  Call: ident of type int [line: 22]
.   .   .   .   .   .   .   .   .   .   .   .   Child: 0  Const 111 of type int [line: 22]
.   .   .   .   .   .   .   .   .   .   .   Child: 1  Const 222 of type int [line: 22]
.   .   .   .   .   .   .   .   Child: 1  Const 333 of type int [line: 22]
.   .   .   .   .   .   .   Child: 1  Const 444 of type int [line: 22]
.   .   .   .   .   .   Child: 1  Const 42 of type int [line: 22]
.   .   .   .   .   Child: 1  Const 555 of type int [line: 22]
.   .   .   .   Child: 1  Const 666 of type int [line: 22]
.   .   Sibling: 15  Call: outputb of type void [line: 23]
.   .   .   Child: 0  Op: >= of type bool [line: 23]
.   .   .   .   Child: 0  Op: + of type int [line: 23]
.   .   .   .   .   Child: 0  Op: % of type int [line: 23]
.   .   .   .   .   .   Child: 0  Op: / of type int [line: 23]
.   .   .   .   .   .   .   Child: 0  Op: * of type int [line: 23]
.   .   .   .   .   .   .   .   Child: 0  Op: chsign of type int [line: 23]
.   .   .   .   .   .   .   .   .   Child: 0  Op: chsign of type int [line: 23]
.   .   .   .   .   .   .   .   .   .   Child: 0  Op: + of type int [line: 23]
.   .   .   .   .   .   .   .   .   .   .   Child: 0  Call: ident of type int [line: 23]
.   .   .   .   .   .   .   .   .   .   .   .   Child: 0  Const 111 of type int [line: 23]
.   .   .   .   .   .   .   .   .   .   .   Child: 1  Const 222 of type int [line: 23]
.   .   .   .   .   .   .   .   Child: 1  Const 333 of type int [line: 23]
.   .   .   .   .   .   .   Child: 1  Const 444 of type int [line: 23]
.   .   .   .   .   .   Child: 1  Const 42 of type int [line: 23]
.   .   .   .   .   Child: 1  Const 555 of type int [line: 23]
.   .   .   .   Child: 1  Const 666 of type int [line: 23]
.   .   Sibling: 16  Call: outnl of type void [line: 24]
.   .   Sibling: 17  Call: outputb of type void [line: 25]
.   .   .   Child: 0  Op: not of type bool [line: 25]
.   .   .   .   Child: 0  Op: <= of type bool [line: 25]
.   .   .   .   .   Child: 0  Op: + of type int [line: 25]
.   .   .   .   .   .   Child: 0  Op: % of type int [line: 25]
.   .   .   .   .   .   .   Child: 0  Op: / of type int [line: 25]
.   .   .   .   .   .   .   .   Child: 0  Op: * of type int [line: 25]
.   .   .   .   .   .   .   .   .   Child: 0  Op: chsign of type int [line: 25]
.   .   .   .   .   .   .   .   .   .   Child: 0  Op: chsign of type int [line: 25]
.   .   .   .   .   .   .   .   .   .   .   Child: 0  Op: + of type int [line: 25]
.   .   .   .   .   .   .   .   .   .   .   .   Child: 0  Call: ident of type int [line: 25]
.   .   .   .   .   .   .   .   .   .   .   .   .   Child: 0  Const 111 of type int [line: 25]
.   .   .   .   .   .   .   .   .   .   .   .   Child: 1  Const 222 of type int [line: 25]
.   .   .   .   .   .   .   .   .   Child: 1  Const 333 of type int [line: 25]
.   .   .   .   .   .   .   .   Child: 1  Const 444 of type int [line: 25]
.   .   .   .   .   .   .   Child: 1  Const 42 of type int [line: 25]
.   .   .   .   .   .   Child: 1  Const 555 of type int [line: 25]
.   .   .   .   .   Child: 1  Const 666 of type int [line: 25]
.   .   Sibling: 18  Call: outputb of type void [line: 26]
.   .   .   Child: 0  Op: not of type bool [line: 26]
.   .   .   .   Child: 0  Op: not of type bool [line: 26]
.   .   .   .   .   Child: 0  Op: <= of type bool [line: 26]
.   .   .   .   .   .   Child: 0  Op: + of type int [line: 26]
.   .   .   .   .   .   .   Child: 0  Op: % of type int [line: 26]
.   .   .   .   .   .   .   .   Child: 0  Op: / of type int [line: 26]
.   .   .   .   .   .   .   .   .   Child: 0  Op: * of type int [line: 26]
.   .   .   .   .   .   .   .   .   .   Child: 0  Op: chsign of type int [line: 26]
.   .   .   .   .   .   .   .   .   .   .   Child: 0  Op: chsign of type int [line: 26]
.   .   .   .   .   .   .   .   .   .   .   .   Child: 0  Op: + of type int [line: 26]
.   .   .   .   .   .   .   .   .   .   .   .   .   Child: 0  Call: ident of type int [line: 26]
.   .   .   .   .   .   .   .   .   .   .   .   .   .   Child: 0  Const 111 of type int [line: 26]
.   .   .   .   .   .   .   .   .   .   .   .   .   Child: 1  Const 222 of type int [line: 26]
.   .   .   .   .   .   .   .   .   .   Child: 1  Const 333 of type int [line: 26]
.   .   .   .   .   .   .   .   .   Child: 1  Const 444 of type int [line: 26]
.   .   .   .   .   .   .   .   Child: 1  Const 42 of type int [line: 26]
.   .   .   .   .   .   .   Child: 1  Const 555 of type int [line: 26]
.   .   .   .   .   .   Child: 1  Const 666 of type int [line: 26]
.   .   Sibling: 19  Call: outnl of type void [line: 27]
.   .   Sibling: 20  Call: outputb of type void [line: 28]
.   .   .   Child: 0  Op: and of type bool [line: 28]
.   .   .   .   Child: 0  Op: not of type bool [line: 28]
.   .   .   .   .   Child: 0  Op: not of type bool [line: 28]
.   .   .   .   .   .   Child: 0  Op: <= of type bool [line: 28]
.   .   .   .   .   .   .   Child: 0  Op: + of type int [line: 28]
.   .   .   .   .   .   .   .   Child: 0  Op: % of type int [line: 28]
.   .   .   .   .   .   .   .   .   Child: 0  Op: / of type int [line: 28]
.   .   .   .   .   .   .   .   .   .   Child: 0  Op: * of type int [line: 28]
.   .   .   .   .   .   .   .   .   .   .   Child: 0  Op: chsign of type int [line: 28]
.   .   .   .   .   .   .   .   .   .   .   .   Child: 0  Op: chsign of type int [line: 28]
.   .   .   .   .   .   .   .   .   .   .   .   .   Child: 0  Op: + of type int [line: 28]
.   .   .   .   .   .   .   .   .   .   .   .   .   .   Child: 0  Call: ident of type int [line: 28]
.   .   .   .   .   .   .   .   .   .   .   .   .   .   .   Child: 0  Const 111 of type int [line: 28]
.   .   .   .   .   .   .   .   .   .   .   .   .   .   Child: 1  Const 222 of type int [line: 28]
.   .   .   .   .   .   .   .   .   .   .   Child: 1  Const 333 of type int [line: 28]
.   .   .   .   .   .   .   .   .   .   Child: 1  Const 444 of type int [line: 28]
.   .   .   .   .   .   .   .   .   Child: 1  Const 42 of type int [line: 28]
.   .   .   .   .   .   .   .   Child: 1  Const 555 of type int [line: 28]
.   .   .   .   .   .   .   Child: 1  Const 666 of type int [line: 28]
.   .   .   .   Child: 1  Op: < of type bool [line: 28]
.   .   .   .   .   Child: 0  Const 777 of type int [line: 28]
.   .   .   .   .   Child: 1  Const 888 of type int [line: 28]
.   .   Sibling: 21  Call: outputb of type void [line: 29]
.   .   .   Child: 0  Op: or of type bool [line: 29]
.   .   .   .   Child: 0  Op: and of type bool [line: 29]
.   .   .   .   .   Child: 0  Op: not of type bool [line: 29]
.   .   .   .   .   .   Child: 0  Op: not of type bool [line: 29]
.   .   .   .   .   .   .   Child: 0  Op: <= of type bool [line: 29]
.   .   .   .   .   .   .   .   Child: 0  Op: + of type int [line: 29]
.   .   .   .   .   .   .   .   .   Child: 0  Op: % of type int [line: 29]
.   .   .   .   .   .   .   .   .   .   Child: 0  Op: / of type int [line: 29]
.   .   .   .   .   .   .   .   .   .   .   Child: 0  Op: * of type int [line: 29]
.   .   .   .   .   .   .   .   .   .   .   .   Child: 0  Op: chsign of type int [line: 29]
.   .   .   .   .   .   .   .   .   .   .   .   .   Child: 0  Op: chsign of type int [line: 29]
.   .   .   .   .   .   .   .   .   .   .   .   .   .   Child: 0  Op: + of type int [line: 29]
.   .   .   .   .   .   .   .   .   .   .   .   .   .   .   Child: 0  Call: ident of type int [line: 29]
.   .   .   .   .   .   .   .   .   .   .   .   .   .   .   .   Child: 0  Const 111 of type int [line: 29]
.   .   .   .   .   .   .   .   .   .   .   .   .   .   .   Child: 1  Const 222 of type int [line: 29]
.   .   .   .   .   .   .   .   .   .   .   .   Child: 1  Const 333 of type int [line: 29]
.   .   .   .   .   .   .   .   .   .   .   Child: 1  Const 444 of type int [line: 29]
.   .   .   .   .   .   .   .   .   .   Child: 1  Const 42 of type int [line: 29]
.   .   .   .   .   .   .   .   .   Child: 1  Const 555 of type int [line: 29]
.   .   .   .   .   .   .   .   Child: 1  Const 666 of type int [line: 29]
.   .   .   .   .   Child: 1  Op: < of type bool [line: 29]
.   .   .   .   .   .   Child: 0  Const 777 of type int [line: 29]
.   .   .   .   .   .   Child: 1  Const 888 of type int [line: 29]
.   .   .   .   Child: 1  Op: != of type bool [line: 29]
.   .   .   .   .   Child: 0  Const 999 of type int [line: 29]
.   .   .   .   .   Child: 1  Const 1000 of type int [line: 29]
.   .   Sibling: 22  Call: outnl of type void [line: 30]
.   .   Sibling: 23  Call: outputb of type void [line: 31]
.   .   .   Child: 0  Assign: <- of type bool [line: 31]
.   .   .   .   Child: 0  Id: x of type bool [mem: Local loc: -2 size: 1] [line: 31]
.   .   .   .   Child: 1  Op: or of type bool [line: 31]
.   .   .   .   .   Child: 0  Op: and of type bool [line: 31]
.   .   .   .   .   .   Child: 0  Op: not of type bool [line: 31]
.   .   .   .   .   .   .   Child: 0  Op: not of type bool [line: 31]
.   .   .   .   .   .   .   .   Child: 0  Op: <= of type bool [line: 31]
.   .   .   .   .   .   .   .   .   Child: 0  Op: + of type int [line: 31]
.   .   .   .   .   .   .   .   .   .   Child: 0  Op: % of type int [line: 31]
.   .   .   .   .   .   .   .   .   .   .   Child: 0  Op: / of type int [line: 31]
.   .   .   .   .   .   .   .   .   .   .   .   Child: 0  Op: * of type int [line: 31]
.   .   .   .   .   .   .   .   .   .   .   .   .   Child: 0  Op: chsign of type int [line: 31]
.   .   .   .   .   .   .   .   .   .   .   .   .   .   Child: 0  Op: chsign of type int [line: 31]
.   .   .   .   .   .   .   .   .   .   .   .   .   .   .   Child: 0  Op: + of type int [line: 31]
.   .   .   .   .   .   .   .   .   .   .   .   .   .   .   .   Child: 0  Call: ident of type int [line: 31]
.   .   .   .   .   .   .   .   .   .   .   .   .   .   .   .   .   Child: 0  Const 111 of type int [line: 31]
.   .   .   .   .   .   .   .   .   .   .   .   .   .   .   .   Child: 1  Const 222 of type int [line: 31]
.   .   .   .   .   .   .   .   .   .   .   .   .   Child: 1  Const 333 of type int [line: 31]
.   .   .   .   .   .   .   .   .   .   .   .   Child: 1  Const 444 of type int [line: 31]
.   .   .   .   .   .   .   .   .   .   .   Child: 1  Const 42 of type int [line: 31]
.   .   .   .   .   .   .   .   .   .   Child: 1  Const 555 of type int [line: 31]
.   .   .   .   .   .   .   .   .   Child: 1  Const 666 of type int [line: 31]
.   .   .   .   .   .   Child: 1  Op: < of type bool [line: 31]
.   .   .   .   .   .   .   Child: 0  Const 777 of type int [line: 31]
.   .   .   .   .   .   .   Child: 1  Const 888 of type int [line: 31]
.   .   .   .   .   Child: 1  Op: != of type bool [line: 31]
.   .   .   .   .   .   Child: 0  Const 999 of type int [line: 31]
.   .   .   .   .   .   Child: 1  Const 1000 of type int [line: 31]
.   .   Sibling: 24  Call: outnl of type void [line: 32]
Offset for end of global space: 0
Number of warnings: 0
Number of errors: 0
