====================================
FILE: exp3.c-
ERROR(33): 'or' requires operands of type bool but rhs is of type int.
ERROR(34): 'or' requires operands of type bool but rhs is of type int.
WARNING(37): Variable 'z' may be uninitialized when used here.
ERROR(40): '+' requires operands of type int but lhs is of type bool.
ERROR(40): '+' requires operands of type int but rhs is of type bool.
ERROR(40): '<-' requires operands of the same type but lhs is type bool and rhs is type int.
ERROR(45): Symbol 'x' is not declared.
WARNING(45): Variable 'z' may be uninitialized when used here.
ERROR(46): Symbol 'x' is not declared.
ERROR(48): '+' requires operands of type int but lhs is of type bool.
ERROR(48): '+' requires operands of type int but rhs is of type bool.
ERROR(48): '<-' requires operands of the same type but lhs is type bool and rhs is type int.
ERROR(49): Symbol 'x' is not declared.
ERROR(49): '*' requires operands of type int but lhs is of type bool.
ERROR(49): '*' requires operands of type int but rhs is of type bool.
ERROR(49): '+' requires operands of type int but lhs is of type bool.
ERROR(49): '*' requires operands of type int but lhs is of type bool.
ERROR(49): Symbol 'x' is not declared.
ERROR(49): '+' requires operands of type int but lhs is of type bool.
Number of warnings: 2
Number of errors: 17
