====================================
FILE: factorialr.c-
Func: factorial returns type int [mem: Global loc: 0 size: -3] [line: 3]
.   Child: 0  Parm: n of type int [mem: Parameter loc: -2 size: 1] [line: 3]
.   Child: 1  Compound [mem: None loc: 0 size: -3] [line: 4]
.   .   Child: 1  If [line: 5]
.   .   .   Child: 0  Op: < of type bool [line: 5]
.   .   .   .   Child: 0  Id: n of type int [mem: Parameter loc: -2 size: 1] [line: 5]
.   .   .   .   Child: 1  Const 2 of type int [line: 5]
.   .   .   Child: 1  Return [line: 5]
.   .   .   .   Child: 0  Const 1 of type int [line: 5]
.   .   .   Child: 2  Return [line: 6]
.   .   .   .   Child: 0  Op: * of type int [line: 6]
.   .   .   .   .   Child: 0  Id: n of type int [mem: Parameter loc: -2 size: 1] [line: 6]
.   .   .   .   .   Child: 1  Call: factorial of type int [line: 6]
.   .   .   .   .   .   Child: 0  Op: - of type int [line: 6]
.   .   .   .   .   .   .   Child: 0  Id: n of type int [mem: Parameter loc: -2 size: 1] [line: 6]
.   .   .   .   .   .   .   Child: 1  Const 1 of type int [line: 6]
Sibling: 1  Func: main returns type void [mem: Global loc: 0 size: -2] [line: 9]
.   Child: 1  Compound [mem: None loc: 0 size: -3] [line: 10]
.   .   Child: 0  Var: n of type int [mem: Local loc: -2 size: 1] [line: 11]
.   .   Child: 1  Assign: <- of type int [line: 12]
.   .   .   Child: 0  Id: n of type int [mem: Local loc: -2 size: 1] [line: 12]
.   .   .   Child: 1  Call: input of type int [line: 12]
.   .   Sibling: 1  Assign: <- of type int [line: 13]
.   .   .   Child: 0  Id: n of type int [mem: Local loc: -2 size: 1] [line: 13]
.   .   .   Child: 1  Call: factorial of type int [line: 13]
.   .   .   .   Child: 0  Id: n of type int [mem: Local loc: -2 size: 1] [line: 13]
.   .   Sibling: 2  Call: output of type void [line: 14]
.   .   .   Child: 0  Id: n of type int [mem: Local loc: -2 size: 1] [line: 14]
.   .   Sibling: 3  Call: outnl of type void [line: 15]
Offset for end of global space: 0
Number of warnings: 0
Number of errors: 0
