====================================
FILE: factor.c-
Func: sqrt returns type int [mem: Global loc: 0 size: -3] [line: 2]
.   Child: 0  Parm: x of type int [mem: Parameter loc: -2 size: 1] [line: 2]
.   Child: 1  Compound [mem: None loc: 0 size: -5] [line: 3]
.   .   Child: 0  Var: guess of type int [mem: Local loc: -3 size: 1] [line: 4]
.   .   Sibling: 1  Var: newguess of type int [mem: Local loc: -4 size: 1] [line: 5]
.   .   Child: 1  If [line: 7]
.   .   .   Child: 0  Op: = of type bool [line: 7]
.   .   .   .   Child: 0  Id: x of type int [mem: Parameter loc: -2 size: 1] [line: 7]
.   .   .   .   Child: 1  Const 1 of type int [line: 7]
.   .   .   Child: 1  Return [line: 7]
.   .   .   .   Child: 0  Const 1 of type int [line: 7]
.   .   Sibling: 1  Assign: <- of type int [line: 8]
.   .   .   Child: 0  Id: guess of type int [mem: Local loc: -3 size: 1] [line: 8]
.   .   .   Child: 1  Op: / of type int [line: 8]
.   .   .   .   Child: 0  Id: x of type int [mem: Parameter loc: -2 size: 1] [line: 8]
.   .   .   .   Child: 1  Const 2 of type int [line: 8]
.   .   Sibling: 2  Assign: <- of type int [line: 9]
.   .   .   Child: 0  Id: newguess of type int [mem: Local loc: -4 size: 1] [line: 9]
.   .   .   Child: 1  Op: / of type int [line: 9]
.   .   .   .   Child: 0  Op: + of type int [line: 9]
.   .   .   .   .   Child: 0  Op: / of type int [line: 9]
.   .   .   .   .   .   Child: 0  Id: x of type int [mem: Parameter loc: -2 size: 1] [line: 9]
.   .   .   .   .   .   Child: 1  Id: guess of type int [mem: Local loc: -3 size: 1] [line: 9]
.   .   .   .   .   Child: 1  Id: guess of type int [mem: Local loc: -3 size: 1] [line: 9]
.   .   .   .   Child: 1  Const 2 of type int [line: 9]
.   .   Sibling: 3  While [line: 10]
.   .   .   Child: 0  Op: > of type bool [line: 10]
.   .   .   .   Child: 0  Op: - of type int [line: 10]
.   .   .   .   .   Child: 0  Id: guess of type int [mem: Local loc: -3 size: 1] [line: 10]
.   .   .   .   .   Child: 1  Id: newguess of type int [mem: Local loc: -4 size: 1] [line: 10]
.   .   .   .   Child: 1  Const 1 of type int [line: 10]
.   .   .   Child: 1  Compound [mem: None loc: 0 size: -5] [line: 10]
.   .   .   .   Child: 1  Assign: <- of type int [line: 11]
.   .   .   .   .   Child: 0  Id: guess of type int [mem: Local loc: -3 size: 1] [line: 11]
.   .   .   .   .   Child: 1  Id: newguess of type int [mem: Local loc: -4 size: 1] [line: 11]
.   .   .   .   Sibling: 1  Assign: <- of type int [line: 12]
.   .   .   .   .   Child: 0  Id: newguess of type int [mem: Local loc: -4 size: 1] [line: 12]
.   .   .   .   .   Child: 1  Op: / of type int [line: 12]
.   .   .   .   .   .   Child: 0  Op: + of type int [line: 12]
.   .   .   .   .   .   .   Child: 0  Op: / of type int [line: 12]
.   .   .   .   .   .   .   .   Child: 0  Id: x of type int [mem: Parameter loc: -2 size: 1] [line: 12]
.   .   .   .   .   .   .   .   Child: 1  Id: guess of type int [mem: Local loc: -3 size: 1] [line: 12]
.   .   .   .   .   .   .   Child: 1  Id: guess of type int [mem: Local loc: -3 size: 1] [line: 12]
.   .   .   .   .   .   Child: 1  Const 2 of type int [line: 12]
.   .   Sibling: 4  If [line: 14]
.   .   .   Child: 0  Op: > of type bool [line: 14]
.   .   .   .   Child: 0  Op: * of type int [line: 14]
.   .   .   .   .   Child: 0  Id: newguess of type int [mem: Local loc: -4 size: 1] [line: 14]
.   .   .   .   .   Child: 1  Id: newguess of type int [mem: Local loc: -4 size: 1] [line: 14]
.   .   .   .   Child: 1  Id: x of type int [mem: Parameter loc: -2 size: 1] [line: 14]
.   .   .   Child: 1  Assign: <- of type int [line: 14]
.   .   .   .   Child: 0  Id: newguess of type int [mem: Local loc: -4 size: 1] [line: 14]
.   .   .   .   Child: 1  Op: - of type int [line: 14]
.   .   .   .   .   Child: 0  Id: newguess of type int [mem: Local loc: -4 size: 1] [line: 14]
.   .   .   .   .   Child: 1  Const 1 of type int [line: 14]
.   .   Sibling: 5  Return [line: 16]
.   .   .   Child: 0  Id: newguess of type int [mem: Local loc: -4 size: 1] [line: 16]
Sibling: 1  Func: main returns type void [mem: Global loc: 0 size: -2] [line: 20]
.   Child: 1  Compound [mem: None loc: 0 size: -4] [line: 21]
.   .   Child: 0  Var: n of type int [mem: Local loc: -2 size: 1] [line: 22]
.   .   Sibling: 1  Var: i of type int [mem: Local loc: -3 size: 1] [line: 23]
.   .   Child: 1  While [line: 25]
.   .   .   Child: 0  Op: > of type bool [line: 25]
.   .   .   .   Child: 0  Assign: <- of type int [line: 25]
.   .   .   .   .   Child: 0  Id: n of type int [mem: Local loc: -2 size: 1] [line: 25]
.   .   .   .   .   Child: 1  Call: input of type int [line: 25]
.   .   .   .   Child: 1  Const 1 of type int [line: 25]
.   .   .   Child: 1  Compound [mem: None loc: 0 size: -5] [line: 25]
.   .   .   .   Child: 0  Var: limit of type int [mem: Local loc: -4 size: 1] [line: 26]
.   .   .   .   Child: 1  Assign: <- of type int [line: 27]
.   .   .   .   .   Child: 0  Id: limit of type int [mem: Local loc: -4 size: 1] [line: 27]
.   .   .   .   .   Child: 1  Call: sqrt of type int [line: 27]
.   .   .   .   .   .   Child: 0  Id: n of type int [mem: Local loc: -2 size: 1] [line: 27]
.   .   .   .   Sibling: 1  While [line: 30]
.   .   .   .   .   Child: 0  Op: = of type bool [line: 30]
.   .   .   .   .   .   Child: 0  Op: % of type int [line: 30]
.   .   .   .   .   .   .   Child: 0  Id: n of type int [mem: Local loc: -2 size: 1] [line: 30]
.   .   .   .   .   .   .   Child: 1  Const 2 of type int [line: 30]
.   .   .   .   .   .   Child: 1  Const 0 of type int [line: 30]
.   .   .   .   .   Child: 1  Compound [mem: None loc: 0 size: -5] [line: 30]
.   .   .   .   .   .   Child: 1  Call: output of type void [line: 31]
.   .   .   .   .   .   .   Child: 0  Const 2 of type int [line: 31]
.   .   .   .   .   .   Sibling: 1  Assign: <- of type int [line: 32]
.   .   .   .   .   .   .   Child: 0  Id: n of type int [mem: Local loc: -2 size: 1] [line: 32]
.   .   .   .   .   .   .   Child: 1  Op: / of type int [line: 32]
.   .   .   .   .   .   .   .   Child: 0  Id: n of type int [mem: Local loc: -2 size: 1] [line: 32]
.   .   .   .   .   .   .   .   Child: 1  Const 2 of type int [line: 32]
.   .   .   .   Sibling: 2  Assign: <- of type int [line: 36]
.   .   .   .   .   Child: 0  Id: i of type int [mem: Local loc: -3 size: 1] [line: 36]
.   .   .   .   .   Child: 1  Const 3 of type int [line: 36]
.   .   .   .   Sibling: 3  While [line: 37]
.   .   .   .   .   Child: 0  Op: <= of type bool [line: 37]
.   .   .   .   .   .   Child: 0  Id: i of type int [mem: Local loc: -3 size: 1] [line: 37]
.   .   .   .   .   .   Child: 1  Id: limit of type int [mem: Local loc: -4 size: 1] [line: 37]
.   .   .   .   .   Child: 1  Compound [mem: None loc: 0 size: -5] [line: 37]
.   .   .   .   .   .   Child: 1  While [line: 38]
.   .   .   .   .   .   .   Child: 0  Op: = of type bool [line: 38]
.   .   .   .   .   .   .   .   Child: 0  Op: % of type int [line: 38]
.   .   .   .   .   .   .   .   .   Child: 0  Id: n of type int [mem: Local loc: -2 size: 1] [line: 38]
.   .   .   .   .   .   .   .   .   Child: 1  Id: i of type int [mem: Local loc: -3 size: 1] [line: 38]
.   .   .   .   .   .   .   .   Child: 1  Const 0 of type int [line: 38]
.   .   .   .   .   .   .   Child: 1  Compound [mem: None loc: 0 size: -5] [line: 38]
.   .   .   .   .   .   .   .   Child: 1  Call: output of type void [line: 39]
.   .   .   .   .   .   .   .   .   Child: 0  Id: i of type int [mem: Local loc: -3 size: 1] [line: 39]
.   .   .   .   .   .   .   .   Sibling: 1  Assign: <- of type int [line: 40]
.   .   .   .   .   .   .   .   .   Child: 0  Id: n of type int [mem: Local loc: -2 size: 1] [line: 40]
.   .   .   .   .   .   .   .   .   Child: 1  Op: / of type int [line: 40]
.   .   .   .   .   .   .   .   .   .   Child: 0  Id: n of type int [mem: Local loc: -2 size: 1] [line: 40]
.   .   .   .   .   .   .   .   .   .   Child: 1  Id: i of type int [mem: Local loc: -3 size: 1] [line: 40]
.   .   .   .   .   .   .   .   Sibling: 2  Assign: <- of type int [line: 41]
.   .   .   .   .   .   .   .   .   Child: 0  Id: limit of type int [mem: Local loc: -4 size: 1] [line: 41]
.   .   .   .   .   .   .   .   .   Child: 1  Call: sqrt of type int [line: 41]
.   .   .   .   .   .   .   .   .   .   Child: 0  Id: n of type int [mem: Local loc: -2 size: 1] [line: 41]
.   .   .   .   .   .   Sibling: 1  Assign: <- of type int [line: 43]
.   .   .   .   .   .   .   Child: 0  Id: i of type int [mem: Local loc: -3 size: 1] [line: 43]
.   .   .   .   .   .   .   Child: 1  Op: + of type int [line: 43]
.   .   .   .   .   .   .   .   Child: 0  Id: i of type int [mem: Local loc: -3 size: 1] [line: 43]
.   .   .   .   .   .   .   .   Child: 1  Const 2 of type int [line: 43]
.   .   .   .   Sibling: 4  If [line: 46]
.   .   .   .   .   Child: 0  Op: > of type bool [line: 46]
.   .   .   .   .   .   Child: 0  Id: n of type int [mem: Local loc: -2 size: 1] [line: 46]
.   .   .   .   .   .   Child: 1  Const 1 of type int [line: 46]
.   .   .   .   .   Child: 1  Call: output of type void [line: 46]
.   .   .   .   .   .   Child: 0  Id: n of type int [mem: Local loc: -2 size: 1] [line: 46]
.   .   .   .   Sibling: 5  Call: outnl of type void [line: 47]
Offset for end of global space: 0
Number of warnings: 0
Number of errors: 0
