====================================
FILE: fact.c-
Func: fact returns type int [mem: Global loc: 0 size: -3] [line: 3]
.   Child: 0  Parm: n of type int [mem: Parameter loc: -2 size: 1] [line: 3]
.   Child: 1  Compound [mem: None loc: 0 size: -5] [line: 4]
.   .   Child: 0  Var: i of type int [mem: Local loc: -3 size: 1] [line: 5]
.   .   Sibling: 1  Var: f of type int [mem: Local loc: -4 size: 1] [line: 5]
.   .   Child: 1  Assign: <- of type int [line: 7]
.   .   .   Child: 0  Id: f of type int [mem: Local loc: -4 size: 1] [line: 7]
.   .   .   Child: 1  Assign: <- of type int [line: 7]
.   .   .   .   Child: 0  Id: i of type int [mem: Local loc: -3 size: 1] [line: 7]
.   .   .   .   Child: 1  Const 1 of type int [line: 7]
.   .   Sibling: 1  While [line: 8]
.   .   .   Child: 0  Op: <= of type bool [line: 8]
.   .   .   .   Child: 0  Id: i of type int [mem: Local loc: -3 size: 1] [line: 8]
.   .   .   .   Child: 1  Id: n of type int [mem: Parameter loc: -2 size: 1] [line: 8]
.   .   .   Child: 1  Compound [mem: None loc: 0 size: -5] [line: 8]
.   .   .   .   Child: 1  Call: output of type void [line: 9]
.   .   .   .   .   Child: 0  Id: i of type int [mem: Local loc: -3 size: 1] [line: 9]
.   .   .   .   Sibling: 1  Call: outnl of type void [line: 9]
.   .   .   .   Sibling: 2  Assign: <- of type int [line: 10]
.   .   .   .   .   Child: 0  Id: f of type int [mem: Local loc: -4 size: 1] [line: 10]
.   .   .   .   .   Child: 1  Op: * of type int [line: 10]
.   .   .   .   .   .   Child: 0  Id: f of type int [mem: Local loc: -4 size: 1] [line: 10]
.   .   .   .   .   .   Child: 1  Id: i of type int [mem: Local loc: -3 size: 1] [line: 10]
.   .   .   .   Sibling: 3  Assign: ++ of type int [line: 11]
.   .   .   .   .   Child: 0  Id: i of type int [mem: Local loc: -3 size: 1] [line: 11]
.   .   Sibling: 2  Return [line: 14]
.   .   .   Child: 0  Id: f of type int [mem: Local loc: -4 size: 1] [line: 14]
Sibling: 1  Func: main returns type void [mem: Global loc: 0 size: -2] [line: 17]
.   Child: 1  Compound [mem: None loc: 0 size: -3] [line: 18]
.   .   Child: 0  Var: n of type int [mem: Local loc: -2 size: 1] [line: 19]
.   .   Child: 1  Assign: <- of type int [line: 21]
.   .   .   Child: 0  Id: n of type int [mem: Local loc: -2 size: 1] [line: 21]
.   .   .   Child: 1  Call: fact of type int [line: 21]
.   .   .   .   Child: 0  Const 10 of type int [line: 21]
.   .   Sibling: 1  Call: output of type void [line: 22]
.   .   .   Child: 0  Id: n of type int [mem: Local loc: -2 size: 1] [line: 22]
.   .   Sibling: 2  Call: outnl of type void [line: 23]
Offset for end of global space: 0
Number of warnings: 0
Number of errors: 0
