====================================
FILE: fora.c-
Func: main returns type void [mem: Global loc: 0 size: -2] [line: 1]
.   Child: 1  Compound [mem: None loc: 0 size: -2] [line: 2]
.   .   Child: 1  For [mem: None loc: 0 size: -3] [line: 3]
.   .   .   Child: 0  Var: i of type int [mem: Local loc: -2 size: 1] [line: 3]
.   .   .   Child: 1  Range [line: 3]
.   .   .   .   Child: 0  Const 1 of type int [line: 3]
.   .   .   .   Child: 1  Const 11 of type int [line: 3]
.   .   .   Child: 2  Assign: <- of type int [line: 3]
.   .   .   .   Child: 0  Id: i of type int [mem: Local loc: -2 size: 1] [line: 3]
.   .   .   .   Child: 1  Const 3 of type int [line: 3]
.   .   Sibling: 1  For [mem: None loc: 0 size: -3] [line: 5]
.   .   .   Child: 0  Var: j of type int [mem: Local loc: -2 size: 1] [line: 5]
.   .   .   Child: 1  Range [line: 5]
.   .   .   .   Child: 0  Const 2 of type int [line: 5]
.   .   .   .   Child: 1  Const 22 of type int [line: 5]
.   .   .   .   Child: 2  Const 3 of type int [line: 5]
.   .   .   Child: 2  Assign: <- of type int [line: 5]
.   .   .   .   Child: 0  Id: j of type int [mem: Local loc: -2 size: 1] [line: 5]
.   .   .   .   Child: 1  Const 7 of type int [line: 5]
.   .   Sibling: 2  For [mem: None loc: 0 size: -3] [line: 7]
.   .   .   Child: 0  Var: i of type int [mem: Local loc: -2 size: 1] [line: 7]
.   .   .   Child: 1  Range [line: 7]
.   .   .   .   Child: 0  Id: i of type int [mem: Local loc: -2 size: 1] [line: 7]
.   .   .   .   Child: 1  Id: i of type int [mem: Local loc: -2 size: 1] [line: 7]
.   .   .   .   Child: 2  Id: i of type int [mem: Local loc: -2 size: 1] [line: 7]
.   .   .   Child: 2  Const 666 of type int [line: 7]
Offset for end of global space: 0
Number of warnings: 0
Number of errors: 0
