====================================
FILE: gcd.c-
Func: gcd returns type int [mem: Global loc: 0 size: -4] [line: 4]
.   Child: 0  Parm: u of type int [mem: Parameter loc: -2 size: 1] [line: 4]
.   Sibling: 1  Parm: v of type int [mem: Parameter loc: -3 size: 1] [line: 4]
.   Child: 1  Compound [mem: None loc: 0 size: -4] [line: 5]
.   .   Child: 1  If [line: 6]
.   .   .   Child: 0  Op: = of type bool [line: 6]
.   .   .   .   Child: 0  Id: v of type int [mem: Parameter loc: -3 size: 1] [line: 6]
.   .   .   .   Child: 1  Const 0 of type int [line: 6]
.   .   .   Child: 1  Return [line: 7]
.   .   .   .   Child: 0  Id: u of type int [mem: Parameter loc: -2 size: 1] [line: 7]
.   .   .   Child: 2  Return [line: 9]
.   .   .   .   Child: 0  Call: gcd of type int [line: 9]
.   .   .   .   .   Child: 0  Id: v of type int [mem: Parameter loc: -3 size: 1] [line: 9]
.   .   .   .   .   Sibling: 1  Op: - of type int [line: 9]
.   .   .   .   .   .   Child: 0  Id: u of type int [mem: Parameter loc: -2 size: 1] [line: 9]
.   .   .   .   .   .   Child: 1  Op: * of type int [line: 9]
.   .   .   .   .   .   .   Child: 0  Op: / of type int [line: 9]
.   .   .   .   .   .   .   .   Child: 0  Id: u of type int [mem: Parameter loc: -2 size: 1] [line: 9]
.   .   .   .   .   .   .   .   Child: 1  Id: v of type int [mem: Parameter loc: -3 size: 1] [line: 9]
.   .   .   .   .   .   .   Child: 1  Id: v of type int [mem: Parameter loc: -3 size: 1] [line: 9]
Sibling: 1  Func: main returns type void [mem: Global loc: 0 size: -2] [line: 12]
.   Child: 1  Compound [mem: None loc: 0 size: -5] [line: 13]
.   .   Child: 0  Var: x of type int [mem: Local loc: -2 size: 1] [line: 14]
.   .   Sibling: 1  Var: y of type int [mem: Local loc: -3 size: 1] [line: 14]
.   .   Sibling: 2  Var: z of type int [mem: Local loc: -4 size: 1] [line: 14]
.   .   Child: 1  Assign: <- of type int [line: 16]
.   .   .   Child: 0  Id: x of type int [mem: Local loc: -2 size: 1] [line: 16]
.   .   .   Child: 1  Call: input of type int [line: 16]
.   .   Sibling: 1  Assign: <- of type int [line: 17]
.   .   .   Child: 0  Id: y of type int [mem: Local loc: -3 size: 1] [line: 17]
.   .   .   Child: 1  Call: input of type int [line: 17]
.   .   Sibling: 2  Assign: <- of type int [line: 18]
.   .   .   Child: 0  Id: z of type int [mem: Local loc: -4 size: 1] [line: 18]
.   .   .   Child: 1  Call: gcd of type int [line: 18]
.   .   .   .   Child: 0  Id: x of type int [mem: Local loc: -2 size: 1] [line: 18]
.   .   .   .   Sibling: 1  Id: y of type int [mem: Local loc: -3 size: 1] [line: 18]
.   .   Sibling: 3  Call: output of type void [line: 19]
.   .   .   Child: 0  Id: z of type int [mem: Local loc: -4 size: 1] [line: 19]
.   .   Sibling: 4  Call: outnl of type void [line: 20]
Offset for end of global space: 0
Number of warnings: 0
Number of errors: 0
