====================================
FILE: if2.c-
WARNING(1): Expecting to return type int but function 'main' has no return statement.
Func: main returns type int [mem: Global loc: 0 size: -2] [line: 1]
.   Child: 1  Compound [mem: None loc: 0 size: -2] [line: 2]
.   .   Child: 1  If [line: 3]
.   .   .   Child: 0  Op: > of type bool [line: 3]
.   .   .   .   Child: 0  Const 1 of type int [line: 3]
.   .   .   .   Child: 1  Const 2 of type int [line: 3]
.   .   .   Child: 1  Const 3 of type int [line: 3]
.   .   Sibling: 1  If [line: 4]
.   .   .   Child: 0  Op: < of type bool [line: 4]
.   .   .   .   Child: 0  Const 21 of type int [line: 4]
.   .   .   .   Child: 1  Const 22 of type int [line: 4]
.   .   .   Child: 1  Const 23 of type int [line: 4]
.   .   .   Child: 2  Const 24 of type int [line: 4]
.   .   Sibling: 2  If [line: 5]
.   .   .   Child: 0  Op: = of type bool [line: 5]
.   .   .   .   Child: 0  Const 31 of type int [line: 5]
.   .   .   .   Child: 1  Const 32 of type int [line: 5]
.   .   .   Child: 1  If [line: 5]
.   .   .   .   Child: 0  Op: = of type bool [line: 5]
.   .   .   .   .   Child: 0  Const 33 of type int [line: 5]
.   .   .   .   .   Child: 1  Const 34 of type int [line: 5]
.   .   .   .   Child: 1  Const 35 of type int [line: 5]
.   .   .   .   Child: 2  Const 36 of type int [line: 5]
.   .   Sibling: 3  If [line: 6]
.   .   .   Child: 0  Op: = of type bool [line: 6]
.   .   .   .   Child: 0  Const 41 of type int [line: 6]
.   .   .   .   Child: 1  Const 42 of type int [line: 6]
.   .   .   Child: 1  If [line: 6]
.   .   .   .   Child: 0  Op: = of type bool [line: 6]
.   .   .   .   .   Child: 0  Const 43 of type int [line: 6]
.   .   .   .   .   Child: 1  Const 44 of type int [line: 6]
.   .   .   .   Child: 1  Const 45 of type int [line: 6]
.   .   .   .   Child: 2  Const 46 of type int [line: 6]
.   .   .   Child: 2  Const 47 of type int [line: 6]
.   .   Sibling: 4  If [line: 8]
.   .   .   Child: 0  Op: = of type bool [line: 8]
.   .   .   .   Child: 0  Const 51 of type int [line: 8]
.   .   .   .   Child: 1  Const 52 of type int [line: 8]
.   .   .   Child: 1  If [line: 9]
.   .   .   .   Child: 0  Op: = of type bool [line: 9]
.   .   .   .   .   Child: 0  Const 53 of type int [line: 9]
.   .   .   .   .   Child: 1  Const 54 of type int [line: 9]
.   .   .   .   Child: 1  Const 151 of type int [line: 9]
.   .   .   .   Child: 2  Const 152 of type int [line: 10]
.   .   .   Child: 2  If [line: 12]
.   .   .   .   Child: 0  Op: = of type bool [line: 12]
.   .   .   .   .   Child: 0  Const 56 of type int [line: 12]
.   .   .   .   .   Child: 1  Const 57 of type int [line: 12]
.   .   .   .   Child: 1  Const 58 of type int [line: 12]
.   .   .   .   Child: 2  Const 59 of type int [line: 13]
.   .   Sibling: 5  If [line: 15]
.   .   .   Child: 0  Op: = of type bool [line: 15]
.   .   .   .   Child: 0  Const 61 of type int [line: 15]
.   .   .   .   Child: 1  Const 1 of type int [line: 15]
.   .   .   Child: 1  Const 11 of type int [line: 15]
.   .   .   Child: 2  If [line: 16]
.   .   .   .   Child: 0  Op: = of type bool [line: 16]
.   .   .   .   .   Child: 0  Const 62 of type int [line: 16]
.   .   .   .   .   Child: 1  Const 1 of type int [line: 16]
.   .   .   .   Child: 1  Const 12 of type int [line: 16]
.   .   .   .   Child: 2  If [line: 17]
.   .   .   .   .   Child: 0  Op: = of type bool [line: 17]
.   .   .   .   .   .   Child: 0  Const 63 of type int [line: 17]
.   .   .   .   .   .   Child: 1  Const 1 of type int [line: 17]
.   .   .   .   .   Child: 1  Const 13 of type int [line: 17]
.   .   .   .   .   Child: 2  Const 14 of type int [line: 18]
Offset for end of global space: 0
Number of warnings: 1
Number of errors: 0
