====================================
FILE: init.c-
WARNING(8): The variable 'b' seems not to be used.
WARNING(10): The variable 'c' seems not to be used.
WARNING(9): The variable 'y' seems not to be used.
WARNING(3): The variable 'a' seems not to be used.
WARNING(4): The variable 'x' seems not to be used.
Var: a of array of type int [mem: Global loc: -1 size: 12] [line: 3]
Sibling: 1  Var: x of type int [mem: Global loc: -12 size: 1] [line: 4]
.   Child: 0  Const 666 of type int [line: 4]
Sibling: 2  Func: main returns type void [mem: Global loc: 0 size: -2] [line: 6]
.   Child: 1  Compound [mem: None loc: 0 size: -26] [line: 7]
.   .   Child: 0  Var: b of array of type int [mem: Local loc: -3 size: 23] [line: 8]
.   .   Sibling: 1  Var: y of type int [mem: Local loc: -25 size: 1] [line: 9]
.   .   .   Child: 0  Const 777 of type int [line: 9]
.   .   Sibling: 2  Var: c of static array of type int [mem: LocalStatic loc: -14 size: 34] [line: 10]
.   .   Sibling: 3  Var: z of static type int [mem: LocalStatic loc: -47 size: 1] [line: 11]
.   .   .   Child: 0  Const 888 of type int [line: 11]
.   .   Child: 1  Assign: <- of type int [line: 13]
.   .   .   Child: 0  Id: z of static type int [mem: LocalStatic loc: -47 size: 1] [line: 13]
.   .   .   Child: 1  Const 999 of type int [line: 13]
Offset for end of global space: -48
Number of warnings: 5
Number of errors: 0
