====================================
FILE: lec04.c-
Func: main returns type void [mem: Global loc: 0 size: -2] [line: 1]
.   Child: 1  Compound [mem: None loc: 0 size: -5] [line: 2]
.   .   Child: 0  Var: x of type int [mem: Local loc: -2 size: 1] [line: 3]
.   .   Sibling: 1  Var: y of type int [mem: Local loc: -3 size: 1] [line: 3]
.   .   Sibling: 2  Var: z of type int [mem: Local loc: -4 size: 1] [line: 3]
.   .   Child: 1  Assign: <- of type int [line: 5]
.   .   .   Child: 0  Id: x of type int [mem: Local loc: -2 size: 1] [line: 5]
.   .   .   Child: 1  Op: + of type int [line: 5]
.   .   .   .   Child: 0  Const 111 of type int [line: 5]
.   .   .   .   Child: 1  Const 222 of type int [line: 5]
.   .   Sibling: 1  Assign: <- of type int [line: 6]
.   .   .   Child: 0  Id: y of type int [mem: Local loc: -3 size: 1] [line: 6]
.   .   .   Child: 1  Op: + of type int [line: 6]
.   .   .   .   Child: 0  Id: x of type int [mem: Local loc: -2 size: 1] [line: 6]
.   .   .   .   Child: 1  Id: x of type int [mem: Local loc: -2 size: 1] [line: 6]
.   .   Sibling: 2  Assign: <- of type int [line: 7]
.   .   .   Child: 0  Id: z of type int [mem: Local loc: -4 size: 1] [line: 7]
.   .   .   Child: 1  Op: + of type int [line: 7]
.   .   .   .   Child: 0  Op: * of type int [line: 7]
.   .   .   .   .   Child: 0  Const 111 of type int [line: 7]
.   .   .   .   .   Child: 1  Const 222 of type int [line: 7]
.   .   .   .   Child: 1  Op: * of type int [line: 7]
.   .   .   .   .   Child: 0  Const 333 of type int [line: 7]
.   .   .   .   .   Child: 1  Const 444 of type int [line: 7]
.   .   Sibling: 3  Op: % of type int [line: 8]
.   .   .   Child: 0  Const 555 of type int [line: 8]
.   .   .   Child: 1  Const 6 of type int [line: 8]
Offset for end of global space: 0
Number of warnings: 0
Number of errors: 0
