====================================
FILE: lec01.c-
WARNING(7): The variable 'i' seems not to be used.
Func: dog returns type int [mem: Global loc: 0 size: -2] [line: 2]
.   Child: 1  Compound [mem: None loc: 0 size: -2] [line: 2]
.   .   Child: 1  Return [line: 2]
.   .   .   Child: 0  Const 777 of type int [line: 2]
Sibling: 1  Func: main returns type void [mem: Global loc: 0 size: -2] [line: 4]
.   Child: 1  Compound [mem: None loc: 0 size: -3] [line: 5]
.   .   Child: 0  Var: x of type int [mem: Local loc: -2 size: 1] [line: 6]
.   .   .   Child: 0  Const 10 of type int [line: 6]
.   .   Child: 1  For [mem: None loc: 0 size: -4] [line: 7]
.   .   .   Child: 0  Var: i of type int [mem: Local loc: -3 size: 1] [line: 7]
.   .   .   Child: 1  Range [line: 7]
.   .   .   .   Child: 0  Id: x of type int [mem: Local loc: -2 size: 1] [line: 7]
.   .   .   .   Child: 1  Id: x of type int [mem: Local loc: -2 size: 1] [line: 7]
.   .   .   .   Child: 2  Id: x of type int [mem: Local loc: -2 size: 1] [line: 7]
.   .   Sibling: 1  Op: = of type bool [line: 8]
.   .   .   Child: 0  Const "dog" of array of type char [mem: Global loc: -1 size: 4] [line: 8]
.   .   .   Child: 1  Const "cat" of array of type char [mem: Global loc: -5 size: 4] [line: 8]
.   .   Sibling: 2  Op: + of type int [line: 9]
.   .   .   Child: 0  Const 666 of type int [line: 9]
.   .   .   Child: 1  Call: dog of type int [line: 9]
Offset for end of global space: -8
Number of warnings: 1
Number of errors: 0
