====================================
FILE: mem2.c-
WARNING(13): The variable 'p' seems not to be used.
WARNING(14): The variable 'q' seems not to be used.
WARNING(5): The variable 'aa' seems not to be used.
WARNING(6): The variable 'b' seems not to be used.
WARNING(6): The variable 'bb' seems not to be used.
WARNING(7): The variable 'c' seems not to be used.
WARNING(8): The variable 's' seems not to be used.
WARNING(8): The variable 't' seems not to be used.
WARNING(3): The parameter 'y' seems not to be used.
WARNING(3): The parameter 'z' seems not to be used.
WARNING(1): The variable 'g' seems not to be used.
WARNING(1): The variable 'gg' seems not to be used.
WARNING(17): The variable 'h' seems not to be used.
WARNING(3): The function 'julia' seems not to be used.
Var: g of type int [mem: Global loc: 0 size: 1] [line: 1]
Sibling: 1  Var: gg of array of type int [mem: Global loc: -2 size: 11] [line: 1]
Sibling: 2  Func: julia returns type void [mem: Global loc: 0 size: -5] [line: 3]
.   Child: 0  Parm: x of type int [mem: Parameter loc: -2 size: 1] [line: 3]
.   Sibling: 1  Parm: y of type int [mem: Parameter loc: -3 size: 1] [line: 3]
.   Sibling: 2  Parm: z of type int [mem: Parameter loc: -4 size: 1] [line: 3]
.   Child: 1  Compound [mem: None loc: 0 size: -71] [line: 4]
.   .   Child: 0  Var: a of type int [mem: Local loc: -5 size: 1] [line: 5]
.   .   Sibling: 1  Var: aa of array of type int [mem: Local loc: -7 size: 11] [line: 5]
.   .   Sibling: 2  Var: b of type bool [mem: Local loc: -17 size: 1] [line: 6]
.   .   Sibling: 3  Var: bb of array of type bool [mem: Local loc: -19 size: 21] [line: 6]
.   .   Sibling: 4  Var: c of type char [mem: Local loc: -39 size: 1] [line: 7]
.   .   Sibling: 5  Var: cc of array of type char [mem: Local loc: -41 size: 31] [line: 7]
.   .   Sibling: 6  Var: s of static type int [mem: LocalStatic loc: -12 size: 1] [line: 8]
.   .   Sibling: 7  Var: t of static type int [mem: LocalStatic loc: -13 size: 1] [line: 8]
.   .   Child: 1  Assign: <- of type int [line: 10]
.   .   .   Child: 0  Id: a of type int [mem: Local loc: -5 size: 1] [line: 10]
.   .   .   Child: 1  Id: x of type int [mem: Parameter loc: -2 size: 1] [line: 10]
.   .   Sibling: 1  Assign: <- of array of type char [line: 11]
.   .   .   Child: 0  Id: cc of array of type char [mem: Local loc: -41 size: 31] [line: 11]
.   .   .   Child: 1  Const "reconnaissance" of array of type char [mem: Global loc: -15 size: 15] [line: 11]
.   .   Sibling: 2  Compound [mem: None loc: 0 size: -72] [line: 13]
.   .   .   Child: 0  Var: p of type int [mem: Local loc: -71 size: 1] [line: 13]
.   .   Sibling: 3  Compound [mem: None loc: 0 size: -72] [line: 14]
.   .   .   Child: 0  Var: q of type int [mem: Local loc: -71 size: 1] [line: 14]
Sibling: 3  Var: h of type int [mem: Global loc: -29 size: 1] [line: 17]
Sibling: 4  Func: main returns type void [mem: Global loc: 0 size: -2] [line: 19]
.   Child: 1  Compound [mem: None loc: 0 size: -2] [line: 19]
Offset for end of global space: -30
Number of warnings: 14
Number of errors: 0
