====================================
FILE: memcall.c-
WARNING(3): The parameter 'x' seems not to be used.
WARNING(15): The variable 'x' seems not to be used.
Func: yvonne returns type void [mem: Global loc: 0 size: -3] [line: 3]
.   Child: 0  Parm: x of type int [mem: Parameter loc: -2 size: 1] [line: 3]
.   Child: 1  Compound [mem: None loc: 0 size: -4] [line: 4]
.   .   Child: 0  Var: y of type int [mem: Local loc: -3 size: 1] [line: 5]
.   .   Child: 1  Assign: <- of type int [line: 6]
.   .   .   Child: 0  Id: y of type int [mem: Local loc: -3 size: 1] [line: 6]
.   .   .   Child: 1  Const 11111 of type int [line: 6]
Sibling: 1  Func: louise returns type int [mem: Global loc: 0 size: -3] [line: 9]
.   Child: 0  Parm: x of type int [mem: Parameter loc: -2 size: 1] [line: 9]
.   Child: 1  Compound [mem: None loc: 0 size: -3] [line: 9]
.   .   Child: 1  Return [line: 9]
.   .   .   Child: 0  Op: * of type int [line: 9]
.   .   .   .   Child: 0  Const 101 of type int [line: 9]
.   .   .   .   Child: 1  Id: x of type int [mem: Parameter loc: -2 size: 1] [line: 9]
Sibling: 2  Func: main returns type void [mem: Global loc: 0 size: -2] [line: 11]
.   Child: 1  Compound [mem: None loc: 0 size: -3] [line: 12]
.   .   Child: 0  Var: z of type int [mem: Local loc: -2 size: 1] [line: 13]
.   .   Child: 1  Assign: <- of type int [line: 14]
.   .   .   Child: 0  Id: z of type int [mem: Local loc: -2 size: 1] [line: 14]
.   .   .   Child: 1  Const 22222 of type int [line: 14]
.   .   Sibling: 1  Compound [mem: None loc: 0 size: -9] [line: 15]
.   .   .   Child: 0  Var: x of array of type int [mem: Local loc: -4 size: 6] [line: 15]
.   .   .   Child: 1  Call: yvonne of type void [line: 16]
.   .   .   .   Child: 0  Const 11 of type int [line: 16]
.   .   Sibling: 2  Call: yvonne of type void [line: 18]
.   .   .   Child: 0  Const 101 of type int [line: 18]
.   .   Sibling: 3  Assign: <- of type int [line: 20]
.   .   .   Child: 0  Id: z of type int [mem: Local loc: -2 size: 1] [line: 20]
.   .   .   Child: 1  Op: + of type int [line: 20]
.   .   .   .   Child: 0  Op: * of type int [line: 20]
.   .   .   .   .   Child: 0  Const 451 of type int [line: 20]
.   .   .   .   .   Child: 1  Const 8 of type int [line: 20]
.   .   .   .   Child: 1  Call: louise of type int [line: 20]
.   .   .   .   .   Child: 0  Const 33 of type int [line: 20]
Offset for end of global space: 0
Number of warnings: 2
Number of errors: 0
