====================================
FILE: overlay.c-
Func: main returns type void [mem: Global loc: 0 size: -2] [line: 2]
.   Child: 1  Compound [mem: None loc: 0 size: -3] [line: 3]
.   .   Child: 0  Var: z of type int [mem: Local loc: -2 size: 1] [line: 4]
.   .   Child: 1  Assign: <- of type int [line: 5]
.   .   .   Child: 0  Id: z of type int [mem: Local loc: -2 size: 1] [line: 5]
.   .   .   Child: 1  Const 111 of type int [line: 5]
.   .   Sibling: 1  Compound [mem: None loc: 0 size: -104] [line: 6]
.   .   .   Child: 0  Var: x of array of type int [mem: Local loc: -4 size: 101] [line: 7]
.   .   .   Child: 1  Assign: <- of type int [line: 9]
.   .   .   .   Child: 0  Id: z of type int [mem: Local loc: -2 size: 1] [line: 9]
.   .   .   .   Child: 1  Const 0 of type int [line: 9]
.   .   .   Sibling: 1  While [line: 10]
.   .   .   .   Child: 0  Op: < of type bool [line: 10]
.   .   .   .   .   Child: 0  Id: z of type int [mem: Local loc: -2 size: 1] [line: 10]
.   .   .   .   .   Child: 1  Const 100 of type int [line: 10]
.   .   .   .   Child: 1  Compound [mem: None loc: 0 size: -104] [line: 10]
.   .   .   .   .   Child: 1  Assign: <- of type int [line: 11]
.   .   .   .   .   .   Child: 0  Op: [ of type int [line: 11]
.   .   .   .   .   .   .   Child: 0  Id: x of array of type int [mem: Local loc: -4 size: 101] [line: 11]
.   .   .   .   .   .   .   Child: 1  Id: z of type int [mem: Local loc: -2 size: 1] [line: 11]
.   .   .   .   .   .   Child: 1  Const 1 of type int [line: 11]
.   .   .   .   .   Sibling: 1  Assign: ++ of type int [line: 12]
.   .   .   .   .   .   Child: 0  Id: z of type int [mem: Local loc: -2 size: 1] [line: 12]
.   .   Sibling: 2  Compound [mem: None loc: 0 size: -104] [line: 16]
.   .   .   Child: 0  Var: y of array of type int [mem: Local loc: -4 size: 101] [line: 17]
.   .   .   Child: 1  Assign: <- of type int [line: 19]
.   .   .   .   Child: 0  Id: z of type int [mem: Local loc: -2 size: 1] [line: 19]
.   .   .   .   Child: 1  Const 0 of type int [line: 19]
.   .   .   Sibling: 1  While [line: 20]
.   .   .   .   Child: 0  Op: < of type bool [line: 20]
.   .   .   .   .   Child: 0  Id: z of type int [mem: Local loc: -2 size: 1] [line: 20]
.   .   .   .   .   Child: 1  Const 100 of type int [line: 20]
.   .   .   .   Child: 1  Compound [mem: None loc: 0 size: -104] [line: 20]
.   .   .   .   .   Child: 1  Assign: <- of type int [line: 21]
.   .   .   .   .   .   Child: 0  Op: [ of type int [line: 21]
.   .   .   .   .   .   .   Child: 0  Id: y of array of type int [mem: Local loc: -4 size: 101] [line: 21]
.   .   .   .   .   .   .   Child: 1  Id: z of type int [mem: Local loc: -2 size: 1] [line: 21]
.   .   .   .   .   .   Child: 1  Const 1 of type int [line: 21]
.   .   .   .   .   Sibling: 1  Assign: ++ of type int [line: 22]
.   .   .   .   .   .   Child: 0  Id: z of type int [mem: Local loc: -2 size: 1] [line: 22]
.   .   .   Sibling: 2  Call: output of type void [line: 25]
.   .   .   .   Child: 0  Op: [ of type int [line: 25]
.   .   .   .   .   Child: 0  Id: y of array of type int [mem: Local loc: -4 size: 101] [line: 25]
.   .   .   .   .   Child: 1  Const 1 of type int [line: 25]
.   .   .   Sibling: 3  Call: outnl of type void [line: 25]
.   .   .   Sibling: 4  Assign: <- of type int [line: 26]
.   .   .   .   Child: 0  Op: [ of type int [line: 26]
.   .   .   .   .   Child: 0  Id: y of array of type int [mem: Local loc: -4 size: 101] [line: 26]
.   .   .   .   .   Child: 1  Const 1 of type int [line: 26]
.   .   .   .   Child: 1  Const 333 of type int [line: 26]
.   .   .   Sibling: 5  Call: output of type void [line: 27]
.   .   .   .   Child: 0  Op: [ of type int [line: 27]
.   .   .   .   .   Child: 0  Id: y of array of type int [mem: Local loc: -4 size: 101] [line: 27]
.   .   .   .   .   Child: 1  Const 1 of type int [line: 27]
.   .   .   Sibling: 6  Call: outnl of type void [line: 27]
.   .   Sibling: 3  Call: output of type void [line: 29]
.   .   .   Child: 0  Id: z of type int [mem: Local loc: -2 size: 1] [line: 29]
.   .   Sibling: 4  Call: outnl of type void [line: 29]
Offset for end of global space: 0
Number of warnings: 0
Number of errors: 0
