====================================
FILE: overlayTmp.c-
Func: dog returns type int [mem: Global loc: 0 size: -3] [line: 2]
.   Child: 0  Parm: pig of type int [mem: Parameter loc: -2 size: 1] [line: 2]
.   Child: 1  Compound [mem: None loc: 0 size: -3] [line: 2]
.   .   Child: 1  Return [line: 2]
.   .   .   Child: 0  Id: pig of type int [mem: Parameter loc: -2 size: 1] [line: 2]
Sibling: 1  Func: main returns type void [mem: Global loc: 0 size: -2] [line: 4]
.   Child: 1  Compound [mem: None loc: 0 size: -3] [line: 5]
.   .   Child: 0  Var: z of type int [mem: Local loc: -2 size: 1] [line: 6]
.   .   Child: 1  Assign: <- of type int [line: 7]
.   .   .   Child: 0  Id: z of type int [mem: Local loc: -2 size: 1] [line: 7]
.   .   .   Child: 1  Const 111 of type int [line: 7]
.   .   Sibling: 1  Compound [mem: None loc: 0 size: -4] [line: 8]
.   .   .   Child: 0  Var: x of type int [mem: Local loc: -3 size: 1] [line: 9]
.   .   .   Child: 1  Assign: <- of type int [line: 11]
.   .   .   .   Child: 0  Id: x of type int [mem: Local loc: -3 size: 1] [line: 11]
.   .   .   .   Child: 1  Const 222 of type int [line: 11]
.   .   .   Sibling: 1  Assign: <- of type int [line: 12]
.   .   .   .   Child: 0  Id: x of type int [mem: Local loc: -3 size: 1] [line: 12]
.   .   .   .   Child: 1  Op: + of type int [line: 12]
.   .   .   .   .   Child: 0  Const 666 of type int [line: 12]
.   .   .   .   .   Child: 1  Call: dog of type int [line: 12]
.   .   .   .   .   .   Child: 0  Id: x of type int [mem: Local loc: -3 size: 1] [line: 12]
.   .   .   Sibling: 2  Call: output of type void [line: 13]
.   .   .   .   Child: 0  Id: x of type int [mem: Local loc: -3 size: 1] [line: 13]
.   .   .   Sibling: 3  Call: outnl of type void [line: 13]
.   .   Sibling: 2  Compound [mem: None loc: 0 size: -4] [line: 15]
.   .   .   Child: 0  Var: y of type int [mem: Local loc: -3 size: 1] [line: 16]
.   .   .   Child: 1  Assign: <- of type int [line: 18]
.   .   .   .   Child: 0  Id: y of type int [mem: Local loc: -3 size: 1] [line: 18]
.   .   .   .   Child: 1  Const 333 of type int [line: 18]
.   .   .   Sibling: 1  Assign: <- of type int [line: 19]
.   .   .   .   Child: 0  Id: y of type int [mem: Local loc: -3 size: 1] [line: 19]
.   .   .   .   Child: 1  Op: + of type int [line: 19]
.   .   .   .   .   Child: 0  Const 666 of type int [line: 19]
.   .   .   .   .   Child: 1  Call: dog of type int [line: 19]
.   .   .   .   .   .   Child: 0  Id: y of type int [mem: Local loc: -3 size: 1] [line: 19]
.   .   .   Sibling: 2  Call: output of type void [line: 20]
.   .   .   .   Child: 0  Id: y of type int [mem: Local loc: -3 size: 1] [line: 20]
.   .   .   Sibling: 3  Call: outnl of type void [line: 20]
.   .   Sibling: 3  Assign: <- of type int [line: 23]
.   .   .   Child: 0  Id: z of type int [mem: Local loc: -2 size: 1] [line: 23]
.   .   .   Child: 1  Op: + of type int [line: 23]
.   .   .   .   Child: 0  Const 666 of type int [line: 23]
.   .   .   .   Child: 1  Call: dog of type int [line: 23]
.   .   .   .   .   Child: 0  Id: z of type int [mem: Local loc: -2 size: 1] [line: 23]
.   .   Sibling: 4  Call: output of type void [line: 24]
.   .   .   Child: 0  Id: z of type int [mem: Local loc: -2 size: 1] [line: 24]
.   .   Sibling: 5  Call: outnl of type void [line: 24]
Offset for end of global space: 0
Number of warnings: 0
Number of errors: 0
