====================================
FILE: param.c-
ERROR(4): Too many parameters passed for function 'DArtagnan' declared on line 1.
ERROR(5): Too many parameters passed for function 'DArtagnan' declared on line 1.
ERROR(5): '+' requires operands of type int but lhs is of type bool.
WARNING(3): Expecting to return type int but function 'Athos' has no return statement.
ERROR(10): Not expecting array in parameter 2 of call to 'Athos' declared on line 3.
ERROR(10): Too few parameters passed for function 'Athos' declared on line 3.
ERROR(12): Too many parameters passed for function 'Athos' declared on line 3.
ERROR(12): 'and' requires operands of type bool but lhs is of type int.
ERROR(12): 'and' requires operands of type bool but rhs is of type int.
WARNING(9): Expecting to return type char but function 'Aramis' has no return statement.
WARNING(21): Variable 'a' may be uninitialized when used here.
WARNING(21): Variable 'b' may be uninitialized when used here.
WARNING(21): Variable 'c' may be uninitialized when used here.
ERROR(23): Too few parameters passed for function 'Athos' declared on line 3.
ERROR(24): Too many parameters passed for function 'Athos' declared on line 3.
ERROR(25): Expecting type int in parameter 1 of call to 'Athos' declared on line 3 but got type void.
ERROR(25): Symbol 'thx1138' is not declared.
ERROR(25): Expecting type char in parameter 3 of call to 'Athos' declared on line 3 but got type int.
WARNING(16): The parameter 'aa' seems not to be used.
WARNING(16): The parameter 'bb' seems not to be used.
WARNING(16): The parameter 'cc' seems not to be used.
ERROR(LINKER): A function named 'main' with no parameters must be defined.
Number of warnings: 8
Number of errors: 14
