====================================
FILE: paramerr2.c-
ERROR(3): Too many parameters passed for function 'cow' declared on line 3.
WARNING(4): The parameter 'boar' seems not to be used.
ERROR(10): Too many parameters passed for function 'cow' declared on line 3.
ERROR(10): '+' requires operands of type int but lhs is of type bool.
ERROR(10): '+' requires operands of type int but rhs is of type bool.
ERROR(10): 'and' requires operands of type bool but lhs is of type int.
ERROR(10): 'and' requires operands of type bool but rhs is of type int.
ERROR(11): '+' requires operands of type int but rhs is of type bool.
ERROR(11): Too few parameters passed for function 'dog' declared on line 4.
ERROR(12): '+' requires operands of type int but rhs is of type bool.
ERROR(12): '*' requires operands of type int but rhs is of type bool.
ERROR(13): '+' requires operands of type int but rhs is of type bool.
ERROR(13): '*' requires operands of type int but rhs is of type bool.
ERROR(13): Too many parameters passed for function 'dog' declared on line 4.
ERROR(13): '-' requires operands of type int but rhs is of type bool.
ERROR(14): Symbol 'elk' is not declared.
ERROR(14): '+' requires operands of type int but rhs is of type bool.
Number of warnings: 1
Number of errors: 16
