====================================
FILE: scope4.c-
Var: a of type int [mem: Global loc: 0 size: 1] [line: 2]
Sibling: 1  Var: aa of array of type int [mem: Global loc: -2 size: 12] [line: 3]
Sibling: 2  Func: fox returns type void [mem: Global loc: 0 size: -4] [line: 5]
.   Child: 0  Parm: fpa of type int [mem: Parameter loc: -2 size: 1] [line: 5]
.   Sibling: 1  Parm: fpaa of array of type int [mem: Parameter loc: -3 size: 1] [line: 5]
.   Child: 1  Compound [mem: None loc: 0 size: -4] [line: 6]
.   .   Child: 1  Call: output of type void [line: 7]
.   .   .   Child: 0  Id: fpa of type int [mem: Parameter loc: -2 size: 1] [line: 7]
.   .   Sibling: 1  Call: output of type void [line: 8]
.   .   .   Child: 0  Op: sizeof of type int [line: 8]
.   .   .   .   Child: 0  Id: fpaa of array of type int [mem: Parameter loc: -3 size: 1] [line: 8]
.   .   Sibling: 2  Call: output of type void [line: 9]
.   .   .   Child: 0  Op: [ of type int [line: 9]
.   .   .   .   Child: 0  Id: fpaa of array of type int [mem: Parameter loc: -3 size: 1] [line: 9]
.   .   .   .   Child: 1  Const 0 of type int [line: 9]
.   .   Sibling: 3  Call: output of type void [line: 10]
.   .   .   Child: 0  Op: [ of type int [line: 10]
.   .   .   .   Child: 0  Id: fpaa of array of type int [mem: Parameter loc: -3 size: 1] [line: 10]
.   .   .   .   Child: 1  Op: - of type int [line: 10]
.   .   .   .   .   Child: 0  Op: sizeof of type int [line: 10]
.   .   .   .   .   .   Child: 0  Id: fpaa of array of type int [mem: Parameter loc: -3 size: 1] [line: 10]
.   .   .   .   .   Child: 1  Const 1 of type int [line: 10]
.   .   Sibling: 4  Call: outnl of type void [line: 11]
Sibling: 3  Func: bat returns type void [mem: Global loc: 0 size: -4] [line: 15]
.   Child: 0  Parm: fpa of type int [mem: Parameter loc: -2 size: 1] [line: 15]
.   Sibling: 1  Parm: fpaa of array of type int [mem: Parameter loc: -3 size: 1] [line: 15]
.   Child: 1  Compound [mem: None loc: 0 size: -4] [line: 16]
.   .   Child: 1  Call: outputc of type void [line: 17]
.   .   .   Child: 0  Const 'B' of type char [line: 17]
.   .   Sibling: 1  Call: fox of type void [line: 18]
.   .   .   Child: 0  Id: fpa of type int [mem: Parameter loc: -2 size: 1] [line: 18]
.   .   .   Sibling: 1  Id: fpaa of array of type int [mem: Parameter loc: -3 size: 1] [line: 18]
Sibling: 4  Func: th returns type int [mem: Global loc: 0 size: -3] [line: 21]
.   Child: 0  Parm: fpa of type int [mem: Parameter loc: -2 size: 1] [line: 21]
.   Child: 1  Compound [mem: None loc: 0 size: -3] [line: 21]
.   .   Child: 1  Return [line: 21]
.   .   .   Child: 0  Op: + of type int [line: 21]
.   .   .   .   Child: 0  Const 1000 of type int [line: 21]
.   .   .   .   Child: 1  Id: fpa of type int [mem: Parameter loc: -2 size: 1] [line: 21]
Sibling: 5  Func: tha returns type int [mem: Global loc: 0 size: -3] [line: 23]
.   Child: 0  Parm: fpaa of array of type int [mem: Parameter loc: -2 size: 1] [line: 23]
.   Child: 1  Compound [mem: None loc: 0 size: -3] [line: 23]
.   .   Child: 1  Return [line: 23]
.   .   .   Child: 0  Op: + of type int [line: 23]
.   .   .   .   Child: 0  Const 1000 of type int [line: 23]
.   .   .   .   Child: 1  Op: [ of type int [line: 23]
.   .   .   .   .   Child: 0  Id: fpaa of array of type int [mem: Parameter loc: -2 size: 1] [line: 23]
.   .   .   .   .   Child: 1  Const 0 of type int [line: 23]
Sibling: 6  Func: main returns type void [mem: Global loc: 0 size: -2] [line: 25]
.   Child: 1  Compound [mem: None loc: 0 size: -15] [line: 26]
.   .   Child: 0  Var: b of type int [mem: Local loc: -2 size: 1] [line: 27]
.   .   Sibling: 1  Var: bb of array of type int [mem: Local loc: -4 size: 12] [line: 28]
.   .   Child: 1  Assign: <- of type int [line: 30]
.   .   .   Child: 0  Id: a of type int [mem: Global loc: 0 size: 1] [line: 30]
.   .   .   Child: 1  Const 111 of type int [line: 30]
.   .   Sibling: 1  Assign: <- of type int [line: 31]
.   .   .   Child: 0  Op: [ of type int [line: 31]
.   .   .   .   Child: 0  Id: aa of array of type int [mem: Global loc: -2 size: 12] [line: 31]
.   .   .   .   Child: 1  Const 0 of type int [line: 31]
.   .   .   Child: 1  Const 110 of type int [line: 31]
.   .   Sibling: 2  Assign: <- of type int [line: 32]
.   .   .   Child: 0  Op: [ of type int [line: 32]
.   .   .   .   Child: 0  Id: aa of array of type int [mem: Global loc: -2 size: 12] [line: 32]
.   .   .   .   Child: 1  Const 10 of type int [line: 32]
.   .   .   Child: 1  Const 112 of type int [line: 32]
.   .   Sibling: 3  Assign: <- of type int [line: 34]
.   .   .   Child: 0  Id: b of type int [mem: Local loc: -2 size: 1] [line: 34]
.   .   .   Child: 1  Const 222 of type int [line: 34]
.   .   Sibling: 4  Assign: <- of type int [line: 35]
.   .   .   Child: 0  Op: [ of type int [line: 35]
.   .   .   .   Child: 0  Id: bb of array of type int [mem: Local loc: -4 size: 12] [line: 35]
.   .   .   .   Child: 1  Const 0 of type int [line: 35]
.   .   .   Child: 1  Const 220 of type int [line: 35]
.   .   Sibling: 5  Assign: <- of type int [line: 36]
.   .   .   Child: 0  Op: [ of type int [line: 36]
.   .   .   .   Child: 0  Id: bb of array of type int [mem: Local loc: -4 size: 12] [line: 36]
.   .   .   .   Child: 1  Const 10 of type int [line: 36]
.   .   .   Child: 1  Const 222 of type int [line: 36]
.   .   Sibling: 6  Call: fox of type void [line: 38]
.   .   .   Child: 0  Id: a of type int [mem: Global loc: 0 size: 1] [line: 38]
.   .   .   Sibling: 1  Id: aa of array of type int [mem: Global loc: -2 size: 12] [line: 38]
.   .   Sibling: 7  Call: fox of type void [line: 39]
.   .   .   Child: 0  Id: b of type int [mem: Local loc: -2 size: 1] [line: 39]
.   .   .   Sibling: 1  Id: bb of array of type int [mem: Local loc: -4 size: 12] [line: 39]
.   .   Sibling: 8  Compound [mem: None loc: 0 size: -28] [line: 41]
.   .   .   Child: 0  Var: c of type int [mem: Local loc: -15 size: 1] [line: 42]
.   .   .   Sibling: 1  Var: cc of array of type int [mem: Local loc: -17 size: 12] [line: 43]
.   .   .   Child: 1  Assign: <- of type int [line: 45]
.   .   .   .   Child: 0  Id: c of type int [mem: Local loc: -15 size: 1] [line: 45]
.   .   .   .   Child: 1  Const 333 of type int [line: 45]
.   .   .   Sibling: 1  Assign: <- of type int [line: 46]
.   .   .   .   Child: 0  Op: [ of type int [line: 46]
.   .   .   .   .   Child: 0  Id: cc of array of type int [mem: Local loc: -17 size: 12] [line: 46]
.   .   .   .   .   Child: 1  Const 0 of type int [line: 46]
.   .   .   .   Child: 1  Const 330 of type int [line: 46]
.   .   .   Sibling: 2  Assign: <- of type int [line: 47]
.   .   .   .   Child: 0  Op: [ of type int [line: 47]
.   .   .   .   .   Child: 0  Id: cc of array of type int [mem: Local loc: -17 size: 12] [line: 47]
.   .   .   .   .   Child: 1  Const 10 of type int [line: 47]
.   .   .   .   Child: 1  Const 334 of type int [line: 47]
.   .   .   Sibling: 3  Call: outnl of type void [line: 49]
.   .   .   Sibling: 4  Call: fox of type void [line: 50]
.   .   .   .   Child: 0  Id: a of type int [mem: Global loc: 0 size: 1] [line: 50]
.   .   .   .   Sibling: 1  Id: aa of array of type int [mem: Global loc: -2 size: 12] [line: 50]
.   .   .   Sibling: 5  Call: fox of type void [line: 51]
.   .   .   .   Child: 0  Id: b of type int [mem: Local loc: -2 size: 1] [line: 51]
.   .   .   .   Sibling: 1  Id: bb of array of type int [mem: Local loc: -4 size: 12] [line: 51]
.   .   .   Sibling: 6  Call: fox of type void [line: 52]
.   .   .   .   Child: 0  Id: c of type int [mem: Local loc: -15 size: 1] [line: 52]
.   .   .   .   Sibling: 1  Id: cc of array of type int [mem: Local loc: -17 size: 12] [line: 52]
.   .   Sibling: 9  Compound [mem: None loc: 0 size: -28] [line: 54]
.   .   .   Child: 0  Var: d of type int [mem: Local loc: -15 size: 1] [line: 55]
.   .   .   Sibling: 1  Var: dd of array of type int [mem: Local loc: -17 size: 12] [line: 56]
.   .   .   Child: 1  Assign: <- of type int [line: 58]
.   .   .   .   Child: 0  Id: d of type int [mem: Local loc: -15 size: 1] [line: 58]
.   .   .   .   Child: 1  Const 444 of type int [line: 58]
.   .   .   Sibling: 1  Assign: <- of type int [line: 59]
.   .   .   .   Child: 0  Op: [ of type int [line: 59]
.   .   .   .   .   Child: 0  Id: dd of array of type int [mem: Local loc: -17 size: 12] [line: 59]
.   .   .   .   .   Child: 1  Const 0 of type int [line: 59]
.   .   .   .   Child: 1  Const 440 of type int [line: 59]
.   .   .   Sibling: 2  Assign: <- of type int [line: 60]
.   .   .   .   Child: 0  Op: [ of type int [line: 60]
.   .   .   .   .   Child: 0  Id: dd of array of type int [mem: Local loc: -17 size: 12] [line: 60]
.   .   .   .   .   Child: 1  Const 10 of type int [line: 60]
.   .   .   .   Child: 1  Const 445 of type int [line: 60]
.   .   .   Sibling: 3  Call: outnl of type void [line: 62]
.   .   .   Sibling: 4  Call: fox of type void [line: 63]
.   .   .   .   Child: 0  Id: a of type int [mem: Global loc: 0 size: 1] [line: 63]
.   .   .   .   Sibling: 1  Id: aa of array of type int [mem: Global loc: -2 size: 12] [line: 63]
.   .   .   Sibling: 5  Call: fox of type void [line: 64]
.   .   .   .   Child: 0  Id: b of type int [mem: Local loc: -2 size: 1] [line: 64]
.   .   .   .   Sibling: 1  Id: bb of array of type int [mem: Local loc: -4 size: 12] [line: 64]
.   .   .   Sibling: 6  Call: fox of type void [line: 65]
.   .   .   .   Child: 0  Id: d of type int [mem: Local loc: -15 size: 1] [line: 65]
.   .   .   .   Sibling: 1  Id: dd of array of type int [mem: Local loc: -17 size: 12] [line: 65]
.   .   .   Sibling: 7  Call: outnl of type void [line: 67]
.   .   .   Sibling: 8  Call: bat of type void [line: 68]
.   .   .   .   Child: 0  Id: a of type int [mem: Global loc: 0 size: 1] [line: 68]
.   .   .   .   Sibling: 1  Id: aa of array of type int [mem: Global loc: -2 size: 12] [line: 68]
.   .   .   Sibling: 9  Call: bat of type void [line: 69]
.   .   .   .   Child: 0  Id: b of type int [mem: Local loc: -2 size: 1] [line: 69]
.   .   .   .   Sibling: 1  Id: bb of array of type int [mem: Local loc: -4 size: 12] [line: 69]
.   .   .   Sibling: 10  Call: bat of type void [line: 70]
.   .   .   .   Child: 0  Id: d of type int [mem: Local loc: -15 size: 1] [line: 70]
.   .   .   .   Sibling: 1  Id: dd of array of type int [mem: Local loc: -17 size: 12] [line: 70]
.   .   Sibling: 10  Compound [mem: None loc: 0 size: -15] [line: 72]
.   .   .   Child: 0  Var: e of static type int [mem: LocalStatic loc: -13 size: 1] [line: 73]
.   .   .   Sibling: 1  Var: ee of static array of type int [mem: LocalStatic loc: -15 size: 12] [line: 74]
.   .   .   Child: 1  Assign: <- of type int [line: 76]
.   .   .   .   Child: 0  Id: e of static type int [mem: LocalStatic loc: -13 size: 1] [line: 76]
.   .   .   .   Child: 1  Const 555 of type int [line: 76]
.   .   .   Sibling: 1  Assign: <- of type int [line: 77]
.   .   .   .   Child: 0  Op: [ of type int [line: 77]
.   .   .   .   .   Child: 0  Id: ee of static array of type int [mem: LocalStatic loc: -15 size: 12] [line: 77]
.   .   .   .   .   Child: 1  Const 0 of type int [line: 77]
.   .   .   .   Child: 1  Const 550 of type int [line: 77]
.   .   .   Sibling: 2  Assign: <- of type int [line: 78]
.   .   .   .   Child: 0  Op: [ of type int [line: 78]
.   .   .   .   .   Child: 0  Id: ee of static array of type int [mem: LocalStatic loc: -15 size: 12] [line: 78]
.   .   .   .   .   Child: 1  Const 10 of type int [line: 78]
.   .   .   .   Child: 1  Const 556 of type int [line: 78]
.   .   .   Sibling: 3  Call: outnl of type void [line: 80]
.   .   .   Sibling: 4  Call: fox of type void [line: 81]
.   .   .   .   Child: 0  Id: a of type int [mem: Global loc: 0 size: 1] [line: 81]
.   .   .   .   Sibling: 1  Id: aa of array of type int [mem: Global loc: -2 size: 12] [line: 81]
.   .   .   Sibling: 5  Call: fox of type void [line: 82]
.   .   .   .   Child: 0  Id: b of type int [mem: Local loc: -2 size: 1] [line: 82]
.   .   .   .   Sibling: 1  Id: bb of array of type int [mem: Local loc: -4 size: 12] [line: 82]
.   .   .   Sibling: 6  Call: fox of type void [line: 83]
.   .   .   .   Child: 0  Id: e of static type int [mem: LocalStatic loc: -13 size: 1] [line: 83]
.   .   .   .   Sibling: 1  Id: ee of static array of type int [mem: LocalStatic loc: -15 size: 12] [line: 83]
.   .   .   Sibling: 7  Call: outnl of type void [line: 85]
.   .   .   Sibling: 8  Call: bat of type void [line: 86]
.   .   .   .   Child: 0  Id: a of type int [mem: Global loc: 0 size: 1] [line: 86]
.   .   .   .   Sibling: 1  Id: aa of array of type int [mem: Global loc: -2 size: 12] [line: 86]
.   .   .   Sibling: 9  Call: bat of type void [line: 87]
.   .   .   .   Child: 0  Id: b of type int [mem: Local loc: -2 size: 1] [line: 87]
.   .   .   .   Sibling: 1  Id: bb of array of type int [mem: Local loc: -4 size: 12] [line: 87]
.   .   .   Sibling: 10  Call: bat of type void [line: 88]
.   .   .   .   Child: 0  Id: e of static type int [mem: LocalStatic loc: -13 size: 1] [line: 88]
.   .   .   .   Sibling: 1  Id: ee of static array of type int [mem: LocalStatic loc: -15 size: 12] [line: 88]
.   .   Sibling: 11  Call: outnl of type void [line: 91]
.   .   Sibling: 12  Call: output of type void [line: 92]
.   .   .   Child: 0  Call: th of type int [line: 92]
.   .   .   .   Child: 0  Id: a of type int [mem: Global loc: 0 size: 1] [line: 92]
.   .   Sibling: 13  Call: output of type void [line: 93]
.   .   .   Child: 0  Call: tha of type int [line: 93]
.   .   .   .   Child: 0  Id: aa of array of type int [mem: Global loc: -2 size: 12] [line: 93]
.   .   Sibling: 14  Call: outnl of type void [line: 94]
.   .   Sibling: 15  Call: bat of type void [line: 95]
.   .   .   Child: 0  Call: th of type int [line: 95]
.   .   .   .   Child: 0  Id: a of type int [mem: Global loc: 0 size: 1] [line: 95]
.   .   .   Sibling: 1  Id: aa of array of type int [mem: Global loc: -2 size: 12] [line: 95]
.   .   Sibling: 16  Call: outnl of type void [line: 96]
Offset for end of global space: -26
Number of warnings: 0
Number of errors: 0
