====================================
FILE: scope.c-
ERROR(7): Symbol 'bat' is not declared.
WARNING(8): Variable 'a' may be uninitialized when used here.
ERROR(8): 'or' requires operands of type bool but lhs is of type int.
ERROR(8): 'or' requires operands of type bool but rhs is of type int.
ERROR(14): Symbol 'b' is not declared.
WARNING(15): Variable 'c' may be uninitialized when used here.
WARNING(19): The variable 'IWouldNotEatItWithAGoat' seems not to be used.
ERROR(25): Symbol 'b' is not declared.
ERROR(26): Symbol 'c' is not declared.
ERROR(30): Symbol 'b' is not declared.
ERROR(31): Symbol 'c' is not declared.
WARNING(3): Expecting to return type int but function 'ant' has no return statement.
ERROR(41): Symbol 'x' is not declared.
WARNING(44): Variable 'z' may be uninitialized when used here.
ERROR(45): Symbol 'p' is not declared.
ERROR(46): Symbol 'q' is not declared.
ERROR(46): Symbol 'r' is not declared.
ERROR(47): Symbol 's' is not declared.
ERROR(47): Too many parameters passed for function 'ant' declared on line 3.
ERROR(47): Symbol 't' is not declared.
ERROR(48): Symbol 'u' is not declared.
ERROR(48): Symbol 'cow' is not declared.
ERROR(48): Symbol 'v' is not declared.
ERROR(49): Symbol 'abraxsis' is not declared.
ERROR(50): Symbol 'a' is not declared.
WARNING(37): Expecting to return type int but function 'bat' has no return statement.
WARNING(40): The variable 'bat' seems not to be used.
ERROR(55): Symbol 'g' is already declared at line 2.
ERROR(57): Symbol 'g' is already declared at line 2.
ERROR(59): Symbol 'x' is not declared.
ERROR(62): Symbol 'g' is already declared at line 2.
ERROR(63): Symbol 'ant' is already declared at line 3.
WARNING(37): The function 'bat' seems not to be used.
ERROR(LINKER): A function named 'main' with no parameters must be defined.
Number of warnings: 8
Number of errors: 26
