====================================
FILE: tinyscope.c-
WARNING(7): Variable 'a' may be uninitialized when used here.
WARNING(3): The function 'dog' seems not to be used.
Var: a of type int [mem: Global loc: 0 size: 1] [line: 1]
Sibling: 1  Func: dog returns type void [mem: Global loc: 0 size: -3] [line: 3]
.   Child: 0  Parm: a of type char [mem: Parameter loc: -2 size: 1] [line: 3]
.   Child: 1  Compound [mem: None loc: 0 size: -3] [line: 3]
.   .   Child: 1  Id: a of type char [mem: Parameter loc: -2 size: 1] [line: 4]
.   .   Sibling: 1  Compound [mem: None loc: 0 size: -4] [line: 5]
.   .   .   Child: 0  Var: a of type int [mem: Local loc: -3 size: 1] [line: 6]
.   .   .   Child: 1  Id: a of type int [mem: Local loc: -3 size: 1] [line: 7]
.   .   Sibling: 2  Id: a of type char [mem: Parameter loc: -2 size: 1] [line: 9]
.   .   Sibling: 3  Compound [mem: None loc: 0 size: -3] [line: 10]
.   .   .   Child: 0  Var: a of static type char [mem: LocalStatic loc: -1 size: 1] [line: 11]
.   .   .   Child: 1  Id: a of static type char [mem: LocalStatic loc: -1 size: 1] [line: 12]
.   .   Sibling: 4  Id: a of type char [mem: Parameter loc: -2 size: 1] [line: 14]
Sibling: 2  Func: main returns type void [mem: Global loc: 0 size: -2] [line: 17]
.   Child: 1  Compound [mem: None loc: 0 size: -2] [line: 17]
.   .   Child: 1  Id: a of type int [mem: Global loc: 0 size: 1] [line: 18]
Offset for end of global space: -2
Number of warnings: 2
Number of errors: 0
