====================================
FILE: tinyMixed.c-
WARNING(9): The variable 'x' seems not to be used.
WARNING(4): The function 'dogs' seems not to be used.
Func: main returns type void [mem: Global loc: 0 size: -2] [line: 2]
.   Child: 1  Compound [mem: None loc: 0 size: -2] [line: 2]
Sibling: 1  Func: dogs returns type void [mem: Global loc: 0 size: -2] [line: 4]
.   Child: 1  Compound [mem: None loc: 0 size: -2] [line: 5]
.   .   Child: 1  If [line: 7]
.   .   .   Child: 0  Const true of type bool [line: 7]
.   .   Sibling: 1  While [line: 8]
.   .   .   Child: 0  Const true of type bool [line: 8]
.   .   Sibling: 2  For [mem: None loc: 0 size: -3] [line: 9]
.   .   .   Child: 0  Var: x of type int [mem: Local loc: -2 size: 1] [line: 9]
.   .   .   Child: 1  Range [line: 9]
.   .   .   .   Child: 0  Op: chsign of type int [line: 9]
.   .   .   .   .   Child: 0  Const 6 of type int [line: 9]
.   .   .   .   Child: 1  Op: chsign of type int [line: 9]
.   .   .   .   .   Child: 0  Const 7 of type int [line: 9]
.   .   .   .   Child: 2  Op: chsign of type int [line: 9]
.   .   .   .   .   Child: 0  Const 1 of type int [line: 9]
.   .   Sibling: 3  Compound [mem: None loc: 0 size: -2] [line: 10]
Offset for end of global space: 0
Number of warnings: 2
Number of errors: 0
