====================================
FILE: tinyMixedControl3.c-
WARNING(9): The variable 'x' seems not to be used.
WARNING(7): The variable 'x' seems not to be used.
WARNING(14): The variable 'x' seems not to be used.
WARNING(16): The variable 'x' seems not to be used.
WARNING(20): The variable 'x' seems not to be used.
WARNING(19): The variable 'x' seems not to be used.
WARNING(4): The variable 'x' seems not to be used.
Func: main returns type void [mem: Global loc: 0 size: -2] [line: 2]
.   Child: 1  Compound [mem: None loc: 0 size: -3] [line: 3]
.   .   Child: 0  Var: x of type int [mem: Local loc: -2 size: 1] [line: 4]
.   .   Child: 1  If [line: 6]
.   .   .   Child: 0  Const true of type bool [line: 6]
.   .   .   Child: 1  For [mem: None loc: 0 size: -4] [line: 7]
.   .   .   .   Child: 0  Var: x of type int [mem: Local loc: -3 size: 1] [line: 7]
.   .   .   .   Child: 1  Range [line: 7]
.   .   .   .   .   Child: 0  Const 1 of type int [line: 7]
.   .   .   .   .   Child: 1  Const 30 of type int [line: 7]
.   .   .   .   Child: 2  If [line: 8]
.   .   .   .   .   Child: 0  Const false of type bool [line: 8]
.   .   .   .   .   Child: 1  For [mem: None loc: 0 size: -5] [line: 9]
.   .   .   .   .   .   Child: 0  Var: x of type int [mem: Local loc: -4 size: 1] [line: 9]
.   .   .   .   .   .   Child: 1  Range [line: 9]
.   .   .   .   .   .   .   Child: 0  Const 2 of type int [line: 9]
.   .   .   .   .   .   .   Child: 1  Const 40 of type int [line: 9]
.   .   .   .   .   .   .   Child: 2  Const 10 of type int [line: 9]
.   .   .   .   .   .   Child: 2  Const 555 of type int [line: 9]
.   .   .   .   .   Child: 2  Const 666 of type int [line: 10]
.   .   .   Child: 2  Const 777 of type int [line: 11]
.   .   Sibling: 1  If [line: 13]
.   .   .   Child: 0  Const false of type bool [line: 13]
.   .   .   Child: 1  For [mem: None loc: 0 size: -4] [line: 14]
.   .   .   .   Child: 0  Var: x of type int [mem: Local loc: -3 size: 1] [line: 14]
.   .   .   .   Child: 1  Range [line: 14]
.   .   .   .   .   Child: 0  Const 3 of type int [line: 14]
.   .   .   .   .   Child: 1  Const 3 of type int [line: 14]
.   .   .   .   Child: 2  Const 333 of type int [line: 14]
.   .   .   Child: 2  For [mem: None loc: 0 size: -4] [line: 16]
.   .   .   .   Child: 0  Var: x of type int [mem: Local loc: -3 size: 1] [line: 16]
.   .   .   .   Child: 1  Range [line: 16]
.   .   .   .   .   Child: 0  Op: chsign of type int [line: 16]
.   .   .   .   .   .   Child: 0  Const 1 of type int [line: 16]
.   .   .   .   .   Child: 1  Const 20 of type int [line: 16]
.   .   .   .   Child: 2  Const 555 of type int [line: 16]
.   .   Sibling: 2  If [line: 18]
.   .   .   Child: 0  Const true of type bool [line: 18]
.   .   .   Child: 1  For [mem: None loc: 0 size: -4] [line: 19]
.   .   .   .   Child: 0  Var: x of type int [mem: Local loc: -3 size: 1] [line: 19]
.   .   .   .   Child: 1  Range [line: 19]
.   .   .   .   .   Child: 0  Const 20 of type int [line: 19]
.   .   .   .   .   Child: 1  Const 0 of type int [line: 19]
.   .   .   .   .   Child: 2  Op: chsign of type int [line: 19]
.   .   .   .   .   .   Child: 0  Const 1 of type int [line: 19]
.   .   .   .   Child: 2  For [mem: None loc: 0 size: -5] [line: 20]
.   .   .   .   .   Child: 0  Var: x of type int [mem: Local loc: -4 size: 1] [line: 20]
.   .   .   .   .   Child: 1  Range [line: 20]
.   .   .   .   .   .   Child: 0  Const 3 of type int [line: 20]
.   .   .   .   .   .   Child: 1  Const 7 of type int [line: 20]
.   .   .   .   .   .   Child: 2  Const 3 of type int [line: 20]
.   .   .   .   .   Child: 2  Const 555 of type int [line: 20]
.   .   .   Child: 2  Const 666 of type int [line: 21]
Offset for end of global space: 0
Number of warnings: 7
Number of errors: 0
