====================================
FILE: tinyOverlap.c-
WARNING(8): The variable 'b' seems not to be used.
WARNING(11): The variable 'c' seems not to be used.
WARNING(15): The variable 'b' seems not to be used.
WARNING(18): The variable 'c' seems not to be used.
WARNING(6): The variable 'a' seems not to be used.
WARNING(4): The parameter 'p' seems not to be used.
WARNING(2): The variable 'g' seems not to be used.
WARNING(25): The variable 'i' seems not to be used.
Var: g of type int [mem: Global loc: 0 size: 1] [line: 2]
Sibling: 1  Func: ibex returns type void [mem: Global loc: 0 size: -3] [line: 4]
.   Child: 0  Parm: p of type int [mem: Parameter loc: -2 size: 1] [line: 4]
.   Child: 1  Compound [mem: None loc: 0 size: -4] [line: 5]
.   .   Child: 0  Var: a of type int [mem: Local loc: -3 size: 1] [line: 6]
.   .   Child: 1  Compound [mem: None loc: 0 size: -5] [line: 7]
.   .   .   Child: 0  Var: b of type int [mem: Local loc: -4 size: 1] [line: 8]
.   .   Sibling: 1  Compound [mem: None loc: 0 size: -5] [line: 10]
.   .   .   Child: 0  Var: c of type int [mem: Local loc: -4 size: 1] [line: 11]
.   .   Sibling: 2  Compound [mem: None loc: 0 size: -4] [line: 13]
.   .   .   Child: 1  Compound [mem: None loc: 0 size: -5] [line: 14]
.   .   .   .   Child: 0  Var: b of type int [mem: Local loc: -4 size: 1] [line: 15]
.   .   .   Sibling: 1  Compound [mem: None loc: 0 size: -5] [line: 17]
.   .   .   .   Child: 0  Var: c of type int [mem: Local loc: -4 size: 1] [line: 18]
Sibling: 2  Var: h of type int [mem: Global loc: -1 size: 1] [line: 23]
Sibling: 3  Func: main returns type void [mem: Global loc: 0 size: -2] [line: 24]
.   Child: 1  Compound [mem: None loc: 0 size: -2] [line: 24]
.   .   Child: 1  Call: ibex of type void [line: 24]
.   .   .   Child: 0  Id: h of type int [mem: Global loc: -1 size: 1] [line: 24]
Sibling: 4  Var: i of type int [mem: Global loc: -2 size: 1] [line: 25]
Offset for end of global space: -3
Number of warnings: 8
Number of errors: 0
