====================================
FILE: unarystar.c-
WARNING(11): Variable 'n' may be uninitialized when used here.
WARNING(12): Variable 'a' may be uninitialized when used here.
WARNING(9): The variable 'b' seems not to be used.
WARNING(8): The variable 'k' seems not to be used.
Func: main returns type int [mem: Global loc: 0 size: -2] [line: 6]
.   Child: 1  Compound [mem: None loc: 0 size: -47] [line: 7]
.   .   Child: 0  Var: k of type int [mem: Local loc: -2 size: 1] [line: 8]
.   .   Sibling: 1  Var: n of array of type int [mem: Local loc: -4 size: 8] [line: 8]
.   .   Sibling: 2  Var: b of type bool [mem: Local loc: -11 size: 1] [line: 9]
.   .   Sibling: 3  Var: a of array of type bool [mem: Local loc: -13 size: 35] [line: 9]
.   .   Child: 1  Call: output of type void [line: 11]
.   .   .   Child: 0  Op: sizeof of type int [line: 11]
.   .   .   .   Child: 0  Id: n of array of type int [mem: Local loc: -4 size: 8] [line: 11]
.   .   Sibling: 1  Call: output of type void [line: 12]
.   .   .   Child: 0  Op: sizeof of type int [line: 12]
.   .   .   .   Child: 0  Id: a of array of type bool [mem: Local loc: -13 size: 35] [line: 12]
.   .   Sibling: 2  Call: outnl of type void [line: 13]
.   .   Sibling: 3  Call: output of type void [line: 15]
.   .   .   Child: 0  Op: + of type int [line: 15]
.   .   .   .   Child: 0  Op: sizeof of type int [line: 15]
.   .   .   .   .   Child: 0  Id: n of array of type int [mem: Local loc: -4 size: 8] [line: 15]
.   .   .   .   Child: 1  Const 10 of type int [line: 15]
.   .   Sibling: 4  Call: output of type void [line: 16]
.   .   .   Child: 0  Op: + of type int [line: 16]
.   .   .   .   Child: 0  Op: sizeof of type int [line: 16]
.   .   .   .   .   Child: 0  Id: a of array of type bool [mem: Local loc: -13 size: 35] [line: 16]
.   .   .   .   Child: 1  Const 10 of type int [line: 16]
.   .   Sibling: 5  Call: outnl of type void [line: 17]
.   .   Sibling: 6  Call: output of type void [line: 19]
.   .   .   Child: 0  Op: [ of type int [line: 19]
.   .   .   .   Child: 0  Id: n of array of type int [mem: Local loc: -4 size: 8] [line: 19]
.   .   .   .   Child: 1  Op: sizeof of type int [line: 19]
.   .   .   .   .   Child: 0  Id: n of array of type int [mem: Local loc: -4 size: 8] [line: 19]
.   .   Sibling: 7  Call: output of type void [line: 20]
.   .   .   Child: 0  Op: [ of type int [line: 20]
.   .   .   .   Child: 0  Id: n of array of type int [mem: Local loc: -4 size: 8] [line: 20]
.   .   .   .   Child: 1  Const 1984 of type int [line: 20]
.   .   Sibling: 8  Call: output of type void [line: 21]
.   .   .   Child: 0  Op: * of type int [line: 21]
.   .   .   .   Child: 0  Op: sizeof of type int [line: 21]
.   .   .   .   .   Child: 0  Id: a of array of type bool [mem: Local loc: -13 size: 35] [line: 21]
.   .   .   .   Child: 1  Op: sizeof of type int [line: 21]
.   .   .   .   .   Child: 0  Id: n of array of type int [mem: Local loc: -4 size: 8] [line: 21]
.   .   Sibling: 9  Call: outnl of type void [line: 22]
.   .   Sibling: 10  Return [line: 24]
.   .   .   Child: 0  Op: sizeof of type int [line: 24]
.   .   .   .   Child: 0  Id: n of array of type int [mem: Local loc: -4 size: 8] [line: 24]
Offset for end of global space: 0
Number of warnings: 4
Number of errors: 0
