====================================
FILE: unary.c-
WARNING(37): Variable 'a' may be uninitialized when used here.
WARNING(38): Variable 'b' may be uninitialized when used here.
Func: main returns type void [mem: Global loc: 0 size: -2] [line: 6]
.   Child: 1  Compound [mem: None loc: 0 size: -18] [line: 7]
.   .   Child: 0  Var: x of type int [mem: Local loc: -2 size: 1] [line: 8]
.   .   Sibling: 1  Var: y of type int [mem: Local loc: -3 size: 1] [line: 9]
.   .   Sibling: 2  Var: a of array of type bool [mem: Local loc: -5 size: 8] [line: 10]
.   .   Sibling: 3  Var: b of array of type bool [mem: Local loc: -13 size: 6] [line: 10]
.   .   Child: 1  Assign: <- of type int [line: 12]
.   .   .   Child: 0  Id: x of type int [mem: Local loc: -2 size: 1] [line: 12]
.   .   .   Child: 1  Const 88 of type int [line: 12]
.   .   Sibling: 1  Assign: <- of type int [line: 13]
.   .   .   Child: 0  Id: y of type int [mem: Local loc: -3 size: 1] [line: 13]
.   .   .   Child: 1  Op: - of type int [line: 13]
.   .   .   .   Child: 0  Id: x of type int [mem: Local loc: -2 size: 1] [line: 13]
.   .   .   .   Child: 1  Const 9 of type int [line: 13]
.   .   Sibling: 2  Assign: <- of type int [line: 14]
.   .   .   Child: 0  Id: y of type int [mem: Local loc: -3 size: 1] [line: 14]
.   .   .   Child: 1  Op: chsign of type int [line: 14]
.   .   .   .   Child: 0  Id: x of type int [mem: Local loc: -2 size: 1] [line: 14]
.   .   Sibling: 3  Call: output of type void [line: 15]
.   .   .   Child: 0  Op: chsign of type int [line: 15]
.   .   .   .   Child: 0  Id: x of type int [mem: Local loc: -2 size: 1] [line: 15]
.   .   Sibling: 4  Call: output of type void [line: 16]
.   .   .   Child: 0  Id: y of type int [mem: Local loc: -3 size: 1] [line: 16]
.   .   Sibling: 5  Call: outnl of type void [line: 17]
.   .   Sibling: 6  Call: output of type void [line: 19]
.   .   .   Child: 0  Op: * of type int [line: 19]
.   .   .   .   Child: 0  Op: chsign of type int [line: 19]
.   .   .   .   .   Child: 0  Op: chsign of type int [line: 19]
.   .   .   .   .   .   Child: 0  Const 3 of type int [line: 19]
.   .   .   .   Child: 1  Op: chsign of type int [line: 19]
.   .   .   .   .   Child: 0  Const 5 of type int [line: 19]
.   .   Sibling: 7  Call: output of type void [line: 20]
.   .   .   Child: 0  Op: chsign of type int [line: 20]
.   .   .   .   Child: 0  Op: chsign of type int [line: 20]
.   .   .   .   .   Child: 0  Const 3 of type int [line: 20]
.   .   Sibling: 8  Call: outnl of type void [line: 21]
.   .   Sibling: 9  Compound [mem: None loc: 0 size: -20] [line: 23]
.   .   .   Child: 0  Var: x of type bool [mem: Local loc: -18 size: 1] [line: 23]
.   .   .   Sibling: 1  Var: y of type bool [mem: Local loc: -19 size: 1] [line: 24]
.   .   .   Child: 1  Assign: <- of type bool [line: 26]
.   .   .   .   Child: 0  Id: x of type bool [mem: Local loc: -18 size: 1] [line: 26]
.   .   .   .   Child: 1  Const true of type bool [line: 26]
.   .   .   Sibling: 1  Assign: <- of type bool [line: 27]
.   .   .   .   Child: 0  Id: y of type bool [mem: Local loc: -19 size: 1] [line: 27]
.   .   .   .   Child: 1  Op: not of type bool [line: 27]
.   .   .   .   .   Child: 0  Id: x of type bool [mem: Local loc: -18 size: 1] [line: 27]
.   .   .   Sibling: 2  Call: outputb of type void [line: 28]
.   .   .   .   Child: 0  Op: not of type bool [line: 28]
.   .   .   .   .   Child: 0  Id: x of type bool [mem: Local loc: -18 size: 1] [line: 28]
.   .   .   Sibling: 3  Call: outputb of type void [line: 29]
.   .   .   .   Child: 0  Id: y of type bool [mem: Local loc: -19 size: 1] [line: 29]
.   .   .   Sibling: 4  Call: outputb of type void [line: 30]
.   .   .   .   Child: 0  Op: and of type bool [line: 30]
.   .   .   .   .   Child: 0  Op: not of type bool [line: 30]
.   .   .   .   .   .   Child: 0  Op: not of type bool [line: 30]
.   .   .   .   .   .   .   Child: 0  Id: x of type bool [mem: Local loc: -18 size: 1] [line: 30]
.   .   .   .   .   Child: 1  Op: not of type bool [line: 30]
.   .   .   .   .   .   Child: 0  Id: y of type bool [mem: Local loc: -19 size: 1] [line: 30]
.   .   .   Sibling: 5  Call: outputb of type void [line: 31]
.   .   .   .   Child: 0  Op: or of type bool [line: 31]
.   .   .   .   .   Child: 0  Op: not of type bool [line: 31]
.   .   .   .   .   .   Child: 0  Op: not of type bool [line: 31]
.   .   .   .   .   .   .   Child: 0  Id: x of type bool [mem: Local loc: -18 size: 1] [line: 31]
.   .   .   .   .   Child: 1  Op: not of type bool [line: 31]
.   .   .   .   .   .   Child: 0  Id: y of type bool [mem: Local loc: -19 size: 1] [line: 31]
.   .   .   Sibling: 6  Call: outputb of type void [line: 32]
.   .   .   .   Child: 0  Op: or of type bool [line: 32]
.   .   .   .   .   Child: 0  Op: not of type bool [line: 32]
.   .   .   .   .   .   Child: 0  Op: not of type bool [line: 32]
.   .   .   .   .   .   .   Child: 0  Id: y of type bool [mem: Local loc: -19 size: 1] [line: 32]
.   .   .   .   .   Child: 1  Op: not of type bool [line: 32]
.   .   .   .   .   .   Child: 0  Id: x of type bool [mem: Local loc: -18 size: 1] [line: 32]
.   .   .   Sibling: 7  Call: outputb of type void [line: 33]
.   .   .   .   Child: 0  Op: not of type bool [line: 33]
.   .   .   .   .   Child: 0  Op: not of type bool [line: 33]
.   .   .   .   .   .   Child: 0  Id: x of type bool [mem: Local loc: -18 size: 1] [line: 33]
.   .   .   Sibling: 8  Call: outnl of type void [line: 34]
.   .   Sibling: 10  Call: output of type void [line: 37]
.   .   .   Child: 0  Op: sizeof of type int [line: 37]
.   .   .   .   Child: 0  Id: a of array of type bool [mem: Local loc: -5 size: 8] [line: 37]
.   .   Sibling: 11  Call: output of type void [line: 38]
.   .   .   Child: 0  Op: sizeof of type int [line: 38]
.   .   .   .   Child: 0  Id: b of array of type bool [mem: Local loc: -13 size: 6] [line: 38]
Offset for end of global space: 0
Number of warnings: 2
Number of errors: 0
