====================================
FILE: uninit2.c-
WARNING(6): Variable 'b' may be uninitialized when used here.
WARNING(8): Variable 'aa' may be uninitialized when used here.
WARNING(9): Variable 'bb' may be uninitialized when used here.
WARNING(9): Variable 'cc' may be uninitialized when used here.
WARNING(12): Variable 'dd' may be uninitialized when used here.
Func: main returns type void [mem: Global loc: 0 size: -2] [line: 1]
.   Child: 1  Compound [mem: None loc: 0 size: -39] [line: 2]
.   .   Child: 0  Var: a of type int [mem: Local loc: -2 size: 1] [line: 3]
.   .   Sibling: 1  Var: b of type int [mem: Local loc: -3 size: 1] [line: 3]
.   .   Sibling: 2  Var: c of type int [mem: Local loc: -4 size: 1] [line: 3]
.   .   Sibling: 3  Var: d of type int [mem: Local loc: -5 size: 1] [line: 3]
.   .   Sibling: 4  Var: aa of array of type int [mem: Local loc: -7 size: 3] [line: 4]
.   .   Sibling: 5  Var: bb of array of type int [mem: Local loc: -10 size: 4] [line: 4]
.   .   Sibling: 6  Var: cc of array of type int [mem: Local loc: -14 size: 6] [line: 4]
.   .   Sibling: 7  Var: dd of array of type int [mem: Local loc: -20 size: 8] [line: 4]
.   .   Sibling: 8  Var: ee of array of type int [mem: Local loc: -28 size: 12] [line: 4]
.   .   Child: 1  Assign: <- of type int [line: 6]
.   .   .   Child: 0  Id: a of type int [mem: Local loc: -2 size: 1] [line: 6]
.   .   .   Child: 1  Id: b of type int [mem: Local loc: -3 size: 1] [line: 6]
.   .   Sibling: 1  Assign: <- of type int [line: 7]
.   .   .   Child: 0  Id: a of type int [mem: Local loc: -2 size: 1] [line: 7]
.   .   .   Child: 1  Id: b of type int [mem: Local loc: -3 size: 1] [line: 7]
.   .   Sibling: 2  Assign: <- of type int [line: 8]
.   .   .   Child: 0  Id: a of type int [mem: Local loc: -2 size: 1] [line: 8]
.   .   .   Child: 1  Op: [ of type int [line: 8]
.   .   .   .   Child: 0  Id: aa of array of type int [mem: Local loc: -7 size: 3] [line: 8]
.   .   .   .   Child: 1  Const 3 of type int [line: 8]
.   .   Sibling: 3  Assign: <- of type int [line: 9]
.   .   .   Child: 0  Id: a of type int [mem: Local loc: -2 size: 1] [line: 9]
.   .   .   Child: 1  Op: [ of type int [line: 9]
.   .   .   .   Child: 0  Id: bb of array of type int [mem: Local loc: -10 size: 4] [line: 9]
.   .   .   .   Child: 1  Op: [ of type int [line: 9]
.   .   .   .   .   Child: 0  Id: cc of array of type int [mem: Local loc: -14 size: 6] [line: 9]
.   .   .   .   .   Child: 1  Const 3 of type int [line: 9]
.   .   Sibling: 4  Assign: <- of type int [line: 10]
.   .   .   Child: 0  Op: [ of type int [line: 10]
.   .   .   .   Child: 0  Id: cc of array of type int [mem: Local loc: -14 size: 6] [line: 10]
.   .   .   .   Child: 1  Id: c of type int [mem: Local loc: -4 size: 1] [line: 10]
.   .   .   Child: 1  Id: a of type int [mem: Local loc: -2 size: 1] [line: 10]
.   .   Sibling: 5  Assign: <- of type int [line: 11]
.   .   .   Child: 0  Op: [ of type int [line: 11]
.   .   .   .   Child: 0  Id: cc of array of type int [mem: Local loc: -14 size: 6] [line: 11]
.   .   .   .   Child: 1  Op: + of type int [line: 11]
.   .   .   .   .   Child: 0  Id: c of type int [mem: Local loc: -4 size: 1] [line: 11]
.   .   .   .   .   Child: 1  Id: d of type int [mem: Local loc: -5 size: 1] [line: 11]
.   .   .   Child: 1  Id: a of type int [mem: Local loc: -2 size: 1] [line: 11]
.   .   Sibling: 6  Op: [ of type int [line: 12]
.   .   .   Child: 0  Id: cc of array of type int [mem: Local loc: -14 size: 6] [line: 12]
.   .   .   Child: 1  Op: [ of type int [line: 12]
.   .   .   .   Child: 0  Id: dd of array of type int [mem: Local loc: -20 size: 8] [line: 12]
.   .   .   .   Child: 1  Const 3 of type int [line: 12]
.   .   Sibling: 7  Assign: <- of type int [line: 13]
.   .   .   Child: 0  Op: [ of type int [line: 13]
.   .   .   .   Child: 0  Id: cc of array of type int [mem: Local loc: -14 size: 6] [line: 13]
.   .   .   .   Child: 1  Op: [ of type int [line: 13]
.   .   .   .   .   Child: 0  Id: ee of array of type int [mem: Local loc: -28 size: 12] [line: 13]
.   .   .   .   .   Child: 1  Const 3 of type int [line: 13]
.   .   .   Child: 1  Const 284 of type int [line: 13]
Offset for end of global space: 0
Number of warnings: 5
Number of errors: 0
