====================================
FILE: unused.c-
WARNING(2): The parameter 'x' seems not to be used.
WARNING(2): The function 'dog' seems not to be used.
WARNING(1): The variable 'g' seems not to be used.
Var: g of type int [mem: Global loc: 0 size: 1] [line: 1]
Sibling: 1  Var: ug of type int [mem: Global loc: -1 size: 1] [line: 1]
Sibling: 2  Func: dog returns type void [mem: Global loc: 0 size: -3] [line: 2]
.   Child: 0  Parm: x of type int [mem: Parameter loc: -2 size: 1] [line: 2]
.   Child: 1  Compound [mem: None loc: 0 size: -3] [line: 2]
Sibling: 3  Func: udog returns type void [mem: Global loc: 0 size: -2] [line: 3]
.   Child: 1  Compound [mem: None loc: 0 size: -2] [line: 3]
Sibling: 4  Func: main returns type void [mem: Global loc: 0 size: -2] [line: 5]
.   Child: 1  Compound [mem: None loc: 0 size: -2] [line: 5]
.   .   Child: 1  Assign: <- of type int [line: 6]
.   .   .   Child: 0  Id: ug of type int [mem: Global loc: -1 size: 1] [line: 6]
.   .   .   Child: 1  Const 3 of type int [line: 6]
.   .   Sibling: 1  Call: udog of type void [line: 7]
Offset for end of global space: -2
Number of warnings: 3
Number of errors: 0
