====================================
FILE: varAssign.c-
Var: gx of type int [mem: Global loc: 0 size: 1] [line: 2]
Sibling: 1  Var: gy of array of type int [mem: Global loc: -2 size: 11] [line: 2]
Sibling: 2  Func: esperanza returns type void [mem: Global loc: 0 size: -4] [line: 3]
.   Child: 0  Parm: px of type int [mem: Parameter loc: -2 size: 1] [line: 3]
.   Sibling: 1  Parm: py of array of type int [mem: Parameter loc: -3 size: 1] [line: 3]
.   Child: 1  Compound [mem: None loc: 0 size: -16] [line: 4]
.   .   Child: 0  Var: x of type int [mem: Local loc: -4 size: 1] [line: 5]
.   .   Sibling: 1  Var: y of array of type int [mem: Local loc: -6 size: 11] [line: 5]
.   .   Sibling: 2  Var: sx of static type int [mem: LocalStatic loc: -12 size: 1] [line: 6]
.   .   Sibling: 3  Var: sy of static array of type int [mem: LocalStatic loc: -14 size: 11] [line: 6]
.   .   Child: 1  Assign: <- of type int [line: 7]
.   .   .   Child: 0  Id: gx of type int [mem: Global loc: 0 size: 1] [line: 7]
.   .   .   Child: 1  Const 444 of type int [line: 7]
.   .   Sibling: 1  Assign: <- of type int [line: 8]
.   .   .   Child: 0  Id: x of type int [mem: Local loc: -4 size: 1] [line: 8]
.   .   .   Child: 1  Const 555 of type int [line: 8]
.   .   Sibling: 2  Assign: <- of type int [line: 9]
.   .   .   Child: 0  Id: sx of static type int [mem: LocalStatic loc: -12 size: 1] [line: 9]
.   .   .   Child: 1  Const 666 of type int [line: 9]
.   .   Sibling: 3  Assign: <- of type int [line: 12]
.   .   .   Child: 0  Op: [ of type int [line: 12]
.   .   .   .   Child: 0  Id: gy of array of type int [mem: Global loc: -2 size: 11] [line: 12]
.   .   .   .   Child: 1  Const 9 of type int [line: 12]
.   .   .   Child: 1  Const 222 of type int [line: 12]
.   .   Sibling: 4  Call: output of type void [line: 13]
.   .   .   Child: 0  Op: [ of type int [line: 13]
.   .   .   .   Child: 0  Id: gy of array of type int [mem: Global loc: -2 size: 11] [line: 13]
.   .   .   .   Child: 1  Const 9 of type int [line: 13]
.   .   Sibling: 5  Assign: <- of type int [line: 14]
.   .   .   Child: 0  Id: gx of type int [mem: Global loc: 0 size: 1] [line: 14]
.   .   .   Child: 1  Id: gx of type int [mem: Global loc: 0 size: 1] [line: 14]
.   .   Sibling: 6  Call: output of type void [line: 15]
.   .   .   Child: 0  Id: gx of type int [mem: Global loc: 0 size: 1] [line: 15]
.   .   Sibling: 7  Assign: <- of type int [line: 16]
.   .   .   Child: 0  Op: [ of type int [line: 16]
.   .   .   .   Child: 0  Id: gy of array of type int [mem: Global loc: -2 size: 11] [line: 16]
.   .   .   .   Child: 1  Const 8 of type int [line: 16]
.   .   .   Child: 1  Op: [ of type int [line: 16]
.   .   .   .   Child: 0  Id: gy of array of type int [mem: Global loc: -2 size: 11] [line: 16]
.   .   .   .   Child: 1  Const 9 of type int [line: 16]
.   .   Sibling: 8  Call: output of type void [line: 17]
.   .   .   Child: 0  Op: [ of type int [line: 17]
.   .   .   .   Child: 0  Id: gy of array of type int [mem: Global loc: -2 size: 11] [line: 17]
.   .   .   .   Child: 1  Const 8 of type int [line: 17]
.   .   Sibling: 9  Call: outnl of type void [line: 18]
.   .   Sibling: 10  Assign: <- of type int [line: 21]
.   .   .   Child: 0  Op: [ of type int [line: 21]
.   .   .   .   Child: 0  Id: y of array of type int [mem: Local loc: -6 size: 11] [line: 21]
.   .   .   .   Child: 1  Const 9 of type int [line: 21]
.   .   .   Child: 1  Const 333 of type int [line: 21]
.   .   Sibling: 11  Call: output of type void [line: 22]
.   .   .   Child: 0  Op: [ of type int [line: 22]
.   .   .   .   Child: 0  Id: y of array of type int [mem: Local loc: -6 size: 11] [line: 22]
.   .   .   .   Child: 1  Const 9 of type int [line: 22]
.   .   Sibling: 12  Assign: <- of type int [line: 23]
.   .   .   Child: 0  Id: x of type int [mem: Local loc: -4 size: 1] [line: 23]
.   .   .   Child: 1  Id: x of type int [mem: Local loc: -4 size: 1] [line: 23]
.   .   Sibling: 13  Call: output of type void [line: 24]
.   .   .   Child: 0  Id: x of type int [mem: Local loc: -4 size: 1] [line: 24]
.   .   Sibling: 14  Assign: <- of type int [line: 25]
.   .   .   Child: 0  Op: [ of type int [line: 25]
.   .   .   .   Child: 0  Id: y of array of type int [mem: Local loc: -6 size: 11] [line: 25]
.   .   .   .   Child: 1  Const 7 of type int [line: 25]
.   .   .   Child: 1  Op: sizeof of type int [line: 25]
.   .   .   .   Child: 0  Id: y of array of type int [mem: Local loc: -6 size: 11] [line: 25]
.   .   Sibling: 15  Call: output of type void [line: 26]
.   .   .   Child: 0  Op: [ of type int [line: 26]
.   .   .   .   Child: 0  Id: y of array of type int [mem: Local loc: -6 size: 11] [line: 26]
.   .   .   .   Child: 1  Const 7 of type int [line: 26]
.   .   Sibling: 16  Call: outnl of type void [line: 27]
.   .   Sibling: 17  Assign: <- of type int [line: 30]
.   .   .   Child: 0  Id: px of type int [mem: Parameter loc: -2 size: 1] [line: 30]
.   .   .   Child: 1  Id: px of type int [mem: Parameter loc: -2 size: 1] [line: 30]
.   .   Sibling: 18  Call: output of type void [line: 31]
.   .   .   Child: 0  Id: px of type int [mem: Parameter loc: -2 size: 1] [line: 31]
.   .   Sibling: 19  Assign: <- of type int [line: 32]
.   .   .   Child: 0  Id: px of type int [mem: Parameter loc: -2 size: 1] [line: 32]
.   .   .   Child: 1  Const 101 of type int [line: 32]
.   .   Sibling: 20  Assign: <- of type int [line: 33]
.   .   .   Child: 0  Op: [ of type int [line: 33]
.   .   .   .   Child: 0  Id: py of array of type int [mem: Parameter loc: -3 size: 1] [line: 33]
.   .   .   .   Child: 1  Const 8 of type int [line: 33]
.   .   .   Child: 1  Op: [ of type int [line: 33]
.   .   .   .   Child: 0  Id: py of array of type int [mem: Parameter loc: -3 size: 1] [line: 33]
.   .   .   .   Child: 1  Const 9 of type int [line: 33]
.   .   Sibling: 21  Call: output of type void [line: 34]
.   .   .   Child: 0  Op: [ of type int [line: 34]
.   .   .   .   Child: 0  Id: py of array of type int [mem: Parameter loc: -3 size: 1] [line: 34]
.   .   .   .   Child: 1  Const 8 of type int [line: 34]
.   .   Sibling: 22  Assign: <- of type int [line: 35]
.   .   .   Child: 0  Op: [ of type int [line: 35]
.   .   .   .   Child: 0  Id: py of array of type int [mem: Parameter loc: -3 size: 1] [line: 35]
.   .   .   .   Child: 1  Const 8 of type int [line: 35]
.   .   .   Child: 1  Const 102 of type int [line: 35]
.   .   Sibling: 23  Assign: <- of type int [line: 36]
.   .   .   Child: 0  Op: [ of type int [line: 36]
.   .   .   .   Child: 0  Id: py of array of type int [mem: Parameter loc: -3 size: 1] [line: 36]
.   .   .   .   Child: 1  Const 7 of type int [line: 36]
.   .   .   Child: 1  Op: sizeof of type int [line: 36]
.   .   .   .   Child: 0  Id: py of array of type int [mem: Parameter loc: -3 size: 1] [line: 36]
.   .   Sibling: 24  Call: output of type void [line: 37]
.   .   .   Child: 0  Op: [ of type int [line: 37]
.   .   .   .   Child: 0  Id: py of array of type int [mem: Parameter loc: -3 size: 1] [line: 37]
.   .   .   .   Child: 1  Const 7 of type int [line: 37]
.   .   Sibling: 25  Call: outnl of type void [line: 38]
.   .   Sibling: 26  Assign: <- of type int [line: 41]
.   .   .   Child: 0  Op: [ of type int [line: 41]
.   .   .   .   Child: 0  Id: sy of static array of type int [mem: LocalStatic loc: -14 size: 11] [line: 41]
.   .   .   .   Child: 1  Const 9 of type int [line: 41]
.   .   .   Child: 1  Const 444 of type int [line: 41]
.   .   Sibling: 27  Call: output of type void [line: 42]
.   .   .   Child: 0  Op: [ of type int [line: 42]
.   .   .   .   Child: 0  Id: sy of static array of type int [mem: LocalStatic loc: -14 size: 11] [line: 42]
.   .   .   .   Child: 1  Const 9 of type int [line: 42]
.   .   Sibling: 28  Assign: <- of type int [line: 43]
.   .   .   Child: 0  Id: sx of static type int [mem: LocalStatic loc: -12 size: 1] [line: 43]
.   .   .   Child: 1  Id: sx of static type int [mem: LocalStatic loc: -12 size: 1] [line: 43]
.   .   Sibling: 29  Call: output of type void [line: 44]
.   .   .   Child: 0  Id: sx of static type int [mem: LocalStatic loc: -12 size: 1] [line: 44]
.   .   Sibling: 30  Assign: <- of type int [line: 45]
.   .   .   Child: 0  Op: [ of type int [line: 45]
.   .   .   .   Child: 0  Id: sy of static array of type int [mem: LocalStatic loc: -14 size: 11] [line: 45]
.   .   .   .   Child: 1  Const 7 of type int [line: 45]
.   .   .   Child: 1  Op: sizeof of type int [line: 45]
.   .   .   .   Child: 0  Id: sy of static array of type int [mem: LocalStatic loc: -14 size: 11] [line: 45]
.   .   Sibling: 31  Call: output of type void [line: 46]
.   .   .   Child: 0  Op: [ of type int [line: 46]
.   .   .   .   Child: 0  Id: sy of static array of type int [mem: LocalStatic loc: -14 size: 11] [line: 46]
.   .   .   .   Child: 1  Const 7 of type int [line: 46]
.   .   Sibling: 32  Call: outnl of type void [line: 47]
Sibling: 3  Func: main returns type void [mem: Global loc: 0 size: -2] [line: 51]
.   Child: 1  Compound [mem: None loc: 0 size: -14] [line: 52]
.   .   Child: 0  Var: zx of type int [mem: Local loc: -2 size: 1] [line: 53]
.   .   Sibling: 1  Var: zy of array of type int [mem: Local loc: -4 size: 11] [line: 53]
.   .   Child: 1  Assign: <- of type int [line: 56]
.   .   .   Child: 0  Id: zx of type int [mem: Local loc: -2 size: 1] [line: 56]
.   .   .   Child: 1  Const 999 of type int [line: 56]
.   .   Sibling: 1  Assign: <- of type int [line: 57]
.   .   .   Child: 0  Op: [ of type int [line: 57]
.   .   .   .   Child: 0  Id: zy of array of type int [mem: Local loc: -4 size: 11] [line: 57]
.   .   .   .   Child: 1  Const 9 of type int [line: 57]
.   .   .   Child: 1  Const 111 of type int [line: 57]
.   .   Sibling: 2  Call: output of type void [line: 58]
.   .   .   Child: 0  Id: zx of type int [mem: Local loc: -2 size: 1] [line: 58]
.   .   Sibling: 3  Call: output of type void [line: 59]
.   .   .   Child: 0  Op: [ of type int [line: 59]
.   .   .   .   Child: 0  Id: zy of array of type int [mem: Local loc: -4 size: 11] [line: 59]
.   .   .   .   Child: 1  Const 9 of type int [line: 59]
.   .   Sibling: 4  Call: outnl of type void [line: 60]
.   .   Sibling: 5  Call: esperanza of type void [line: 62]
.   .   .   Child: 0  Id: zx of type int [mem: Local loc: -2 size: 1] [line: 62]
.   .   .   Sibling: 1  Id: zy of array of type int [mem: Local loc: -4 size: 11] [line: 62]
.   .   Sibling: 6  Call: output of type void [line: 65]
.   .   .   Child: 0  Id: zx of type int [mem: Local loc: -2 size: 1] [line: 65]
.   .   Sibling: 7  Call: output of type void [line: 66]
.   .   .   Child: 0  Op: [ of type int [line: 66]
.   .   .   .   Child: 0  Id: zy of array of type int [mem: Local loc: -4 size: 11] [line: 66]
.   .   .   .   Child: 1  Const 9 of type int [line: 66]
.   .   Sibling: 8  Call: outnl of type void [line: 67]
Offset for end of global space: -24
Number of warnings: 0
Number of errors: 0
