====================================
FILE: walsh.c-
WARNING(90): Variable 'f' may be uninitialized when used here.
Func: pow returns type int [mem: Global loc: 0 size: -4] [line: 3]
.   Child: 0  Parm: n of type int [mem: Parameter loc: -2 size: 1] [line: 3]
.   Sibling: 1  Parm: p of type int [mem: Parameter loc: -3 size: 1] [line: 3]
.   Child: 1  Compound [mem: None loc: 0 size: -6] [line: 4]
.   .   Child: 0  Var: sqr of type int [mem: Local loc: -4 size: 1] [line: 5]
.   .   Sibling: 1  Var: ans of type int [mem: Local loc: -5 size: 1] [line: 6]
.   .   Child: 1  Assign: <- of type int [line: 8]
.   .   .   Child: 0  Id: ans of type int [mem: Local loc: -5 size: 1] [line: 8]
.   .   .   Child: 1  Const 1 of type int [line: 8]
.   .   Sibling: 1  Assign: <- of type int [line: 9]
.   .   .   Child: 0  Id: sqr of type int [mem: Local loc: -4 size: 1] [line: 9]
.   .   .   Child: 1  Id: n of type int [mem: Parameter loc: -2 size: 1] [line: 9]
.   .   Sibling: 2  While [line: 10]
.   .   .   Child: 0  Const true of type bool [line: 10]
.   .   .   Child: 1  Compound [mem: None loc: 0 size: -6] [line: 10]
.   .   .   .   Child: 1  If [line: 11]
.   .   .   .   .   Child: 0  Op: = of type bool [line: 11]
.   .   .   .   .   .   Child: 0  Op: % of type int [line: 11]
.   .   .   .   .   .   .   Child: 0  Id: p of type int [mem: Parameter loc: -3 size: 1] [line: 11]
.   .   .   .   .   .   .   Child: 1  Const 2 of type int [line: 11]
.   .   .   .   .   .   Child: 1  Const 1 of type int [line: 11]
.   .   .   .   .   Child: 1  Assign: <- of type int [line: 11]
.   .   .   .   .   .   Child: 0  Id: ans of type int [mem: Local loc: -5 size: 1] [line: 11]
.   .   .   .   .   .   Child: 1  Op: * of type int [line: 11]
.   .   .   .   .   .   .   Child: 0  Id: ans of type int [mem: Local loc: -5 size: 1] [line: 11]
.   .   .   .   .   .   .   Child: 1  Id: sqr of type int [mem: Local loc: -4 size: 1] [line: 11]
.   .   .   .   Sibling: 1  Assign: <- of type int [line: 12]
.   .   .   .   .   Child: 0  Id: p of type int [mem: Parameter loc: -3 size: 1] [line: 12]
.   .   .   .   .   Child: 1  Op: / of type int [line: 12]
.   .   .   .   .   .   Child: 0  Id: p of type int [mem: Parameter loc: -3 size: 1] [line: 12]
.   .   .   .   .   .   Child: 1  Const 2 of type int [line: 12]
.   .   .   .   Sibling: 2  If [line: 13]
.   .   .   .   .   Child: 0  Op: = of type bool [line: 13]
.   .   .   .   .   .   Child: 0  Id: p of type int [mem: Parameter loc: -3 size: 1] [line: 13]
.   .   .   .   .   .   Child: 1  Const 0 of type int [line: 13]
.   .   .   .   .   Child: 1  Return [line: 13]
.   .   .   .   .   .   Child: 0  Id: ans of type int [mem: Local loc: -5 size: 1] [line: 13]
.   .   .   .   Sibling: 3  Assign: <- of type int [line: 14]
.   .   .   .   .   Child: 0  Id: sqr of type int [mem: Local loc: -4 size: 1] [line: 14]
.   .   .   .   .   Child: 1  Op: * of type int [line: 14]
.   .   .   .   .   .   Child: 0  Id: sqr of type int [mem: Local loc: -4 size: 1] [line: 14]
.   .   .   .   .   .   Child: 1  Id: sqr of type int [mem: Local loc: -4 size: 1] [line: 14]
Sibling: 1  Func: getFunc returns type int [mem: Global loc: 0 size: -3] [line: 18]
.   Child: 0  Parm: f of array of type int [mem: Parameter loc: -2 size: 1] [line: 18]
.   Child: 1  Compound [mem: None loc: 0 size: -6] [line: 19]
.   .   Child: 0  Var: numbits of type int [mem: Local loc: -3 size: 1] [line: 20]
.   .   Sibling: 1  Var: i of type int [mem: Local loc: -4 size: 1] [line: 21]
.   .   Sibling: 2  Var: size of type int [mem: Local loc: -5 size: 1] [line: 22]
.   .   Child: 1  Assign: <- of type int [line: 24]
.   .   .   Child: 0  Id: numbits of type int [mem: Local loc: -3 size: 1] [line: 24]
.   .   .   Child: 1  Call: input of type int [line: 24]
.   .   Sibling: 1  If [line: 25]
.   .   .   Child: 0  Op: = of type bool [line: 25]
.   .   .   .   Child: 0  Id: numbits of type int [mem: Local loc: -3 size: 1] [line: 25]
.   .   .   .   Child: 1  Const 0 of type int [line: 25]
.   .   .   Child: 1  Return [line: 25]
.   .   .   .   Child: 0  Const 0 of type int [line: 25]
.   .   Sibling: 2  Assign: <- of type int [line: 26]
.   .   .   Child: 0  Id: size of type int [mem: Local loc: -5 size: 1] [line: 26]
.   .   .   Child: 1  Call: pow of type int [line: 26]
.   .   .   .   Child: 0  Const 2 of type int [line: 26]
.   .   .   .   Sibling: 1  Id: numbits of type int [mem: Local loc: -3 size: 1] [line: 26]
.   .   Sibling: 3  Assign: <- of type int [line: 27]
.   .   .   Child: 0  Id: i of type int [mem: Local loc: -4 size: 1] [line: 27]
.   .   .   Child: 1  Const 0 of type int [line: 27]
.   .   Sibling: 4  While [line: 28]
.   .   .   Child: 0  Op: < of type bool [line: 28]
.   .   .   .   Child: 0  Id: i of type int [mem: Local loc: -4 size: 1] [line: 28]
.   .   .   .   Child: 1  Id: size of type int [mem: Local loc: -5 size: 1] [line: 28]
.   .   .   Child: 1  Compound [mem: None loc: 0 size: -6] [line: 28]
.   .   .   .   Child: 1  Assign: <- of type int [line: 29]
.   .   .   .   .   Child: 0  Op: [ of type int [line: 29]
.   .   .   .   .   .   Child: 0  Id: f of array of type int [mem: Parameter loc: -2 size: 1] [line: 29]
.   .   .   .   .   .   Child: 1  Id: i of type int [mem: Local loc: -4 size: 1] [line: 29]
.   .   .   .   .   Child: 1  Call: input of type int [line: 29]
.   .   .   .   Sibling: 1  Assign: <- of type int [line: 30]
.   .   .   .   .   Child: 0  Id: i of type int [mem: Local loc: -4 size: 1] [line: 30]
.   .   .   .   .   Child: 1  Op: + of type int [line: 30]
.   .   .   .   .   .   Child: 0  Id: i of type int [mem: Local loc: -4 size: 1] [line: 30]
.   .   .   .   .   .   Child: 1  Const 1 of type int [line: 30]
.   .   Sibling: 5  Return [line: 33]
.   .   .   Child: 0  Id: numbits of type int [mem: Local loc: -3 size: 1] [line: 33]
Sibling: 2  Func: printFunc returns type void [mem: Global loc: 0 size: -4] [line: 36]
.   Child: 0  Parm: f of array of type int [mem: Parameter loc: -2 size: 1] [line: 36]
.   Sibling: 1  Parm: size of type int [mem: Parameter loc: -3 size: 1] [line: 36]
.   Child: 1  Compound [mem: None loc: 0 size: -5] [line: 37]
.   .   Child: 0  Var: i of type int [mem: Local loc: -4 size: 1] [line: 38]
.   .   Child: 1  Assign: <- of type int [line: 40]
.   .   .   Child: 0  Id: i of type int [mem: Local loc: -4 size: 1] [line: 40]
.   .   .   Child: 1  Const 0 of type int [line: 40]
.   .   Sibling: 1  While [line: 41]
.   .   .   Child: 0  Op: < of type bool [line: 41]
.   .   .   .   Child: 0  Id: i of type int [mem: Local loc: -4 size: 1] [line: 41]
.   .   .   .   Child: 1  Id: size of type int [mem: Parameter loc: -3 size: 1] [line: 41]
.   .   .   Child: 1  Compound [mem: None loc: 0 size: -5] [line: 41]
.   .   .   .   Child: 1  Call: output of type void [line: 42]
.   .   .   .   .   Child: 0  Op: [ of type int [line: 42]
.   .   .   .   .   .   Child: 0  Id: f of array of type int [mem: Parameter loc: -2 size: 1] [line: 42]
.   .   .   .   .   .   Child: 1  Id: i of type int [mem: Local loc: -4 size: 1] [line: 42]
.   .   .   .   Sibling: 1  Assign: <- of type int [line: 43]
.   .   .   .   .   Child: 0  Id: i of type int [mem: Local loc: -4 size: 1] [line: 43]
.   .   .   .   .   Child: 1  Op: + of type int [line: 43]
.   .   .   .   .   .   Child: 0  Id: i of type int [mem: Local loc: -4 size: 1] [line: 43]
.   .   .   .   .   .   Child: 1  Const 1 of type int [line: 43]
.   .   Sibling: 2  Call: outnl of type void [line: 45]
Sibling: 3  Func: fwt returns type void [mem: Global loc: 0 size: -5] [line: 49]
.   Child: 0  Parm: w of array of type int [mem: Parameter loc: -2 size: 1] [line: 49]
.   Sibling: 1  Parm: start of type int [mem: Parameter loc: -3 size: 1] [line: 49]
.   Sibling: 2  Parm: size of type int [mem: Parameter loc: -4 size: 1] [line: 49]
.   Child: 1  Compound [mem: None loc: 0 size: -8] [line: 50]
.   .   Child: 0  Var: a of type int [mem: Local loc: -5 size: 1] [line: 51]
.   .   Sibling: 1  Var: b of type int [mem: Local loc: -6 size: 1] [line: 51]
.   .   Sibling: 2  Var: tmp of type int [mem: Local loc: -7 size: 1] [line: 51]
.   .   Child: 1  Assign: <- of type int [line: 53]
.   .   .   Child: 0  Id: size of type int [mem: Parameter loc: -4 size: 1] [line: 53]
.   .   .   Child: 1  Op: / of type int [line: 53]
.   .   .   .   Child: 0  Id: size of type int [mem: Parameter loc: -4 size: 1] [line: 53]
.   .   .   .   Child: 1  Const 2 of type int [line: 53]
.   .   Sibling: 1  If [line: 54]
.   .   .   Child: 0  Op: > of type bool [line: 54]
.   .   .   .   Child: 0  Id: size of type int [mem: Parameter loc: -4 size: 1] [line: 54]
.   .   .   .   Child: 1  Const 1 of type int [line: 54]
.   .   .   Child: 1  Compound [mem: None loc: 0 size: -8] [line: 54]
.   .   .   .   Child: 1  Call: fwt of type void [line: 55]
.   .   .   .   .   Child: 0  Id: w of array of type int [mem: Parameter loc: -2 size: 1] [line: 55]
.   .   .   .   .   Sibling: 1  Id: start of type int [mem: Parameter loc: -3 size: 1] [line: 55]
.   .   .   .   .   Sibling: 2  Id: size of type int [mem: Parameter loc: -4 size: 1] [line: 55]
.   .   .   .   Sibling: 1  Call: fwt of type void [line: 56]
.   .   .   .   .   Child: 0  Id: w of array of type int [mem: Parameter loc: -2 size: 1] [line: 56]
.   .   .   .   .   Sibling: 1  Op: + of type int [line: 56]
.   .   .   .   .   .   Child: 0  Id: start of type int [mem: Parameter loc: -3 size: 1] [line: 56]
.   .   .   .   .   .   Child: 1  Id: size of type int [mem: Parameter loc: -4 size: 1] [line: 56]
.   .   .   .   .   Sibling: 2  Id: size of type int [mem: Parameter loc: -4 size: 1] [line: 56]
.   .   Sibling: 2  Assign: <- of type int [line: 59]
.   .   .   Child: 0  Id: a of type int [mem: Local loc: -5 size: 1] [line: 59]
.   .   .   Child: 1  Id: start of type int [mem: Parameter loc: -3 size: 1] [line: 59]
.   .   Sibling: 3  Assign: <- of type int [line: 60]
.   .   .   Child: 0  Id: b of type int [mem: Local loc: -6 size: 1] [line: 60]
.   .   .   Child: 1  Op: + of type int [line: 60]
.   .   .   .   Child: 0  Id: start of type int [mem: Parameter loc: -3 size: 1] [line: 60]
.   .   .   .   Child: 1  Id: size of type int [mem: Parameter loc: -4 size: 1] [line: 60]
.   .   Sibling: 4  While [line: 61]
.   .   .   Child: 0  Op: < of type bool [line: 61]
.   .   .   .   Child: 0  Id: a of type int [mem: Local loc: -5 size: 1] [line: 61]
.   .   .   .   Child: 1  Op: + of type int [line: 61]
.   .   .   .   .   Child: 0  Id: start of type int [mem: Parameter loc: -3 size: 1] [line: 61]
.   .   .   .   .   Child: 1  Id: size of type int [mem: Parameter loc: -4 size: 1] [line: 61]
.   .   .   Child: 1  Compound [mem: None loc: 0 size: -8] [line: 61]
.   .   .   .   Child: 1  Assign: <- of type int [line: 62]
.   .   .   .   .   Child: 0  Id: tmp of type int [mem: Local loc: -7 size: 1] [line: 62]
.   .   .   .   .   Child: 1  Op: [ of type int [line: 62]
.   .   .   .   .   .   Child: 0  Id: w of array of type int [mem: Parameter loc: -2 size: 1] [line: 62]
.   .   .   .   .   .   Child: 1  Id: a of type int [mem: Local loc: -5 size: 1] [line: 62]
.   .   .   .   Sibling: 1  Assign: <- of type int [line: 63]
.   .   .   .   .   Child: 0  Op: [ of type int [line: 63]
.   .   .   .   .   .   Child: 0  Id: w of array of type int [mem: Parameter loc: -2 size: 1] [line: 63]
.   .   .   .   .   .   Child: 1  Id: a of type int [mem: Local loc: -5 size: 1] [line: 63]
.   .   .   .   .   Child: 1  Op: + of type int [line: 63]
.   .   .   .   .   .   Child: 0  Op: [ of type int [line: 63]
.   .   .   .   .   .   .   Child: 0  Id: w of array of type int [mem: Parameter loc: -2 size: 1] [line: 63]
.   .   .   .   .   .   .   Child: 1  Id: a of type int [mem: Local loc: -5 size: 1] [line: 63]
.   .   .   .   .   .   Child: 1  Op: [ of type int [line: 63]
.   .   .   .   .   .   .   Child: 0  Id: w of array of type int [mem: Parameter loc: -2 size: 1] [line: 63]
.   .   .   .   .   .   .   Child: 1  Id: b of type int [mem: Local loc: -6 size: 1] [line: 63]
.   .   .   .   Sibling: 2  Assign: <- of type int [line: 64]
.   .   .   .   .   Child: 0  Op: [ of type int [line: 64]
.   .   .   .   .   .   Child: 0  Id: w of array of type int [mem: Parameter loc: -2 size: 1] [line: 64]
.   .   .   .   .   .   Child: 1  Id: b of type int [mem: Local loc: -6 size: 1] [line: 64]
.   .   .   .   .   Child: 1  Op: - of type int [line: 64]
.   .   .   .   .   .   Child: 0  Id: tmp of type int [mem: Local loc: -7 size: 1] [line: 64]
.   .   .   .   .   .   Child: 1  Op: [ of type int [line: 64]
.   .   .   .   .   .   .   Child: 0  Id: w of array of type int [mem: Parameter loc: -2 size: 1] [line: 64]
.   .   .   .   .   .   .   Child: 1  Id: b of type int [mem: Local loc: -6 size: 1] [line: 64]
.   .   .   .   Sibling: 3  Assign: <- of type int [line: 65]
.   .   .   .   .   Child: 0  Id: a of type int [mem: Local loc: -5 size: 1] [line: 65]
.   .   .   .   .   Child: 1  Op: + of type int [line: 65]
.   .   .   .   .   .   Child: 0  Id: a of type int [mem: Local loc: -5 size: 1] [line: 65]
.   .   .   .   .   .   Child: 1  Const 1 of type int [line: 65]
.   .   .   .   Sibling: 4  Assign: <- of type int [line: 66]
.   .   .   .   .   Child: 0  Id: b of type int [mem: Local loc: -6 size: 1] [line: 66]
.   .   .   .   .   Child: 1  Op: + of type int [line: 66]
.   .   .   .   .   .   Child: 0  Id: b of type int [mem: Local loc: -6 size: 1] [line: 66]
.   .   .   .   .   .   Child: 1  Const 1 of type int [line: 66]
Sibling: 4  Func: div returns type void [mem: Global loc: 0 size: -4] [line: 70]
.   Child: 0  Parm: f of array of type int [mem: Parameter loc: -2 size: 1] [line: 70]
.   Sibling: 1  Parm: size of type int [mem: Parameter loc: -3 size: 1] [line: 70]
.   Child: 1  Compound [mem: None loc: 0 size: -5] [line: 71]
.   .   Child: 0  Var: i of type int [mem: Local loc: -4 size: 1] [line: 72]
.   .   Child: 1  Assign: <- of type int [line: 74]
.   .   .   Child: 0  Id: i of type int [mem: Local loc: -4 size: 1] [line: 74]
.   .   .   Child: 1  Const 0 of type int [line: 74]
.   .   Sibling: 1  While [line: 75]
.   .   .   Child: 0  Op: < of type bool [line: 75]
.   .   .   .   Child: 0  Id: i of type int [mem: Local loc: -4 size: 1] [line: 75]
.   .   .   .   Child: 1  Id: size of type int [mem: Parameter loc: -3 size: 1] [line: 75]
.   .   .   Child: 1  Compound [mem: None loc: 0 size: -5] [line: 75]
.   .   .   .   Child: 1  Assign: <- of type int [line: 76]
.   .   .   .   .   Child: 0  Op: [ of type int [line: 76]
.   .   .   .   .   .   Child: 0  Id: f of array of type int [mem: Parameter loc: -2 size: 1] [line: 76]
.   .   .   .   .   .   Child: 1  Id: i of type int [mem: Local loc: -4 size: 1] [line: 76]
.   .   .   .   .   Child: 1  Op: / of type int [line: 76]
.   .   .   .   .   .   Child: 0  Op: [ of type int [line: 76]
.   .   .   .   .   .   .   Child: 0  Id: f of array of type int [mem: Parameter loc: -2 size: 1] [line: 76]
.   .   .   .   .   .   .   Child: 1  Id: i of type int [mem: Local loc: -4 size: 1] [line: 76]
.   .   .   .   .   .   Child: 1  Id: size of type int [mem: Parameter loc: -3 size: 1] [line: 76]
.   .   .   .   Sibling: 1  Assign: ++ of type int [line: 77]
.   .   .   .   .   Child: 0  Id: i of type int [mem: Local loc: -4 size: 1] [line: 77]
Sibling: 5  Func: main returns type int [mem: Global loc: 0 size: -2] [line: 81]
.   Child: 1  Compound [mem: None loc: 0 size: -262] [line: 82]
.   .   Child: 0  Var: f of array of type int [mem: Local loc: -3 size: 257] [line: 83]
.   .   Sibling: 1  Var: size of type int [mem: Local loc: -259 size: 1] [line: 85]
.   .   Sibling: 2  Var: numbits of type int [mem: Local loc: -260 size: 1] [line: 86]
.   .   Sibling: 3  Var: half of type int [mem: Local loc: -261 size: 1] [line: 87]
.   .   Child: 1  While [line: 89]
.   .   .   Child: 0  Const true of type bool [line: 89]
.   .   .   Child: 1  Compound [mem: None loc: 0 size: -262] [line: 89]
.   .   .   .   Child: 1  Assign: <- of type int [line: 90]
.   .   .   .   .   Child: 0  Id: numbits of type int [mem: Local loc: -260 size: 1] [line: 90]
.   .   .   .   .   Child: 1  Call: getFunc of type int [line: 90]
.   .   .   .   .   .   Child: 0  Id: f of array of type int [mem: Local loc: -3 size: 257] [line: 90]
.   .   .   .   Sibling: 1  If [line: 91]
.   .   .   .   .   Child: 0  Op: = of type bool [line: 91]
.   .   .   .   .   .   Child: 0  Id: numbits of type int [mem: Local loc: -260 size: 1] [line: 91]
.   .   .   .   .   .   Child: 1  Const 0 of type int [line: 91]
.   .   .   .   .   Child: 1  Return [line: 91]
.   .   .   .   .   .   Child: 0  Const 0 of type int [line: 91]
.   .   .   .   Sibling: 2  Assign: <- of type int [line: 92]
.   .   .   .   .   Child: 0  Id: size of type int [mem: Local loc: -259 size: 1] [line: 92]
.   .   .   .   .   Child: 1  Call: pow of type int [line: 92]
.   .   .   .   .   .   Child: 0  Const 2 of type int [line: 92]
.   .   .   .   .   .   Sibling: 1  Id: numbits of type int [mem: Local loc: -260 size: 1] [line: 92]
.   .   .   .   Sibling: 3  Assign: <- of type int [line: 93]
.   .   .   .   .   Child: 0  Id: half of type int [mem: Local loc: -261 size: 1] [line: 93]
.   .   .   .   .   Child: 1  Op: / of type int [line: 93]
.   .   .   .   .   .   Child: 0  Id: size of type int [mem: Local loc: -259 size: 1] [line: 93]
.   .   .   .   .   .   Child: 1  Const 2 of type int [line: 93]
.   .   .   .   Sibling: 4  Call: fwt of type void [line: 95]
.   .   .   .   .   Child: 0  Id: f of array of type int [mem: Local loc: -3 size: 257] [line: 95]
.   .   .   .   .   Sibling: 1  Const 0 of type int [line: 95]
.   .   .   .   .   Sibling: 2  Id: size of type int [mem: Local loc: -259 size: 1] [line: 95]
.   .   .   .   Sibling: 5  Call: printFunc of type void [line: 96]
.   .   .   .   .   Child: 0  Id: f of array of type int [mem: Local loc: -3 size: 257] [line: 96]
.   .   .   .   .   Sibling: 1  Id: size of type int [mem: Local loc: -259 size: 1] [line: 96]
.   .   .   .   Sibling: 6  Call: fwt of type void [line: 98]
.   .   .   .   .   Child: 0  Id: f of array of type int [mem: Local loc: -3 size: 257] [line: 98]
.   .   .   .   .   Sibling: 1  Const 0 of type int [line: 98]
.   .   .   .   .   Sibling: 2  Id: size of type int [mem: Local loc: -259 size: 1] [line: 98]
.   .   .   .   Sibling: 7  Call: div of type void [line: 99]
.   .   .   .   .   Child: 0  Id: f of array of type int [mem: Local loc: -3 size: 257] [line: 99]
.   .   .   .   .   Sibling: 1  Id: size of type int [mem: Local loc: -259 size: 1] [line: 99]
.   .   .   .   Sibling: 8  Call: printFunc of type void [line: 100]
.   .   .   .   .   Child: 0  Id: f of array of type int [mem: Local loc: -3 size: 257] [line: 100]
.   .   .   .   .   Sibling: 1  Id: size of type int [mem: Local loc: -259 size: 1] [line: 100]
.   .   Sibling: 1  Return [line: 102]
.   .   .   Child: 0  Const 0 of type int [line: 102]
Offset for end of global space: 0
Number of warnings: 1
Number of errors: 0
