WARNING(12): Variable 'b' may be uninitialized when used here.
Var: a is array of type int [line: 2]
Sibling: 1  Func: main returns type void [line: 4]
.   Child: 1  Compound [line: 5]
.   .   Child: 0  Var: b is array of type int [line: 6]
.   .   Sibling: 1  Var: c is array of type int [line: 7]
.   .   Child: 1  Op: [ of type int [line: 9]
.   .   .   Child: 0  Id: c of type int [line: 9]
.   .   .   Child: 1  Const 22 of type int [line: 9]
.   .   Sibling: 1  Const 999 of type int [line: 10]
.   .   Sibling: 2  Call: output of type void [line: 11]
.   .   .   Child: 0  Op: sizeof of type int [line: 11]
.   .   .   .   Child: 0  Id: a of type int [line: 11]
.   .   Sibling: 3  Call: output of type void [line: 12]
.   .   .   Child: 0  Op: sizeof of type int [line: 12]
.   .   .   .   Child: 0  Id: b of type int [line: 12]
.   .   Sibling: 4  Call: output of type void [line: 13]
.   .   .   Child: 0  Op: sizeof of type int [line: 13]
.   .   .   .   Child: 0  Id: c of type int [line: 13]
Number of warnings: 1
Number of errors: 0
