WARNING(34): Variable 'zx' may be uninitialized when used here.
WARNING(34): Variable 'zy' may be uninitialized when used here.
Var: gx of type bool [line: 2]
Sibling: 1  Var: gy is array of type bool [line: 2]
Sibling: 2  Func: esperanza returns type void [line: 4]
.   Child: 0  Parm: px of type bool [line: 4]
.   Sibling: 1  Parm: py is array of type bool [line: 4]
.   Child: 1  Compound [line: 5]
.   .   Child: 0  Var: x of type bool [line: 6]
.   .   Sibling: 1  Var: y is array of type bool [line: 6]
.   .   Sibling: 2  Var: sx of type bool [line: 7]
.   .   Sibling: 3  Var: sy is array of type bool [line: 7]
.   .   Child: 1  Assign: <- of type bool [line: 9]
.   .   .   Child: 0  Id: gx of type bool [line: 9]
.   .   .   Child: 1  Const true of type bool [line: 9]
.   .   Sibling: 1  Call: outputb of type void [line: 10]
.   .   .   Child: 0  Id: gx of type bool [line: 10]
.   .   Sibling: 2  Assign: <- of type bool [line: 11]
.   .   .   Child: 0  Op: [ of type bool [line: 11]
.   .   .   .   Child: 0  Id: gy of type bool [line: 11]
.   .   .   .   Child: 1  Const 9 of type int [line: 11]
.   .   .   Child: 1  Const true of type bool [line: 11]
.   .   Sibling: 3  Call: outputb of type void [line: 12]
.   .   .   Child: 0  Op: [ of type bool [line: 12]
.   .   .   .   Child: 0  Id: gy of type bool [line: 12]
.   .   .   .   Child: 1  Const 9 of type int [line: 12]
.   .   Sibling: 4  Assign: <- of type bool [line: 13]
.   .   .   Child: 0  Id: x of type bool [line: 13]
.   .   .   Child: 1  Const true of type bool [line: 13]
.   .   Sibling: 5  Call: outputb of type void [line: 14]
.   .   .   Child: 0  Id: x of type bool [line: 14]
.   .   Sibling: 6  Assign: <- of type bool [line: 15]
.   .   .   Child: 0  Op: [ of type bool [line: 15]
.   .   .   .   Child: 0  Id: y of type bool [line: 15]
.   .   .   .   Child: 1  Const 9 of type int [line: 15]
.   .   .   Child: 1  Const true of type bool [line: 15]
.   .   Sibling: 7  Call: outputb of type void [line: 16]
.   .   .   Child: 0  Op: [ of type bool [line: 16]
.   .   .   .   Child: 0  Id: y of type bool [line: 16]
.   .   .   .   Child: 1  Const 9 of type int [line: 16]
.   .   Sibling: 8  Call: outnl of type void [line: 17]
.   .   Sibling: 9  Assign: <- of type bool [line: 19]
.   .   .   Child: 0  Id: px of type bool [line: 19]
.   .   .   Child: 1  Const true of type bool [line: 19]
.   .   Sibling: 10  Call: outputb of type void [line: 20]
.   .   .   Child: 0  Id: px of type bool [line: 20]
.   .   Sibling: 11  Assign: <- of type bool [line: 21]
.   .   .   Child: 0  Op: [ of type bool [line: 21]
.   .   .   .   Child: 0  Id: py of type bool [line: 21]
.   .   .   .   Child: 1  Const 9 of type int [line: 21]
.   .   .   Child: 1  Const true of type bool [line: 21]
.   .   Sibling: 12  Call: outputb of type void [line: 22]
.   .   .   Child: 0  Op: [ of type bool [line: 22]
.   .   .   .   Child: 0  Id: py of type bool [line: 22]
.   .   .   .   Child: 1  Const 9 of type int [line: 22]
.   .   Sibling: 13  Assign: <- of type bool [line: 23]
.   .   .   Child: 0  Id: sx of type bool [line: 23]
.   .   .   Child: 1  Const true of type bool [line: 23]
.   .   Sibling: 14  Call: outputb of type void [line: 24]
.   .   .   Child: 0  Id: sx of type bool [line: 24]
.   .   Sibling: 15  Assign: <- of type bool [line: 25]
.   .   .   Child: 0  Op: [ of type bool [line: 25]
.   .   .   .   Child: 0  Id: sy of type bool [line: 25]
.   .   .   .   Child: 1  Const 9 of type int [line: 25]
.   .   .   Child: 1  Const true of type bool [line: 25]
.   .   Sibling: 16  Call: outputb of type void [line: 26]
.   .   .   Child: 0  Op: [ of type bool [line: 26]
.   .   .   .   Child: 0  Id: sy of type bool [line: 26]
.   .   .   .   Child: 1  Const 9 of type int [line: 26]
.   .   Sibling: 17  Call: outnl of type void [line: 27]
Sibling: 3  Func: main returns type void [line: 31]
.   Child: 1  Compound [line: 32]
.   .   Child: 0  Var: zx of type bool [line: 33]
.   .   Sibling: 1  Var: zy is array of type bool [line: 33]
.   .   Child: 1  Call: esperanza of type void [line: 34]
.   .   .   Child: 0  Id: zx of type bool [line: 34]
.   .   .   Sibling: 1  Id: zy of type bool [line: 34]
Number of warnings: 2
Number of errors: 0
