Func: main returns type void [line: 2]
.   Child: 1  Compound [line: 3]
.   .   Child: 0  Var: x of type int [line: 4]
.   .   Child: 1  If [line: 6]
.   .   .   Child: 0  Op: > of type bool [line: 6]
.   .   .   .   Child: 0  Const 6 of type int [line: 6]
.   .   .   .   Child: 1  Const 3 of type int [line: 6]
.   .   .   Child: 1  Compound [line: 6]
.   .   .   .   Child: 1  Assign: <- of type int [line: 7]
.   .   .   .   .   Child: 0  Id: x of type int [line: 7]
.   .   .   .   .   Child: 1  Const 111 of type int [line: 7]
.   .   .   Child: 2  Compound [line: 9]
.   .   .   .   Child: 1  Assign: <- of type int [line: 10]
.   .   .   .   .   Child: 0  Id: x of type int [line: 10]
.   .   .   .   .   Child: 1  Const 222 of type int [line: 10]
.   .   Sibling: 1  While [line: 13]
.   .   .   Child: 0  Op: > of type bool [line: 13]
.   .   .   .   Child: 0  Const 7 of type int [line: 13]
.   .   .   .   Child: 1  Const 3 of type int [line: 13]
.   .   .   Child: 1  Compound [line: 13]
.   .   .   .   Child: 1  Assign: <- of type int [line: 14]
.   .   .   .   .   Child: 0  Id: x of type int [line: 14]
.   .   .   .   .   Child: 1  Const 333 of type int [line: 14]
.   .   .   .   Sibling: 1  If [line: 15]
.   .   .   .   .   Child: 0  Op: < of type bool [line: 15]
.   .   .   .   .   .   Child: 0  Id: x of type int [line: 15]
.   .   .   .   .   .   Child: 1  Const 9 of type int [line: 15]
.   .   .   .   .   Child: 1  Break [line: 15]
.   .   .   .   Sibling: 2  Assign: <- of type int [line: 16]
.   .   .   .   .   Child: 0  Id: x of type int [line: 16]
.   .   .   .   .   Child: 1  Const 444 of type int [line: 16]
.   .   .   .   Sibling: 3  Break [line: 17]
Number of warnings: 0
Number of errors: 0
