WARNING(6): Variable 'x' may be uninitialized when used here.
WARNING(8): Variable 'y' may be uninitialized when used here.
WARNING(11): Variable 'z' may be uninitialized when used here.
Func: main returns type void [line: 2]
.   Child: 1  Compound [line: 3]
.   .   Child: 0  Var: x of type int [line: 4]
.   .   Sibling: 1  Var: y of type int [line: 4]
.   .   Sibling: 2  Var: z of type int [line: 4]
.   .   Child: 1  If [line: 6]
.   .   .   Child: 0  Op: >= of type bool [line: 6]
.   .   .   .   Child: 0  Id: x of type int [line: 6]
.   .   .   .   Child: 1  Const 0 of type int [line: 6]
.   .   .   Child: 1  If [line: 7]
.   .   .   .   Child: 0  Const true of type bool [line: 7]
.   .   .   .   Child: 1  Id: x of type int [line: 7]
.   .   .   .   Child: 2  Id: y of type int [line: 8]
.   .   Sibling: 1  Const 111 of type int [line: 9]
.   .   Sibling: 2  If [line: 10]
.   .   .   Child: 0  Op: >= of type bool [line: 10]
.   .   .   .   Child: 0  Id: y of type int [line: 10]
.   .   .   .   Child: 1  Const 0 of type int [line: 10]
.   .   .   Child: 1  Id: y of type int [line: 10]
.   .   .   Child: 2  If [line: 11]
.   .   .   .   Child: 0  Const true of type bool [line: 11]
.   .   .   .   Child: 1  Id: z of type int [line: 11]
.   .   Sibling: 3  Const 222 of type int [line: 12]
.   .   Sibling: 4  If [line: 13]
.   .   .   Child: 0  Op: >= of type bool [line: 13]
.   .   .   .   Child: 0  Id: y of type int [line: 13]
.   .   .   .   Child: 1  Const 0 of type int [line: 13]
.   .   .   Child: 1  Id: y of type int [line: 13]
.   .   .   Child: 2  If [line: 14]
.   .   .   .   Child: 0  Const true of type bool [line: 14]
.   .   .   .   Child: 1  Id: z of type int [line: 14]
.   .   .   .   Child: 2  Id: x of type int [line: 15]
.   .   Sibling: 5  Const 333 of type int [line: 16]
.   .   Sibling: 6  If [line: 17]
.   .   .   Child: 0  Op: >= of type bool [line: 17]
.   .   .   .   Child: 0  Id: x of type int [line: 17]
.   .   .   .   Child: 1  Const 0 of type int [line: 17]
.   .   .   Child: 1  If [line: 17]
.   .   .   .   Child: 0  Const true of type bool [line: 17]
.   .   .   .   Child: 1  Id: x of type int [line: 17]
.   .   .   .   Child: 2  Id: y of type int [line: 18]
.   .   .   Child: 2  Id: z of type int [line: 19]
Number of warnings: 3
Number of errors: 0
