WARNING(7): The variable 'j' seems not to be used.
Func: main returns type void [line: 1]
.   Child: 1  Compound [line: 2]
.   .   Child: 0  Var: n of type int [line: 3]
.   .   Child: 1  Assign: <- of type int [line: 5]
.   .   .   Child: 0  Id: n of type int [line: 5]
.   .   .   Child: 1  Const 0 of type int [line: 5]
.   .   Sibling: 1  For [line: 6]
.   .   .   Child: 0  Var: i of type int [line: 6]
.   .   .   Child: 1  Range [line: 6]
.   .   .   .   Child: 0  Const 1 of type int [line: 6]
.   .   .   .   Child: 1  Const 10 of type int [line: 6]
.   .   .   Child: 2  Compound [line: 6]
.   .   .   .   Child: 1  For [line: 7]
.   .   .   .   .   Child: 0  Var: j of type int [line: 7]
.   .   .   .   .   Child: 1  Range [line: 7]
.   .   .   .   .   .   Child: 0  Const 1 of type int [line: 7]
.   .   .   .   .   .   Child: 1  Id: i of type int [line: 7]
.   .   .   .   .   Child: 2  Assign: ++ of type int [line: 7]
.   .   .   .   .   .   Child: 0  Id: n of type int [line: 7]
.   .   .   .   Sibling: 1  Call: output of type void [line: 8]
.   .   .   .   .   Child: 0  Id: i of type int [line: 8]
.   .   .   .   Sibling: 2  Call: output of type void [line: 9]
.   .   .   .   .   Child: 0  Id: n of type int [line: 9]
.   .   .   .   Sibling: 3  Call: outnl of type void [line: 10]
Number of warnings: 1
Number of errors: 0
