Var: x of type int [line: 3]
Sibling: 1  Var: y of type int [line: 4]
Sibling: 2  Var: z of type int [line: 5]
Sibling: 3  Func: agamemnon returns type void [line: 7]
.   Child: 1  Compound [line: 8]
.   .   Child: 0  Var: a of type int [line: 9]
.   .   Sibling: 1  Var: b of type int [line: 10]
.   .   Sibling: 2  Var: x of type int [line: 11]
.   .   Child: 1  Assign: <- of type int [line: 13]
.   .   .   Child: 0  Id: a of type int [line: 13]
.   .   .   Child: 1  Const 666 of type int [line: 13]
.   .   Sibling: 1  Assign: <- of type int [line: 14]
.   .   .   Child: 0  Id: b of type int [line: 14]
.   .   .   Child: 1  Const 666 of type int [line: 14]
.   .   Sibling: 2  Assign: <- of type int [line: 15]
.   .   .   Child: 0  Id: x of type int [line: 15]
.   .   .   Child: 1  Const 666 of type int [line: 15]
.   .   Sibling: 3  Assign: <- of type int [line: 16]
.   .   .   Child: 0  Id: z of type int [line: 16]
.   .   .   Child: 1  Const 666 of type int [line: 16]
.   .   Sibling: 4  Call: output of type void [line: 18]
.   .   .   Child: 0  Id: a of type int [line: 18]
.   .   Sibling: 5  Call: output of type void [line: 19]
.   .   .   Child: 0  Id: b of type int [line: 19]
.   .   Sibling: 6  Call: output of type void [line: 20]
.   .   .   Child: 0  Id: x of type int [line: 20]
.   .   Sibling: 7  Call: output of type void [line: 21]
.   .   .   Child: 0  Id: y of type int [line: 21]
.   .   Sibling: 8  Call: output of type void [line: 22]
.   .   .   Child: 0  Id: z of type int [line: 22]
.   .   Sibling: 9  Call: outnl of type void [line: 23]
.   .   Sibling: 10  Assign: <- of type int [line: 24]
.   .   .   Child: 0  Id: a of type int [line: 24]
.   .   .   Child: 1  Const 1 of type int [line: 24]
.   .   Sibling: 11  Assign: <- of type int [line: 25]
.   .   .   Child: 0  Id: b of type int [line: 25]
.   .   .   Child: 1  Const 2 of type int [line: 25]
.   .   Sibling: 12  Assign: <- of type int [line: 26]
.   .   .   Child: 0  Id: x of type int [line: 26]
.   .   .   Child: 1  Const 3 of type int [line: 26]
.   .   Sibling: 13  Assign: <- of type int [line: 27]
.   .   .   Child: 0  Id: y of type int [line: 27]
.   .   .   Child: 1  Const 4 of type int [line: 27]
.   .   Sibling: 14  Assign: <- of type int [line: 28]
.   .   .   Child: 0  Id: z of type int [line: 28]
.   .   .   Child: 1  Const 5 of type int [line: 28]
Sibling: 4  Func: main returns type void [line: 31]
.   Child: 1  Compound [line: 32]
.   .   Child: 0  Var: a of type int [line: 33]
.   .   Sibling: 1  Var: b of type int [line: 34]
.   .   Sibling: 2  Var: z of type int [line: 35]
.   .   Child: 1  Assign: <- of type int [line: 37]
.   .   .   Child: 0  Id: a of type int [line: 37]
.   .   .   Child: 1  Const 6 of type int [line: 37]
.   .   Sibling: 1  Assign: <- of type int [line: 38]
.   .   .   Child: 0  Id: b of type int [line: 38]
.   .   .   Child: 1  Const 7 of type int [line: 38]
.   .   Sibling: 2  Assign: <- of type int [line: 39]
.   .   .   Child: 0  Id: x of type int [line: 39]
.   .   .   Child: 1  Const 8 of type int [line: 39]
.   .   Sibling: 3  Assign: <- of type int [line: 40]
.   .   .   Child: 0  Id: y of type int [line: 40]
.   .   .   Child: 1  Const 9 of type int [line: 40]
.   .   Sibling: 4  Assign: <- of type int [line: 41]
.   .   .   Child: 0  Id: z of type int [line: 41]
.   .   .   Child: 1  Const 10 of type int [line: 41]
.   .   Sibling: 5  Call: output of type void [line: 43]
.   .   .   Child: 0  Id: a of type int [line: 43]
.   .   Sibling: 6  Call: output of type void [line: 44]
.   .   .   Child: 0  Id: b of type int [line: 44]
.   .   Sibling: 7  Call: output of type void [line: 45]
.   .   .   Child: 0  Id: x of type int [line: 45]
.   .   Sibling: 8  Call: output of type void [line: 46]
.   .   .   Child: 0  Id: y of type int [line: 46]
.   .   Sibling: 9  Call: output of type void [line: 47]
.   .   .   Child: 0  Id: z of type int [line: 47]
.   .   Sibling: 10  Call: outnl of type void [line: 48]
.   .   Sibling: 11  Compound [line: 49]
.   .   .   Child: 0  Var: a of type int [line: 50]
.   .   .   Sibling: 1  Var: b of type int [line: 51]
.   .   .   Sibling: 2  Var: z of type int [line: 52]
.   .   .   Child: 1  Assign: <- of type int [line: 54]
.   .   .   .   Child: 0  Id: a of type int [line: 54]
.   .   .   .   Child: 1  Const 666 of type int [line: 54]
.   .   .   Sibling: 1  Assign: <- of type int [line: 55]
.   .   .   .   Child: 0  Id: b of type int [line: 55]
.   .   .   .   Child: 1  Const 666 of type int [line: 55]
.   .   .   Sibling: 2  Assign: <- of type int [line: 56]
.   .   .   .   Child: 0  Id: z of type int [line: 56]
.   .   .   .   Child: 1  Const 666 of type int [line: 56]
.   .   .   Sibling: 3  Call: output of type void [line: 58]
.   .   .   .   Child: 0  Id: a of type int [line: 58]
.   .   .   Sibling: 4  Call: output of type void [line: 59]
.   .   .   .   Child: 0  Id: b of type int [line: 59]
.   .   .   Sibling: 5  Call: output of type void [line: 60]
.   .   .   .   Child: 0  Id: x of type int [line: 60]
.   .   .   Sibling: 6  Call: output of type void [line: 61]
.   .   .   .   Child: 0  Id: y of type int [line: 61]
.   .   .   Sibling: 7  Call: output of type void [line: 62]
.   .   .   .   Child: 0  Id: z of type int [line: 62]
.   .   .   Sibling: 8  Call: outnl of type void [line: 63]
.   .   .   Sibling: 9  Assign: <- of type int [line: 65]
.   .   .   .   Child: 0  Id: a of type int [line: 65]
.   .   .   .   Child: 1  Const 11 of type int [line: 65]
.   .   .   Sibling: 10  Assign: <- of type int [line: 66]
.   .   .   .   Child: 0  Id: b of type int [line: 66]
.   .   .   .   Child: 1  Const 12 of type int [line: 66]
.   .   .   Sibling: 11  Assign: <- of type int [line: 67]
.   .   .   .   Child: 0  Id: x of type int [line: 67]
.   .   .   .   Child: 1  Const 13 of type int [line: 67]
.   .   .   Sibling: 12  Assign: <- of type int [line: 68]
.   .   .   .   Child: 0  Id: y of type int [line: 68]
.   .   .   .   Child: 1  Const 14 of type int [line: 68]
.   .   .   Sibling: 13  Assign: <- of type int [line: 69]
.   .   .   .   Child: 0  Id: z of type int [line: 69]
.   .   .   .   Child: 1  Const 15 of type int [line: 69]
.   .   .   Sibling: 14  Call: output of type void [line: 70]
.   .   .   .   Child: 0  Id: a of type int [line: 70]
.   .   .   Sibling: 15  Call: output of type void [line: 71]
.   .   .   .   Child: 0  Id: b of type int [line: 71]
.   .   .   Sibling: 16  Call: output of type void [line: 72]
.   .   .   .   Child: 0  Id: x of type int [line: 72]
.   .   .   Sibling: 17  Call: output of type void [line: 73]
.   .   .   .   Child: 0  Id: y of type int [line: 73]
.   .   .   Sibling: 18  Call: output of type void [line: 74]
.   .   .   .   Child: 0  Id: z of type int [line: 74]
.   .   .   Sibling: 19  Call: outnl of type void [line: 75]
.   .   .   Sibling: 20  Compound [line: 76]
.   .   .   .   Child: 1  Call: output of type void [line: 77]
.   .   .   .   .   Child: 0  Id: a of type int [line: 77]
.   .   .   .   Sibling: 1  Call: output of type void [line: 78]
.   .   .   .   .   Child: 0  Id: b of type int [line: 78]
.   .   .   .   Sibling: 2  Call: output of type void [line: 79]
.   .   .   .   .   Child: 0  Id: x of type int [line: 79]
.   .   .   .   Sibling: 3  Call: output of type void [line: 80]
.   .   .   .   .   Child: 0  Id: y of type int [line: 80]
.   .   .   .   Sibling: 4  Call: output of type void [line: 81]
.   .   .   .   .   Child: 0  Id: z of type int [line: 81]
.   .   .   .   Sibling: 5  Call: outnl of type void [line: 82]
.   .   .   .   Sibling: 6  Assign: <- of type int [line: 84]
.   .   .   .   .   Child: 0  Id: a of type int [line: 84]
.   .   .   .   .   Child: 1  Const 16 of type int [line: 84]
.   .   .   .   Sibling: 7  Assign: <- of type int [line: 85]
.   .   .   .   .   Child: 0  Id: b of type int [line: 85]
.   .   .   .   .   Child: 1  Const 17 of type int [line: 85]
.   .   .   .   Sibling: 8  Assign: <- of type int [line: 86]
.   .   .   .   .   Child: 0  Id: x of type int [line: 86]
.   .   .   .   .   Child: 1  Const 18 of type int [line: 86]
.   .   .   .   Sibling: 9  Assign: <- of type int [line: 87]
.   .   .   .   .   Child: 0  Id: y of type int [line: 87]
.   .   .   .   .   Child: 1  Const 19 of type int [line: 87]
.   .   .   .   Sibling: 10  Assign: <- of type int [line: 88]
.   .   .   .   .   Child: 0  Id: z of type int [line: 88]
.   .   .   .   .   Child: 1  Const 20 of type int [line: 88]
.   .   .   .   Sibling: 11  Call: output of type void [line: 89]
.   .   .   .   .   Child: 0  Id: a of type int [line: 89]
.   .   .   .   Sibling: 12  Call: output of type void [line: 90]
.   .   .   .   .   Child: 0  Id: b of type int [line: 90]
.   .   .   .   Sibling: 13  Call: output of type void [line: 91]
.   .   .   .   .   Child: 0  Id: x of type int [line: 91]
.   .   .   .   Sibling: 14  Call: output of type void [line: 92]
.   .   .   .   .   Child: 0  Id: y of type int [line: 92]
.   .   .   .   Sibling: 15  Call: output of type void [line: 93]
.   .   .   .   .   Child: 0  Id: z of type int [line: 93]
.   .   .   .   Sibling: 16  Call: outnl of type void [line: 94]
.   .   .   Sibling: 21  Call: output of type void [line: 97]
.   .   .   .   Child: 0  Id: a of type int [line: 97]
.   .   .   Sibling: 22  Call: output of type void [line: 98]
.   .   .   .   Child: 0  Id: b of type int [line: 98]
.   .   .   Sibling: 23  Call: output of type void [line: 99]
.   .   .   .   Child: 0  Id: x of type int [line: 99]
.   .   .   Sibling: 24  Call: output of type void [line: 100]
.   .   .   .   Child: 0  Id: y of type int [line: 100]
.   .   .   Sibling: 25  Call: output of type void [line: 101]
.   .   .   .   Child: 0  Id: z of type int [line: 101]
.   .   .   Sibling: 26  Call: outnl of type void [line: 102]
.   .   .   Sibling: 27  Call: agamemnon of type void [line: 104]
.   .   .   Sibling: 28  Call: output of type void [line: 106]
.   .   .   .   Child: 0  Id: a of type int [line: 106]
.   .   .   Sibling: 29  Call: output of type void [line: 107]
.   .   .   .   Child: 0  Id: b of type int [line: 107]
.   .   .   Sibling: 30  Call: output of type void [line: 108]
.   .   .   .   Child: 0  Id: x of type int [line: 108]
.   .   .   Sibling: 31  Call: output of type void [line: 109]
.   .   .   .   Child: 0  Id: y of type int [line: 109]
.   .   .   Sibling: 32  Call: output of type void [line: 110]
.   .   .   .   Child: 0  Id: z of type int [line: 110]
.   .   .   Sibling: 33  Call: outnl of type void [line: 111]
Number of warnings: 0
Number of errors: 0
