ERROR(11): Cannot use function 'main' as a variable.
ERROR(11): Cannot index nonarray 'main'.
WARNING(13): Variable 'xa' may be uninitialized when used here.
WARNING(14): Variable 'ca' may be uninitialized when used here.
WARNING(15): Variable 'ba' may be uninitialized when used here.
ERROR(16): '<-' requires operands of the same type but lhs is type int and rhs is type char.
ERROR(17): '<-' requires operands of the same type but lhs is type int and rhs is type bool.
ERROR(18): '<-' requires both operands be arrays or not but lhs is an array and rhs is not an array.
WARNING(20): Variable 'x' may be uninitialized when used here.
ERROR(20): '<-' requires both operands be arrays or not but lhs is an array and rhs is not an array.
WARNING(21): Variable 'c' may be uninitialized when used here.
ERROR(21): '<-' requires both operands be arrays or not but lhs is an array and rhs is not an array.
WARNING(22): Variable 'b' may be uninitialized when used here.
ERROR(22): '<-' requires both operands be arrays or not but lhs is an array and rhs is not an array.
ERROR(23): '<-' requires operands of the same type but lhs is type int and rhs is type char.
ERROR(23): '<-' requires both operands be arrays or not but lhs is an array and rhs is not an array.
ERROR(24): '<-' requires operands of the same type but lhs is type int and rhs is type bool.
ERROR(24): '<-' requires both operands be arrays or not but lhs is an array and rhs is not an array.
ERROR(26): '<-' requires both operands be arrays or not but lhs is not an array and rhs is an array.
ERROR(27): '<-' requires both operands be arrays or not but lhs is not an array and rhs is an array.
ERROR(28): '<-' requires both operands be arrays or not but lhs is not an array and rhs is an array.
ERROR(29): '<-' requires operands of the same type but lhs is type int and rhs is type char.
ERROR(29): '<-' requires both operands be arrays or not but lhs is not an array and rhs is an array.
ERROR(30): '<-' requires operands of the same type but lhs is type int and rhs is type bool.
ERROR(30): '<-' requires both operands be arrays or not but lhs is not an array and rhs is an array.
ERROR(39): '>' requires both operands be arrays or not but lhs is an array and rhs is not an array.
ERROR(40): '>' requires both operands be arrays or not but lhs is not an array and rhs is an array.
ERROR(42): The operation '?' does not work with arrays.
ERROR(45): The operation 'sizeof' only works with arrays.
ERROR(46): Cannot index nonarray 'x'.
ERROR(47): Cannot index nonarray 'x'.
ERROR(47): The operation 'sizeof' only works with arrays.
ERROR(49): The operation 'sizeof' only works with arrays.
WARNING(9): The variable 'y' seems not to be used.
WARNING(9): The variable 'ya' seems not to be used.
Number of warnings: 8
Number of errors: 27
