Var: w of type int [line: 2]
Sibling: 1  Func: dog returns type int [line: 4]
.   Child: 0  Parm: x of type int [line: 4]
.   Child: 1  Compound [line: 4]
.   .   Child: 0  Var: y of type int [line: 5]
.   .   Sibling: 1  Var: z of type int [line: 5]
.   .   Child: 1  Assign: <- of type int [line: 7]
.   .   .   Child: 0  Id: y of type int [line: 7]
.   .   .   Child: 1  Op: + of type int [line: 7]
.   .   .   .   Child: 0  Op: * of type int [line: 7]
.   .   .   .   .   Child: 0  Id: x of type int [line: 7]
.   .   .   .   .   Child: 1  Const 111 of type int [line: 7]
.   .   .   .   Child: 1  Const 222 of type int [line: 7]
.   .   Sibling: 1  Assign: <- of type int [line: 9]
.   .   .   Child: 0  Id: z of type int [line: 9]
.   .   .   Child: 1  Op: + of type int [line: 9]
.   .   .   .   Child: 0  Id: y of type int [line: 9]
.   .   .   .   Child: 1  Op: * of type int [line: 9]
.   .   .   .   .   Child: 0  Const 333 of type int [line: 9]
.   .   .   .   .   Child: 1  Op: + of type int [line: 9]
.   .   .   .   .   .   Child: 0  Const 444 of type int [line: 9]
.   .   .   .   .   .   Child: 1  Const 555 of type int [line: 9]
.   .   Sibling: 2  Assign: <- of type int [line: 11]
.   .   .   Child: 0  Id: w of type int [line: 11]
.   .   .   Child: 1  Op: * of type int [line: 11]
.   .   .   .   Child: 0  Op: + of type int [line: 11]
.   .   .   .   .   Child: 0  Const 111 of type int [line: 11]
.   .   .   .   .   Child: 1  Const 222 of type int [line: 11]
.   .   .   .   Child: 1  Op: + of type int [line: 11]
.   .   .   .   .   Child: 0  Const 333 of type int [line: 11]
.   .   .   .   .   Child: 1  Const 444 of type int [line: 11]
.   .   Sibling: 3  Assign: <- of type int [line: 13]
.   .   .   Child: 0  Id: w of type int [line: 13]
.   .   .   Child: 1  Op: * of type int [line: 13]
.   .   .   .   Child: 0  Call: dog of type int [line: 13]
.   .   .   .   .   Child: 0  Const 3 of type int [line: 13]
.   .   .   .   Child: 1  Call: dog of type int [line: 13]
.   .   .   .   .   Child: 0  Const 3 of type int [line: 13]
.   .   Sibling: 4  Return [line: 15]
.   .   .   Child: 0  Id: z of type int [line: 15]
Sibling: 2  Func: main returns type void [line: 18]
.   Child: 1  Compound [line: 18]
.   .   Child: 1  Call: dog of type int [line: 19]
.   .   .   Child: 0  Const 666 of type int [line: 19]
Number of warnings: 0
Number of errors: 0
