ERROR(5): Symbol 'x' is already declared at line 5.
ERROR(6): Symbol 'x' is already declared at line 5.
ERROR(6): Symbol 'x' is already declared at line 5.
ERROR(7): Symbol 'x' is already declared at line 5.
ERROR(7): Symbol 'x' is already declared at line 5.
ERROR(9): Symbol 'y' is already declared at line 9.
ERROR(12): Symbol 'main' is already declared at line 11.
ERROR(13): Symbol 'main' is already declared at line 11.
WARNING(15): The variable 'g' seems not to be used.
WARNING(11): The variable 'main' seems not to be used.
WARNING(5): The variable 'x' seems not to be used.
WARNING(9): The variable 'y' seems not to be used.
ERROR(18): Symbol 'main' is already declared at line 3.
ERROR(18): Symbol 'a' is already declared at line 18.
ERROR(18): Symbol 'b' is already declared at line 18.
ERROR(18): Symbol 'c' is already declared at line 18.
ERROR(19): Symbol 'a' is already declared at line 18.
ERROR(19): Symbol 'b' is already declared at line 18.
ERROR(19): Symbol 'c' is already declared at line 18.
ERROR(24): Symbol 'a' is already declared at line 23.
ERROR(24): Symbol 'b' is already declared at line 23.
ERROR(24): Symbol 'c' is already declared at line 23.
WARNING(26): The variable 'a' seems not to be used.
WARNING(26): The variable 'b' seems not to be used.
WARNING(26): The variable 'c' seems not to be used.
WARNING(27): The variable 'g' seems not to be used.
WARNING(27): The variable 'main' seems not to be used.
WARNING(23): The variable 'a' seems not to be used.
WARNING(23): The variable 'b' seems not to be used.
WARNING(23): The variable 'c' seems not to be used.
WARNING(22): The variable 'g' seems not to be used.
WARNING(18): The parameter 'a' seems not to be used.
WARNING(18): The parameter 'b' seems not to be used.
WARNING(18): The parameter 'c' seems not to be used.
WARNING(20): The variable 'g' seems not to be used.
ERROR(33): Symbol 'cat' is already declared at line 32.
WARNING(32): The parameter 'cat' seems not to be used.
WARNING(32): The parameter 'g' seems not to be used.
ERROR(36): Symbol 'cat' is already declared at line 32.
ERROR(36): Symbol 'g' is already declared at line 1.
WARNING(32): The function 'cat' seems not to be used.
WARNING(1): The variable 'g' seems not to be used.
Number of warnings: 21
Number of errors: 21
