WARNING(7): Variable 'a' may be uninitialized when used here.
WARNING(3): The function 'dog' seems not to be used.
Var: a of type int [line: 1]
Sibling: 1  Func: dog returns type void [line: 3]
.   Child: 0  Parm: a of type char [line: 3]
.   Child: 1  Compound [line: 3]
.   .   Child: 1  Id: a of type char [line: 4]
.   .   Sibling: 1  Compound [line: 5]
.   .   .   Child: 0  Var: a of type int [line: 6]
.   .   .   Child: 1  Id: a of type int [line: 7]
.   .   Sibling: 2  Id: a of type char [line: 9]
.   .   Sibling: 3  Compound [line: 10]
.   .   .   Child: 0  Var: a of type char [line: 11]
.   .   .   Child: 1  Id: a of type char [line: 12]
.   .   Sibling: 4  Id: a of type char [line: 14]
Sibling: 2  Func: main returns type void [line: 17]
.   Child: 1  Compound [line: 17]
.   .   Child: 1  Id: a of type int [line: 18]
Number of warnings: 2
Number of errors: 0
