Var: gx of type int [line: 2]
Sibling: 1  Var: gy is array of type int [line: 2]
Sibling: 2  Func: fred returns type void [line: 3]
.   Child: 0  Parm: px of type int [line: 3]
.   Sibling: 1  Parm: py is array of type int [line: 3]
.   Child: 1  Compound [line: 4]
.   .   Child: 0  Var: x of type int [line: 5]
.   .   Sibling: 1  Var: y is array of type int [line: 5]
.   .   Sibling: 2  Var: sx of type int [line: 6]
.   .   Sibling: 3  Var: sy is array of type int [line: 6]
.   .   Child: 1  Assign: <- of type int [line: 8]
.   .   .   Child: 0  Id: gx of type int [line: 8]
.   .   .   Child: 1  Const 111 of type int [line: 8]
.   .   Sibling: 1  Assign: <- of type int [line: 9]
.   .   .   Child: 0  Id: gx of type int [line: 9]
.   .   .   Child: 1  Id: gx of type int [line: 9]
.   .   Sibling: 2  Call: output of type void [line: 10]
.   .   .   Child: 0  Id: gx of type int [line: 10]
.   .   Sibling: 3  Assign: <- of type int [line: 11]
.   .   .   Child: 0  Op: [ of type int [line: 11]
.   .   .   .   Child: 0  Id: gy of type int [line: 11]
.   .   .   .   Child: 1  Const 9 of type int [line: 11]
.   .   .   Child: 1  Const 222 of type int [line: 11]
.   .   Sibling: 4  Assign: <- of type int [line: 12]
.   .   .   Child: 0  Op: [ of type int [line: 12]
.   .   .   .   Child: 0  Id: gy of type int [line: 12]
.   .   .   .   Child: 1  Const 9 of type int [line: 12]
.   .   .   Child: 1  Op: [ of type int [line: 12]
.   .   .   .   Child: 0  Id: gy of type int [line: 12]
.   .   .   .   Child: 1  Const 9 of type int [line: 12]
.   .   Sibling: 5  Call: output of type void [line: 13]
.   .   .   Child: 0  Op: [ of type int [line: 13]
.   .   .   .   Child: 0  Id: gy of type int [line: 13]
.   .   .   .   Child: 1  Const 9 of type int [line: 13]
.   .   Sibling: 6  Call: outnl of type void [line: 14]
.   .   Sibling: 7  Assign: <- of type int [line: 16]
.   .   .   Child: 0  Id: x of type int [line: 16]
.   .   .   Child: 1  Const 333 of type int [line: 16]
.   .   Sibling: 8  Assign: <- of type int [line: 17]
.   .   .   Child: 0  Id: x of type int [line: 17]
.   .   .   Child: 1  Id: x of type int [line: 17]
.   .   Sibling: 9  Call: output of type void [line: 18]
.   .   .   Child: 0  Id: x of type int [line: 18]
.   .   Sibling: 10  Assign: <- of type int [line: 19]
.   .   .   Child: 0  Op: [ of type int [line: 19]
.   .   .   .   Child: 0  Id: y of type int [line: 19]
.   .   .   .   Child: 1  Const 9 of type int [line: 19]
.   .   .   Child: 1  Const 444 of type int [line: 19]
.   .   Sibling: 11  Assign: <- of type int [line: 20]
.   .   .   Child: 0  Op: [ of type int [line: 20]
.   .   .   .   Child: 0  Id: y of type int [line: 20]
.   .   .   .   Child: 1  Const 9 of type int [line: 20]
.   .   .   Child: 1  Op: [ of type int [line: 20]
.   .   .   .   Child: 0  Id: y of type int [line: 20]
.   .   .   .   Child: 1  Const 9 of type int [line: 20]
.   .   Sibling: 12  Call: output of type void [line: 21]
.   .   .   Child: 0  Op: [ of type int [line: 21]
.   .   .   .   Child: 0  Id: y of type int [line: 21]
.   .   .   .   Child: 1  Const 9 of type int [line: 21]
.   .   Sibling: 13  Call: outnl of type void [line: 22]
.   .   Sibling: 14  Assign: <- of type int [line: 24]
.   .   .   Child: 0  Id: px of type int [line: 24]
.   .   .   Child: 1  Const 555 of type int [line: 24]
.   .   Sibling: 15  Assign: <- of type int [line: 25]
.   .   .   Child: 0  Id: px of type int [line: 25]
.   .   .   Child: 1  Id: px of type int [line: 25]
.   .   Sibling: 16  Call: output of type void [line: 26]
.   .   .   Child: 0  Id: px of type int [line: 26]
.   .   Sibling: 17  Assign: <- of type int [line: 27]
.   .   .   Child: 0  Op: [ of type int [line: 27]
.   .   .   .   Child: 0  Id: py of type int [line: 27]
.   .   .   .   Child: 1  Const 9 of type int [line: 27]
.   .   .   Child: 1  Const 666 of type int [line: 27]
.   .   Sibling: 18  Assign: <- of type int [line: 28]
.   .   .   Child: 0  Op: [ of type int [line: 28]
.   .   .   .   Child: 0  Id: py of type int [line: 28]
.   .   .   .   Child: 1  Const 9 of type int [line: 28]
.   .   .   Child: 1  Op: [ of type int [line: 28]
.   .   .   .   Child: 0  Id: py of type int [line: 28]
.   .   .   .   Child: 1  Const 9 of type int [line: 28]
.   .   Sibling: 19  Call: output of type void [line: 29]
.   .   .   Child: 0  Op: [ of type int [line: 29]
.   .   .   .   Child: 0  Id: py of type int [line: 29]
.   .   .   .   Child: 1  Const 9 of type int [line: 29]
.   .   Sibling: 20  Call: outnl of type void [line: 30]
.   .   Sibling: 21  Assign: <- of type int [line: 32]
.   .   .   Child: 0  Id: sx of type int [line: 32]
.   .   .   Child: 1  Const 777 of type int [line: 32]
.   .   Sibling: 22  Assign: <- of type int [line: 33]
.   .   .   Child: 0  Id: sx of type int [line: 33]
.   .   .   Child: 1  Id: sx of type int [line: 33]
.   .   Sibling: 23  Call: output of type void [line: 34]
.   .   .   Child: 0  Id: sx of type int [line: 34]
.   .   Sibling: 24  Assign: <- of type int [line: 35]
.   .   .   Child: 0  Op: [ of type int [line: 35]
.   .   .   .   Child: 0  Id: sy of type int [line: 35]
.   .   .   .   Child: 1  Const 9 of type int [line: 35]
.   .   .   Child: 1  Const 888 of type int [line: 35]
.   .   Sibling: 25  Assign: <- of type int [line: 36]
.   .   .   Child: 0  Op: [ of type int [line: 36]
.   .   .   .   Child: 0  Id: sy of type int [line: 36]
.   .   .   .   Child: 1  Const 9 of type int [line: 36]
.   .   .   Child: 1  Op: [ of type int [line: 36]
.   .   .   .   Child: 0  Id: sy of type int [line: 36]
.   .   .   .   Child: 1  Const 9 of type int [line: 36]
.   .   Sibling: 26  Call: output of type void [line: 37]
.   .   .   Child: 0  Op: [ of type int [line: 37]
.   .   .   .   Child: 0  Id: sy of type int [line: 37]
.   .   .   .   Child: 1  Const 9 of type int [line: 37]
.   .   Sibling: 27  Call: outnl of type void [line: 38]
Sibling: 3  Func: main returns type void [line: 41]
.   Child: 1  Compound [line: 41]
.   .   Child: 0  Var: lx of type int [line: 42]
.   .   Sibling: 1  Var: ly is array of type int [line: 42]
.   .   Child: 1  Assign: <- of type int [line: 44]
.   .   .   Child: 0  Id: lx of type int [line: 44]
.   .   .   Child: 1  Assign: <- of type int [line: 44]
.   .   .   .   Child: 0  Op: [ of type int [line: 44]
.   .   .   .   .   Child: 0  Id: ly of type int [line: 44]
.   .   .   .   .   Child: 1  Const 0 of type int [line: 44]
.   .   .   .   Child: 1  Const 111 of type int [line: 44]
.   .   Sibling: 1  Call: fred of type void [line: 45]
.   .   .   Child: 0  Id: gx of type int [line: 45]
.   .   .   Sibling: 1  Id: gy of type int [line: 45]
.   .   Sibling: 2  Call: fred of type void [line: 46]
.   .   .   Child: 0  Id: lx of type int [line: 46]
.   .   .   Sibling: 1  Id: ly of type int [line: 46]
Number of warnings: 0
Number of errors: 0
